<?xml version="1.0" encoding="utf-8"?>
<CoverageSession xmlns:xsd="http://www.w3.org/2001/XMLSchema" xmlns:xsi="http://www.w3.org/2001/XMLSchema-instance" Version="0.0.0.0">
  <Summary numSequencePoints="767" visitedSequencePoints="0" numBranchPoints="0" visitedBranchPoints="0" sequenceCoverage="0.0" branchCoverage="0.0" maxCyclomaticComplexity="0" minCyclomaticComplexity="0" maxCrapScore="0" minCrapScore="0" visitedClasses="0" numClasses="27" visitedMethods="0" numMethods="131" />
  <Modules>
    <Module>
      <Summary numSequencePoints="249" visitedSequencePoints="0" numBranchPoints="0" visitedBranchPoints="0" sequenceCoverage="0.0" branchCoverage="0.0" maxCyclomaticComplexity="0" minCyclomaticComplexity="0" maxCrapScore="0" minCrapScore="0" visitedClasses="0" numClasses="7" visitedMethods="0" numMethods="57" />
      <ModuleTime>0001-01-01T00:00:00</ModuleTime>
      <ModuleName>Chroma</ModuleName>
      <Files>
        <File uid="1" fullPath="/Users/josencv/projects/games/chroma-unity/Assets/Chroma/Code/Core/Infrastructure/StateMachine/Blackboard.cs" />
        <File uid="2" fullPath="/Users/josencv/projects/games/chroma-unity/Assets/Chroma/Code/Core/Infrastructure/StateMachine/BlackboardVariable.cs" />
        <File uid="3" fullPath="/Users/josencv/projects/games/chroma-unity/Assets/Chroma/Code/Core/Infrastructure/StateMachine/EmptyState.cs" />
        <File uid="4" fullPath="/Users/josencv/projects/games/chroma-unity/Assets/Chroma/Code/Core/Infrastructure/StateMachine/State.cs" />
        <File uid="5" fullPath="/Users/josencv/projects/games/chroma-unity/Assets/Chroma/Code/Core/Infrastructure/StateMachine/StateMachine.cs" />
        <File uid="6" fullPath="/Users/josencv/projects/games/chroma-unity/Assets/Chroma/Code/Core/Infrastructure/StateMachine/StateTransition.cs" />
        <File uid="7" fullPath="/Users/josencv/projects/games/chroma-unity/Assets/Chroma/Code/Core/Infrastructure/StateMachine/TransitionCondition.cs" />
      </Files>
      <Classes>
        <Class>
          <Summary numSequencePoints="74" visitedSequencePoints="0" numBranchPoints="0" visitedBranchPoints="0" sequenceCoverage="0.0" branchCoverage="0.0" maxCyclomaticComplexity="0" minCyclomaticComplexity="0" maxCrapScore="0" minCrapScore="0" visitedClasses="0" numClasses="1" visitedMethods="0" numMethods="15" />
          <FullName>Chroma.Core.Infrastructure.StateMachines.Blackboard</FullName>
          <Methods>
            <Method visited="false" cyclomaticComplexity="0" nPathComplexity="0" sequenceCoverage="0.0" branchCoverage="0" crapScore="0" isConstructor="false" isStatic="false" isGetter="true" isSetter="false">
              <Summary numSequencePoints="1" visitedSequencePoints="0" numBranchPoints="0" visitedBranchPoints="0" sequenceCoverage="0.0" branchCoverage="0" maxCyclomaticComplexity="0" minCyclomaticComplexity="0" maxCrapScore="0" minCrapScore="0" visitedClasses="0" numClasses="0" visitedMethods="0" numMethods="1" />
              <MetadataToken>100663300</MetadataToken>
              <Name>System.Collections.Generic.Dictionary[String,BlackboardVariable] Chroma.Core.Infrastructure.StateMachines.Blackboard::get_Variables()</Name>
              <FileRef uid="1" />
              <SequencePoints>
                <SequencePoint vc="0" uspid="1" ordinal="0" offset="0" sl="8" sc="0" el="8" ec="0" bec="0" bev="0" fileid="1" />
              </SequencePoints>
              <BranchPoints />
            </Method>
            <Method visited="false" cyclomaticComplexity="0" nPathComplexity="0" sequenceCoverage="0.0" branchCoverage="0" crapScore="0" isConstructor="false" isStatic="false" isGetter="false" isSetter="false">
              <Summary numSequencePoints="10" visitedSequencePoints="0" numBranchPoints="0" visitedBranchPoints="0" sequenceCoverage="0.0" branchCoverage="0" maxCyclomaticComplexity="0" minCyclomaticComplexity="0" maxCrapScore="0" minCrapScore="0" visitedClasses="0" numClasses="0" visitedMethods="0" numMethods="1" />
              <MetadataToken>100663301</MetadataToken>
              <Name>System.Void Chroma.Core.Infrastructure.StateMachines.Blackboard::CleanTriggers()</Name>
              <FileRef uid="1" />
              <SequencePoints>
                <SequencePoint vc="0" uspid="2" ordinal="0" offset="0" sl="15" sc="0" el="15" ec="0" bec="0" bev="0" fileid="1" />
                <SequencePoint vc="0" uspid="3" ordinal="0" offset="1" sl="16" sc="0" el="16" ec="0" bec="0" bev="0" fileid="1" />
                <SequencePoint vc="0" uspid="4" ordinal="0" offset="2" sl="16" sc="0" el="16" ec="0" bec="0" bev="0" fileid="1" />
                <SequencePoint vc="0" uspid="5" ordinal="0" offset="16" sl="16" sc="0" el="16" ec="0" bec="0" bev="0" fileid="1" />
                <SequencePoint vc="0" uspid="6" ordinal="0" offset="24" sl="17" sc="0" el="17" ec="0" bec="0" bev="0" fileid="1" />
                <SequencePoint vc="0" uspid="7" ordinal="0" offset="25" sl="18" sc="0" el="18" ec="0" bec="0" bev="0" fileid="1" />
                <SequencePoint vc="0" uspid="8" ordinal="0" offset="48" sl="19" sc="0" el="19" ec="0" bec="0" bev="0" fileid="1" />
                <SequencePoint vc="0" uspid="9" ordinal="0" offset="49" sl="16" sc="0" el="16" ec="0" bec="0" bev="0" fileid="1" />
                <SequencePoint vc="0" uspid="10" ordinal="0" offset="75" sl="21" sc="0" el="21" ec="0" bec="0" bev="0" fileid="1" />
                <SequencePoint vc="0" uspid="11" ordinal="0" offset="87" sl="22" sc="0" el="22" ec="0" bec="0" bev="0" fileid="1" />
              </SequencePoints>
              <BranchPoints />
            </Method>
            <Method visited="false" cyclomaticComplexity="0" nPathComplexity="0" sequenceCoverage="0.0" branchCoverage="0" crapScore="0" isConstructor="false" isStatic="false" isGetter="false" isSetter="false">
              <Summary numSequencePoints="5" visitedSequencePoints="0" numBranchPoints="0" visitedBranchPoints="0" sequenceCoverage="0.0" branchCoverage="0" maxCyclomaticComplexity="0" minCyclomaticComplexity="0" maxCrapScore="0" minCrapScore="0" visitedClasses="0" numClasses="0" visitedMethods="0" numMethods="1" />
              <MetadataToken>100663302</MetadataToken>
              <Name>System.Void Chroma.Core.Infrastructure.StateMachines.Blackboard::RegisterBool(System.String, System.Boolean)</Name>
              <FileRef uid="1" />
              <SequencePoints>
                <SequencePoint vc="0" uspid="12" ordinal="0" offset="0" sl="25" sc="0" el="25" ec="0" bec="0" bev="0" fileid="1" />
                <SequencePoint vc="0" uspid="13" ordinal="0" offset="1" sl="26" sc="0" el="26" ec="0" bec="0" bev="0" fileid="1" />
                <SequencePoint vc="0" uspid="14" ordinal="0" offset="9" sl="27" sc="0" el="27" ec="0" bec="0" bev="0" fileid="1" />
                <SequencePoint vc="0" uspid="15" ordinal="0" offset="25" sl="28" sc="0" el="28" ec="0" bec="0" bev="0" fileid="1" />
                <SequencePoint vc="0" uspid="16" ordinal="0" offset="45" sl="29" sc="0" el="29" ec="0" bec="0" bev="0" fileid="1" />
              </SequencePoints>
              <BranchPoints />
            </Method>
            <Method visited="false" cyclomaticComplexity="0" nPathComplexity="0" sequenceCoverage="0.0" branchCoverage="0" crapScore="0" isConstructor="false" isStatic="false" isGetter="false" isSetter="false">
              <Summary numSequencePoints="4" visitedSequencePoints="0" numBranchPoints="0" visitedBranchPoints="0" sequenceCoverage="0.0" branchCoverage="0" maxCyclomaticComplexity="0" minCyclomaticComplexity="0" maxCrapScore="0" minCrapScore="0" visitedClasses="0" numClasses="0" visitedMethods="0" numMethods="1" />
              <MetadataToken>100663303</MetadataToken>
              <Name>System.Void Chroma.Core.Infrastructure.StateMachines.Blackboard::RegisterFloat(System.String, System.Single)</Name>
              <FileRef uid="1" />
              <SequencePoints>
                <SequencePoint vc="0" uspid="17" ordinal="0" offset="0" sl="32" sc="0" el="32" ec="0" bec="0" bev="0" fileid="1" />
                <SequencePoint vc="0" uspid="18" ordinal="0" offset="1" sl="33" sc="0" el="33" ec="0" bec="0" bev="0" fileid="1" />
                <SequencePoint vc="0" uspid="19" ordinal="0" offset="9" sl="34" sc="0" el="34" ec="0" bec="0" bev="0" fileid="1" />
                <SequencePoint vc="0" uspid="20" ordinal="0" offset="29" sl="35" sc="0" el="35" ec="0" bec="0" bev="0" fileid="1" />
              </SequencePoints>
              <BranchPoints />
            </Method>
            <Method visited="false" cyclomaticComplexity="0" nPathComplexity="0" sequenceCoverage="0.0" branchCoverage="0" crapScore="0" isConstructor="false" isStatic="false" isGetter="false" isSetter="false">
              <Summary numSequencePoints="4" visitedSequencePoints="0" numBranchPoints="0" visitedBranchPoints="0" sequenceCoverage="0.0" branchCoverage="0" maxCyclomaticComplexity="0" minCyclomaticComplexity="0" maxCrapScore="0" minCrapScore="0" visitedClasses="0" numClasses="0" visitedMethods="0" numMethods="1" />
              <MetadataToken>100663304</MetadataToken>
              <Name>System.Void Chroma.Core.Infrastructure.StateMachines.Blackboard::RegisterInt(System.String, System.Int32)</Name>
              <FileRef uid="1" />
              <SequencePoints>
                <SequencePoint vc="0" uspid="21" ordinal="0" offset="0" sl="38" sc="0" el="38" ec="0" bec="0" bev="0" fileid="1" />
                <SequencePoint vc="0" uspid="22" ordinal="0" offset="1" sl="39" sc="0" el="39" ec="0" bec="0" bev="0" fileid="1" />
                <SequencePoint vc="0" uspid="23" ordinal="0" offset="9" sl="40" sc="0" el="40" ec="0" bec="0" bev="0" fileid="1" />
                <SequencePoint vc="0" uspid="24" ordinal="0" offset="30" sl="41" sc="0" el="41" ec="0" bec="0" bev="0" fileid="1" />
              </SequencePoints>
              <BranchPoints />
            </Method>
            <Method visited="false" cyclomaticComplexity="0" nPathComplexity="0" sequenceCoverage="0.0" branchCoverage="0" crapScore="0" isConstructor="false" isStatic="false" isGetter="false" isSetter="false">
              <Summary numSequencePoints="4" visitedSequencePoints="0" numBranchPoints="0" visitedBranchPoints="0" sequenceCoverage="0.0" branchCoverage="0" maxCyclomaticComplexity="0" minCyclomaticComplexity="0" maxCrapScore="0" minCrapScore="0" visitedClasses="0" numClasses="0" visitedMethods="0" numMethods="1" />
              <MetadataToken>100663305</MetadataToken>
              <Name>System.Void Chroma.Core.Infrastructure.StateMachines.Blackboard::RegisterTrigger(System.String)</Name>
              <FileRef uid="1" />
              <SequencePoints>
                <SequencePoint vc="0" uspid="25" ordinal="0" offset="0" sl="44" sc="0" el="44" ec="0" bec="0" bev="0" fileid="1" />
                <SequencePoint vc="0" uspid="26" ordinal="0" offset="1" sl="45" sc="0" el="45" ec="0" bec="0" bev="0" fileid="1" />
                <SequencePoint vc="0" uspid="27" ordinal="0" offset="9" sl="46" sc="0" el="46" ec="0" bec="0" bev="0" fileid="1" />
                <SequencePoint vc="0" uspid="28" ordinal="0" offset="33" sl="47" sc="0" el="47" ec="0" bec="0" bev="0" fileid="1" />
              </SequencePoints>
              <BranchPoints />
            </Method>
            <Method visited="false" cyclomaticComplexity="0" nPathComplexity="0" sequenceCoverage="0.0" branchCoverage="0" crapScore="0" isConstructor="false" isStatic="false" isGetter="false" isSetter="false">
              <Summary numSequencePoints="6" visitedSequencePoints="0" numBranchPoints="0" visitedBranchPoints="0" sequenceCoverage="0.0" branchCoverage="0" maxCyclomaticComplexity="0" minCyclomaticComplexity="0" maxCrapScore="0" minCrapScore="0" visitedClasses="0" numClasses="0" visitedMethods="0" numMethods="1" />
              <MetadataToken>100663306</MetadataToken>
              <Name>System.Void Chroma.Core.Infrastructure.StateMachines.Blackboard::UpdateBool(System.String, System.Boolean)</Name>
              <FileRef uid="1" />
              <SequencePoints>
                <SequencePoint vc="0" uspid="29" ordinal="0" offset="0" sl="50" sc="0" el="50" ec="0" bec="0" bev="0" fileid="1" />
                <SequencePoint vc="0" uspid="30" ordinal="0" offset="1" sl="51" sc="0" el="51" ec="0" bec="0" bev="0" fileid="1" />
                <SequencePoint vc="0" uspid="31" ordinal="0" offset="9" sl="52" sc="0" el="52" ec="0" bec="0" bev="0" fileid="1" />
                <SequencePoint vc="0" uspid="32" ordinal="0" offset="18" sl="53" sc="0" el="53" ec="0" bec="0" bev="0" fileid="1" />
                <SequencePoint vc="0" uspid="33" ordinal="0" offset="34" sl="54" sc="0" el="54" ec="0" bec="0" bev="0" fileid="1" />
                <SequencePoint vc="0" uspid="34" ordinal="0" offset="53" sl="55" sc="0" el="55" ec="0" bec="0" bev="0" fileid="1" />
              </SequencePoints>
              <BranchPoints />
            </Method>
            <Method visited="false" cyclomaticComplexity="0" nPathComplexity="0" sequenceCoverage="0.0" branchCoverage="0" crapScore="0" isConstructor="false" isStatic="false" isGetter="false" isSetter="false">
              <Summary numSequencePoints="5" visitedSequencePoints="0" numBranchPoints="0" visitedBranchPoints="0" sequenceCoverage="0.0" branchCoverage="0" maxCyclomaticComplexity="0" minCyclomaticComplexity="0" maxCrapScore="0" minCrapScore="0" visitedClasses="0" numClasses="0" visitedMethods="0" numMethods="1" />
              <MetadataToken>100663307</MetadataToken>
              <Name>System.Void Chroma.Core.Infrastructure.StateMachines.Blackboard::UpdateFloat(System.String, System.Single)</Name>
              <FileRef uid="1" />
              <SequencePoints>
                <SequencePoint vc="0" uspid="35" ordinal="0" offset="0" sl="58" sc="0" el="58" ec="0" bec="0" bev="0" fileid="1" />
                <SequencePoint vc="0" uspid="36" ordinal="0" offset="1" sl="59" sc="0" el="59" ec="0" bec="0" bev="0" fileid="1" />
                <SequencePoint vc="0" uspid="37" ordinal="0" offset="9" sl="60" sc="0" el="60" ec="0" bec="0" bev="0" fileid="1" />
                <SequencePoint vc="0" uspid="38" ordinal="0" offset="18" sl="61" sc="0" el="61" ec="0" bec="0" bev="0" fileid="1" />
                <SequencePoint vc="0" uspid="39" ordinal="0" offset="37" sl="62" sc="0" el="62" ec="0" bec="0" bev="0" fileid="1" />
              </SequencePoints>
              <BranchPoints />
            </Method>
            <Method visited="false" cyclomaticComplexity="0" nPathComplexity="0" sequenceCoverage="0.0" branchCoverage="0" crapScore="0" isConstructor="false" isStatic="false" isGetter="false" isSetter="false">
              <Summary numSequencePoints="5" visitedSequencePoints="0" numBranchPoints="0" visitedBranchPoints="0" sequenceCoverage="0.0" branchCoverage="0" maxCyclomaticComplexity="0" minCyclomaticComplexity="0" maxCrapScore="0" minCrapScore="0" visitedClasses="0" numClasses="0" visitedMethods="0" numMethods="1" />
              <MetadataToken>100663308</MetadataToken>
              <Name>System.Void Chroma.Core.Infrastructure.StateMachines.Blackboard::UpdateInt(System.String, System.Int32)</Name>
              <FileRef uid="1" />
              <SequencePoints>
                <SequencePoint vc="0" uspid="40" ordinal="0" offset="0" sl="65" sc="0" el="65" ec="0" bec="0" bev="0" fileid="1" />
                <SequencePoint vc="0" uspid="41" ordinal="0" offset="1" sl="66" sc="0" el="66" ec="0" bec="0" bev="0" fileid="1" />
                <SequencePoint vc="0" uspid="42" ordinal="0" offset="9" sl="67" sc="0" el="67" ec="0" bec="0" bev="0" fileid="1" />
                <SequencePoint vc="0" uspid="43" ordinal="0" offset="18" sl="68" sc="0" el="68" ec="0" bec="0" bev="0" fileid="1" />
                <SequencePoint vc="0" uspid="44" ordinal="0" offset="38" sl="69" sc="0" el="69" ec="0" bec="0" bev="0" fileid="1" />
              </SequencePoints>
              <BranchPoints />
            </Method>
            <Method visited="false" cyclomaticComplexity="0" nPathComplexity="0" sequenceCoverage="0.0" branchCoverage="0" crapScore="0" isConstructor="false" isStatic="false" isGetter="false" isSetter="false">
              <Summary numSequencePoints="9" visitedSequencePoints="0" numBranchPoints="0" visitedBranchPoints="0" sequenceCoverage="0.0" branchCoverage="0" maxCyclomaticComplexity="0" minCyclomaticComplexity="0" maxCrapScore="0" minCrapScore="0" visitedClasses="0" numClasses="0" visitedMethods="0" numMethods="1" />
              <MetadataToken>100663309</MetadataToken>
              <Name>System.Void Chroma.Core.Infrastructure.StateMachines.Blackboard::ActivateTrigger(System.String)</Name>
              <FileRef uid="1" />
              <SequencePoints>
                <SequencePoint vc="0" uspid="45" ordinal="0" offset="0" sl="72" sc="0" el="72" ec="0" bec="0" bev="0" fileid="1" />
                <SequencePoint vc="0" uspid="46" ordinal="0" offset="1" sl="73" sc="0" el="73" ec="0" bec="0" bev="0" fileid="1" />
                <SequencePoint vc="0" uspid="47" ordinal="0" offset="9" sl="74" sc="0" el="74" ec="0" bec="0" bev="0" fileid="1" />
                <SequencePoint vc="0" uspid="48" ordinal="0" offset="18" sl="75" sc="0" el="75" ec="0" bec="0" bev="0" fileid="1" />
                <SequencePoint vc="0" uspid="49" ordinal="0" offset="37" sl="76" sc="0" el="76" ec="0" bec="0" bev="0" fileid="1" />
                <SequencePoint vc="0" uspid="50" ordinal="0" offset="38" sl="77" sc="0" el="77" ec="0" bec="0" bev="0" fileid="1" />
                <SequencePoint vc="0" uspid="51" ordinal="0" offset="51" sl="78" sc="0" el="78" ec="0" bec="0" bev="0" fileid="1" />
                <SequencePoint vc="0" uspid="52" ordinal="0" offset="52" sl="79" sc="0" el="79" ec="0" bec="0" bev="0" fileid="1" />
                <SequencePoint vc="0" uspid="53" ordinal="0" offset="75" sl="80" sc="0" el="80" ec="0" bec="0" bev="0" fileid="1" />
              </SequencePoints>
              <BranchPoints />
            </Method>
            <Method visited="false" cyclomaticComplexity="0" nPathComplexity="0" sequenceCoverage="0.0" branchCoverage="0" crapScore="0" isConstructor="false" isStatic="false" isGetter="false" isSetter="false">
              <Summary numSequencePoints="4" visitedSequencePoints="0" numBranchPoints="0" visitedBranchPoints="0" sequenceCoverage="0.0" branchCoverage="0" maxCyclomaticComplexity="0" minCyclomaticComplexity="0" maxCrapScore="0" minCrapScore="0" visitedClasses="0" numClasses="0" visitedMethods="0" numMethods="1" />
              <MetadataToken>100663310</MetadataToken>
              <Name>Chroma.Core.Infrastructure.StateMachines.BlackboardVariable Chroma.Core.Infrastructure.StateMachines.Blackboard::GetVariable(System.String)</Name>
              <FileRef uid="1" />
              <SequencePoints>
                <SequencePoint vc="0" uspid="54" ordinal="0" offset="0" sl="83" sc="0" el="83" ec="0" bec="0" bev="0" fileid="1" />
                <SequencePoint vc="0" uspid="55" ordinal="0" offset="1" sl="84" sc="0" el="84" ec="0" bec="0" bev="0" fileid="1" />
                <SequencePoint vc="0" uspid="56" ordinal="0" offset="9" sl="85" sc="0" el="85" ec="0" bec="0" bev="0" fileid="1" />
                <SequencePoint vc="0" uspid="57" ordinal="0" offset="24" sl="86" sc="0" el="86" ec="0" bec="0" bev="0" fileid="1" />
              </SequencePoints>
              <BranchPoints />
            </Method>
            <Method visited="false" cyclomaticComplexity="0" nPathComplexity="0" sequenceCoverage="0.0" branchCoverage="0" crapScore="0" isConstructor="false" isStatic="false" isGetter="false" isSetter="false">
              <Summary numSequencePoints="5" visitedSequencePoints="0" numBranchPoints="0" visitedBranchPoints="0" sequenceCoverage="0.0" branchCoverage="0" maxCyclomaticComplexity="0" minCyclomaticComplexity="0" maxCrapScore="0" minCrapScore="0" visitedClasses="0" numClasses="0" visitedMethods="0" numMethods="1" />
              <MetadataToken>100663311</MetadataToken>
              <Name>System.Void Chroma.Core.Infrastructure.StateMachines.Blackboard::ThrowIfVariableAlreadyExists(System.String)</Name>
              <FileRef uid="1" />
              <SequencePoints>
                <SequencePoint vc="0" uspid="58" ordinal="0" offset="0" sl="89" sc="0" el="89" ec="0" bec="0" bev="0" fileid="1" />
                <SequencePoint vc="0" uspid="59" ordinal="0" offset="1" sl="90" sc="0" el="90" ec="0" bec="0" bev="0" fileid="1" />
                <SequencePoint vc="0" uspid="60" ordinal="0" offset="17" sl="91" sc="0" el="91" ec="0" bec="0" bev="0" fileid="1" />
                <SequencePoint vc="0" uspid="61" ordinal="0" offset="18" sl="93" sc="0" el="93" ec="0" bec="0" bev="0" fileid="1" />
                <SequencePoint vc="0" uspid="62" ordinal="0" offset="40" sl="95" sc="0" el="95" ec="0" bec="0" bev="0" fileid="1" />
              </SequencePoints>
              <BranchPoints />
            </Method>
            <Method visited="false" cyclomaticComplexity="0" nPathComplexity="0" sequenceCoverage="0.0" branchCoverage="0" crapScore="0" isConstructor="false" isStatic="false" isGetter="false" isSetter="false">
              <Summary numSequencePoints="5" visitedSequencePoints="0" numBranchPoints="0" visitedBranchPoints="0" sequenceCoverage="0.0" branchCoverage="0" maxCyclomaticComplexity="0" minCyclomaticComplexity="0" maxCrapScore="0" minCrapScore="0" visitedClasses="0" numClasses="0" visitedMethods="0" numMethods="1" />
              <MetadataToken>100663312</MetadataToken>
              <Name>System.Void Chroma.Core.Infrastructure.StateMachines.Blackboard::ThrowIfVariableDoesNotExist(System.String)</Name>
              <FileRef uid="1" />
              <SequencePoints>
                <SequencePoint vc="0" uspid="63" ordinal="0" offset="0" sl="98" sc="0" el="98" ec="0" bec="0" bev="0" fileid="1" />
                <SequencePoint vc="0" uspid="64" ordinal="0" offset="1" sl="99" sc="0" el="99" ec="0" bec="0" bev="0" fileid="1" />
                <SequencePoint vc="0" uspid="65" ordinal="0" offset="20" sl="100" sc="0" el="100" ec="0" bec="0" bev="0" fileid="1" />
                <SequencePoint vc="0" uspid="66" ordinal="0" offset="21" sl="102" sc="0" el="102" ec="0" bec="0" bev="0" fileid="1" />
                <SequencePoint vc="0" uspid="67" ordinal="0" offset="43" sl="104" sc="0" el="104" ec="0" bec="0" bev="0" fileid="1" />
              </SequencePoints>
              <BranchPoints />
            </Method>
            <Method visited="false" cyclomaticComplexity="0" nPathComplexity="0" sequenceCoverage="0.0" branchCoverage="0" crapScore="0" isConstructor="false" isStatic="false" isGetter="false" isSetter="false">
              <Summary numSequencePoints="5" visitedSequencePoints="0" numBranchPoints="0" visitedBranchPoints="0" sequenceCoverage="0.0" branchCoverage="0" maxCyclomaticComplexity="0" minCyclomaticComplexity="0" maxCrapScore="0" minCrapScore="0" visitedClasses="0" numClasses="0" visitedMethods="0" numMethods="1" />
              <MetadataToken>100663313</MetadataToken>
              <Name>System.Void Chroma.Core.Infrastructure.StateMachines.Blackboard::ThrowIfVariableHasIncorrectType(System.String, Chroma.Core.Infrastructure.StateMachines.BlackboardVariableType)</Name>
              <FileRef uid="1" />
              <SequencePoints>
                <SequencePoint vc="0" uspid="68" ordinal="0" offset="0" sl="107" sc="0" el="107" ec="0" bec="0" bev="0" fileid="1" />
                <SequencePoint vc="0" uspid="69" ordinal="0" offset="1" sl="108" sc="0" el="108" ec="0" bec="0" bev="0" fileid="1" />
                <SequencePoint vc="0" uspid="70" ordinal="0" offset="28" sl="109" sc="0" el="109" ec="0" bec="0" bev="0" fileid="1" />
                <SequencePoint vc="0" uspid="71" ordinal="0" offset="29" sl="111" sc="0" el="111" ec="0" bec="0" bev="0" fileid="1" />
                <SequencePoint vc="0" uspid="72" ordinal="0" offset="74" sl="113" sc="0" el="113" ec="0" bec="0" bev="0" fileid="1" />
              </SequencePoints>
              <BranchPoints />
            </Method>
            <Method visited="false" cyclomaticComplexity="0" nPathComplexity="0" sequenceCoverage="0.0" branchCoverage="0" crapScore="0" isConstructor="true" isStatic="false" isGetter="false" isSetter="false">
              <Summary numSequencePoints="2" visitedSequencePoints="0" numBranchPoints="0" visitedBranchPoints="0" sequenceCoverage="0.0" branchCoverage="0" maxCyclomaticComplexity="0" minCyclomaticComplexity="0" maxCrapScore="0" minCrapScore="0" visitedClasses="0" numClasses="0" visitedMethods="0" numMethods="1" />
              <MetadataToken>100663314</MetadataToken>
              <Name>Chroma.Core.Infrastructure.StateMachines.Blackboard::Blackboard()</Name>
              <FileRef uid="1" />
              <SequencePoints>
                <SequencePoint vc="0" uspid="73" ordinal="0" offset="0" sl="8" sc="0" el="8" ec="0" bec="0" bev="0" fileid="1" />
                <SequencePoint vc="0" uspid="74" ordinal="0" offset="11" sl="9" sc="0" el="9" ec="0" bec="0" bev="0" fileid="1" />
              </SequencePoints>
              <BranchPoints />
            </Method>
          </Methods>
        </Class>
        <Class>
          <Summary numSequencePoints="9" visitedSequencePoints="0" numBranchPoints="0" visitedBranchPoints="0" sequenceCoverage="0.0" branchCoverage="0.0" maxCyclomaticComplexity="0" minCyclomaticComplexity="0" maxCrapScore="0" minCrapScore="0" visitedClasses="0" numClasses="1" visitedMethods="0" numMethods="5" />
          <FullName>Chroma.Core.Infrastructure.StateMachines.BlackboardVariable</FullName>
          <Methods>
            <Method visited="false" cyclomaticComplexity="0" nPathComplexity="0" sequenceCoverage="0.0" branchCoverage="0" crapScore="0" isConstructor="false" isStatic="false" isGetter="true" isSetter="false">
              <Summary numSequencePoints="1" visitedSequencePoints="0" numBranchPoints="0" visitedBranchPoints="0" sequenceCoverage="0.0" branchCoverage="0" maxCyclomaticComplexity="0" minCyclomaticComplexity="0" maxCrapScore="0" minCrapScore="0" visitedClasses="0" numClasses="0" visitedMethods="0" numMethods="1" />
              <MetadataToken>100663315</MetadataToken>
              <Name>Chroma.Core.Infrastructure.StateMachines.BlackboardVariableType Chroma.Core.Infrastructure.StateMachines.BlackboardVariable::get_Type()</Name>
              <FileRef uid="2" />
              <SequencePoints>
                <SequencePoint vc="0" uspid="75" ordinal="0" offset="0" sl="5" sc="0" el="5" ec="0" bec="0" bev="0" fileid="2" />
              </SequencePoints>
              <BranchPoints />
            </Method>
            <Method visited="false" cyclomaticComplexity="0" nPathComplexity="0" sequenceCoverage="0.0" branchCoverage="0" crapScore="0" isConstructor="false" isStatic="false" isGetter="false" isSetter="true">
              <Summary numSequencePoints="1" visitedSequencePoints="0" numBranchPoints="0" visitedBranchPoints="0" sequenceCoverage="0.0" branchCoverage="0" maxCyclomaticComplexity="0" minCyclomaticComplexity="0" maxCrapScore="0" minCrapScore="0" visitedClasses="0" numClasses="0" visitedMethods="0" numMethods="1" />
              <MetadataToken>100663316</MetadataToken>
              <Name>System.Void Chroma.Core.Infrastructure.StateMachines.BlackboardVariable::set_Type(Chroma.Core.Infrastructure.StateMachines.BlackboardVariableType)</Name>
              <FileRef uid="2" />
              <SequencePoints>
                <SequencePoint vc="0" uspid="76" ordinal="0" offset="0" sl="5" sc="0" el="5" ec="0" bec="0" bev="0" fileid="2" />
              </SequencePoints>
              <BranchPoints />
            </Method>
            <Method visited="false" cyclomaticComplexity="0" nPathComplexity="0" sequenceCoverage="0.0" branchCoverage="0" crapScore="0" isConstructor="false" isStatic="false" isGetter="true" isSetter="false">
              <Summary numSequencePoints="1" visitedSequencePoints="0" numBranchPoints="0" visitedBranchPoints="0" sequenceCoverage="0.0" branchCoverage="0" maxCyclomaticComplexity="0" minCyclomaticComplexity="0" maxCrapScore="0" minCrapScore="0" visitedClasses="0" numClasses="0" visitedMethods="0" numMethods="1" />
              <MetadataToken>100663317</MetadataToken>
              <Name>System.Single Chroma.Core.Infrastructure.StateMachines.BlackboardVariable::get_Value()</Name>
              <FileRef uid="2" />
              <SequencePoints>
                <SequencePoint vc="0" uspid="77" ordinal="0" offset="0" sl="6" sc="0" el="6" ec="0" bec="0" bev="0" fileid="2" />
              </SequencePoints>
              <BranchPoints />
            </Method>
            <Method visited="false" cyclomaticComplexity="0" nPathComplexity="0" sequenceCoverage="0.0" branchCoverage="0" crapScore="0" isConstructor="false" isStatic="false" isGetter="false" isSetter="true">
              <Summary numSequencePoints="1" visitedSequencePoints="0" numBranchPoints="0" visitedBranchPoints="0" sequenceCoverage="0.0" branchCoverage="0" maxCyclomaticComplexity="0" minCyclomaticComplexity="0" maxCrapScore="0" minCrapScore="0" visitedClasses="0" numClasses="0" visitedMethods="0" numMethods="1" />
              <MetadataToken>100663318</MetadataToken>
              <Name>System.Void Chroma.Core.Infrastructure.StateMachines.BlackboardVariable::set_Value(System.Single)</Name>
              <FileRef uid="2" />
              <SequencePoints>
                <SequencePoint vc="0" uspid="78" ordinal="0" offset="0" sl="6" sc="0" el="6" ec="0" bec="0" bev="0" fileid="2" />
              </SequencePoints>
              <BranchPoints />
            </Method>
            <Method visited="false" cyclomaticComplexity="0" nPathComplexity="0" sequenceCoverage="0.0" branchCoverage="0" crapScore="0" isConstructor="true" isStatic="false" isGetter="false" isSetter="false">
              <Summary numSequencePoints="5" visitedSequencePoints="0" numBranchPoints="0" visitedBranchPoints="0" sequenceCoverage="0.0" branchCoverage="0" maxCyclomaticComplexity="0" minCyclomaticComplexity="0" maxCrapScore="0" minCrapScore="0" visitedClasses="0" numClasses="0" visitedMethods="0" numMethods="1" />
              <MetadataToken>100663319</MetadataToken>
              <Name>Chroma.Core.Infrastructure.StateMachines.BlackboardVariable::BlackboardVariable(Chroma.Core.Infrastructure.StateMachines.BlackboardVariableType, System.Single)</Name>
              <FileRef uid="2" />
              <SequencePoints>
                <SequencePoint vc="0" uspid="79" ordinal="0" offset="0" sl="8" sc="0" el="8" ec="0" bec="0" bev="0" fileid="2" />
                <SequencePoint vc="0" uspid="80" ordinal="0" offset="7" sl="9" sc="0" el="9" ec="0" bec="0" bev="0" fileid="2" />
                <SequencePoint vc="0" uspid="81" ordinal="0" offset="8" sl="10" sc="0" el="10" ec="0" bec="0" bev="0" fileid="2" />
                <SequencePoint vc="0" uspid="82" ordinal="0" offset="16" sl="11" sc="0" el="11" ec="0" bec="0" bev="0" fileid="2" />
                <SequencePoint vc="0" uspid="83" ordinal="0" offset="24" sl="12" sc="0" el="12" ec="0" bec="0" bev="0" fileid="2" />
              </SequencePoints>
              <BranchPoints />
            </Method>
          </Methods>
        </Class>
        <Class>
          <Summary numSequencePoints="9" visitedSequencePoints="0" numBranchPoints="0" visitedBranchPoints="0" sequenceCoverage="0.0" branchCoverage="0.0" maxCyclomaticComplexity="0" minCyclomaticComplexity="0" maxCrapScore="0" minCrapScore="0" visitedClasses="0" numClasses="1" visitedMethods="0" numMethods="4" />
          <FullName>Chroma.Core.Infrastructure.StateMachines.EmptyState</FullName>
          <Methods>
            <Method visited="false" cyclomaticComplexity="0" nPathComplexity="0" sequenceCoverage="0.0" branchCoverage="0" crapScore="0" isConstructor="false" isStatic="false" isGetter="false" isSetter="false">
              <Summary numSequencePoints="2" visitedSequencePoints="0" numBranchPoints="0" visitedBranchPoints="0" sequenceCoverage="0.0" branchCoverage="0" maxCyclomaticComplexity="0" minCyclomaticComplexity="0" maxCrapScore="0" minCrapScore="0" visitedClasses="0" numClasses="0" visitedMethods="0" numMethods="1" />
              <MetadataToken>100663321</MetadataToken>
              <Name>System.Void Chroma.Core.Infrastructure.StateMachines.EmptyState::OnEnter()</Name>
              <FileRef uid="3" />
              <SequencePoints>
                <SequencePoint vc="0" uspid="84" ordinal="0" offset="0" sl="11" sc="0" el="11" ec="0" bec="0" bev="0" fileid="3" />
                <SequencePoint vc="0" uspid="85" ordinal="0" offset="1" sl="13" sc="0" el="13" ec="0" bec="0" bev="0" fileid="3" />
              </SequencePoints>
              <BranchPoints />
            </Method>
            <Method visited="false" cyclomaticComplexity="0" nPathComplexity="0" sequenceCoverage="0.0" branchCoverage="0" crapScore="0" isConstructor="false" isStatic="false" isGetter="false" isSetter="false">
              <Summary numSequencePoints="2" visitedSequencePoints="0" numBranchPoints="0" visitedBranchPoints="0" sequenceCoverage="0.0" branchCoverage="0" maxCyclomaticComplexity="0" minCyclomaticComplexity="0" maxCrapScore="0" minCrapScore="0" visitedClasses="0" numClasses="0" visitedMethods="0" numMethods="1" />
              <MetadataToken>100663322</MetadataToken>
              <Name>System.Void Chroma.Core.Infrastructure.StateMachines.EmptyState::OnExit()</Name>
              <FileRef uid="3" />
              <SequencePoints>
                <SequencePoint vc="0" uspid="86" ordinal="0" offset="0" sl="16" sc="0" el="16" ec="0" bec="0" bev="0" fileid="3" />
                <SequencePoint vc="0" uspid="87" ordinal="0" offset="1" sl="18" sc="0" el="18" ec="0" bec="0" bev="0" fileid="3" />
              </SequencePoints>
              <BranchPoints />
            </Method>
            <Method visited="false" cyclomaticComplexity="0" nPathComplexity="0" sequenceCoverage="0.0" branchCoverage="0" crapScore="0" isConstructor="false" isStatic="false" isGetter="false" isSetter="false">
              <Summary numSequencePoints="2" visitedSequencePoints="0" numBranchPoints="0" visitedBranchPoints="0" sequenceCoverage="0.0" branchCoverage="0" maxCyclomaticComplexity="0" minCyclomaticComplexity="0" maxCrapScore="0" minCrapScore="0" visitedClasses="0" numClasses="0" visitedMethods="0" numMethods="1" />
              <MetadataToken>100663323</MetadataToken>
              <Name>System.Void Chroma.Core.Infrastructure.StateMachines.EmptyState::Tick(System.Single)</Name>
              <FileRef uid="3" />
              <SequencePoints>
                <SequencePoint vc="0" uspid="88" ordinal="0" offset="0" sl="21" sc="0" el="21" ec="0" bec="0" bev="0" fileid="3" />
                <SequencePoint vc="0" uspid="89" ordinal="0" offset="1" sl="23" sc="0" el="23" ec="0" bec="0" bev="0" fileid="3" />
              </SequencePoints>
              <BranchPoints />
            </Method>
            <Method visited="false" cyclomaticComplexity="0" nPathComplexity="0" sequenceCoverage="0.0" branchCoverage="0" crapScore="0" isConstructor="true" isStatic="false" isGetter="false" isSetter="false">
              <Summary numSequencePoints="3" visitedSequencePoints="0" numBranchPoints="0" visitedBranchPoints="0" sequenceCoverage="0.0" branchCoverage="0" maxCyclomaticComplexity="0" minCyclomaticComplexity="0" maxCrapScore="0" minCrapScore="0" visitedClasses="0" numClasses="0" visitedMethods="0" numMethods="1" />
              <MetadataToken>100663320</MetadataToken>
              <Name>Chroma.Core.Infrastructure.StateMachines.EmptyState::EmptyState(System.String)</Name>
              <FileRef uid="3" />
              <SequencePoints>
                <SequencePoint vc="0" uspid="90" ordinal="0" offset="0" sl="5" sc="0" el="5" ec="0" bec="0" bev="0" fileid="3" />
                <SequencePoint vc="0" uspid="91" ordinal="0" offset="8" sl="6" sc="0" el="6" ec="0" bec="0" bev="0" fileid="3" />
                <SequencePoint vc="0" uspid="92" ordinal="0" offset="9" sl="8" sc="0" el="8" ec="0" bec="0" bev="0" fileid="3" />
              </SequencePoints>
              <BranchPoints />
            </Method>
          </Methods>
        </Class>
        <Class>
          <Summary numSequencePoints="25" visitedSequencePoints="0" numBranchPoints="0" visitedBranchPoints="0" sequenceCoverage="0.0" branchCoverage="0.0" maxCyclomaticComplexity="0" minCyclomaticComplexity="0" maxCrapScore="0" minCrapScore="0" visitedClasses="0" numClasses="1" visitedMethods="0" numMethods="5" />
          <FullName>Chroma.Core.Infrastructure.StateMachines.State</FullName>
          <Methods>
            <Method visited="false" cyclomaticComplexity="0" nPathComplexity="0" sequenceCoverage="0.0" branchCoverage="0" crapScore="0" isConstructor="false" isStatic="false" isGetter="true" isSetter="false">
              <Summary numSequencePoints="1" visitedSequencePoints="0" numBranchPoints="0" visitedBranchPoints="0" sequenceCoverage="0.0" branchCoverage="0" maxCyclomaticComplexity="0" minCyclomaticComplexity="0" maxCrapScore="0" minCrapScore="0" visitedClasses="0" numClasses="0" visitedMethods="0" numMethods="1" />
              <MetadataToken>100663324</MetadataToken>
              <Name>System.String Chroma.Core.Infrastructure.StateMachines.State::get_Name()</Name>
              <FileRef uid="4" />
              <SequencePoints>
                <SequencePoint vc="0" uspid="93" ordinal="0" offset="0" sl="8" sc="0" el="8" ec="0" bec="0" bev="0" fileid="4" />
              </SequencePoints>
              <BranchPoints />
            </Method>
            <Method visited="false" cyclomaticComplexity="0" nPathComplexity="0" sequenceCoverage="0.0" branchCoverage="0" crapScore="0" isConstructor="false" isStatic="false" isGetter="true" isSetter="false">
              <Summary numSequencePoints="1" visitedSequencePoints="0" numBranchPoints="0" visitedBranchPoints="0" sequenceCoverage="0.0" branchCoverage="0" maxCyclomaticComplexity="0" minCyclomaticComplexity="0" maxCrapScore="0" minCrapScore="0" visitedClasses="0" numClasses="0" visitedMethods="0" numMethods="1" />
              <MetadataToken>100663325</MetadataToken>
              <Name>System.Collections.Generic.List[StateTransition] Chroma.Core.Infrastructure.StateMachines.State::get_Transitions()</Name>
              <FileRef uid="4" />
              <SequencePoints>
                <SequencePoint vc="0" uspid="94" ordinal="0" offset="0" sl="9" sc="0" el="9" ec="0" bec="0" bev="0" fileid="4" />
              </SequencePoints>
              <BranchPoints />
            </Method>
            <Method visited="false" cyclomaticComplexity="0" nPathComplexity="0" sequenceCoverage="0.0" branchCoverage="0" crapScore="0" isConstructor="false" isStatic="false" isGetter="false" isSetter="false">
              <Summary numSequencePoints="6" visitedSequencePoints="0" numBranchPoints="0" visitedBranchPoints="0" sequenceCoverage="0.0" branchCoverage="0" maxCyclomaticComplexity="0" minCyclomaticComplexity="0" maxCrapScore="0" minCrapScore="0" visitedClasses="0" numClasses="0" visitedMethods="0" numMethods="1" />
              <MetadataToken>100663327</MetadataToken>
              <Name>System.Void Chroma.Core.Infrastructure.StateMachines.State::AddTransition(Chroma.Core.Infrastructure.StateMachines.StateTransition)</Name>
              <FileRef uid="4" />
              <SequencePoints>
                <SequencePoint vc="0" uspid="95" ordinal="0" offset="0" sl="17" sc="0" el="17" ec="0" bec="0" bev="0" fileid="4" />
                <SequencePoint vc="0" uspid="96" ordinal="0" offset="1" sl="18" sc="0" el="18" ec="0" bec="0" bev="0" fileid="4" />
                <SequencePoint vc="0" uspid="97" ordinal="0" offset="14" sl="19" sc="0" el="19" ec="0" bec="0" bev="0" fileid="4" />
                <SequencePoint vc="0" uspid="98" ordinal="0" offset="15" sl="20" sc="0" el="20" ec="0" bec="0" bev="0" fileid="4" />
                <SequencePoint vc="0" uspid="99" ordinal="0" offset="26" sl="23" sc="0" el="23" ec="0" bec="0" bev="0" fileid="4" />
                <SequencePoint vc="0" uspid="100" ordinal="0" offset="39" sl="24" sc="0" el="24" ec="0" bec="0" bev="0" fileid="4" />
              </SequencePoints>
              <BranchPoints />
            </Method>
            <Method visited="false" cyclomaticComplexity="0" nPathComplexity="0" sequenceCoverage="0.0" branchCoverage="0" crapScore="0" isConstructor="false" isStatic="false" isGetter="false" isSetter="false">
              <Summary numSequencePoints="12" visitedSequencePoints="0" numBranchPoints="0" visitedBranchPoints="0" sequenceCoverage="0.0" branchCoverage="0" maxCyclomaticComplexity="0" minCyclomaticComplexity="0" maxCrapScore="0" minCrapScore="0" visitedClasses="0" numClasses="0" visitedMethods="0" numMethods="1" />
              <MetadataToken>100663331</MetadataToken>
              <Name>Chroma.Core.Infrastructure.StateMachines.StateTransition Chroma.Core.Infrastructure.StateMachines.State::EvaluateTransitions(Chroma.Core.Infrastructure.StateMachines.Blackboard)</Name>
              <FileRef uid="4" />
              <SequencePoints>
                <SequencePoint vc="0" uspid="101" ordinal="0" offset="0" sl="48" sc="0" el="48" ec="0" bec="0" bev="0" fileid="4" />
                <SequencePoint vc="0" uspid="102" ordinal="0" offset="1" sl="49" sc="0" el="49" ec="0" bec="0" bev="0" fileid="4" />
                <SequencePoint vc="0" uspid="103" ordinal="0" offset="2" sl="49" sc="0" el="49" ec="0" bec="0" bev="0" fileid="4" />
                <SequencePoint vc="0" uspid="104" ordinal="0" offset="16" sl="49" sc="0" el="49" ec="0" bec="0" bev="0" fileid="4" />
                <SequencePoint vc="0" uspid="105" ordinal="0" offset="24" sl="50" sc="0" el="50" ec="0" bec="0" bev="0" fileid="4" />
                <SequencePoint vc="0" uspid="106" ordinal="0" offset="25" sl="51" sc="0" el="51" ec="0" bec="0" bev="0" fileid="4" />
                <SequencePoint vc="0" uspid="107" ordinal="0" offset="36" sl="52" sc="0" el="52" ec="0" bec="0" bev="0" fileid="4" />
                <SequencePoint vc="0" uspid="108" ordinal="0" offset="37" sl="53" sc="0" el="53" ec="0" bec="0" bev="0" fileid="4" />
                <SequencePoint vc="0" uspid="109" ordinal="0" offset="41" sl="55" sc="0" el="55" ec="0" bec="0" bev="0" fileid="4" />
                <SequencePoint vc="0" uspid="110" ordinal="0" offset="42" sl="49" sc="0" el="49" ec="0" bec="0" bev="0" fileid="4" />
                <SequencePoint vc="0" uspid="111" ordinal="0" offset="68" sl="57" sc="0" el="57" ec="0" bec="0" bev="0" fileid="4" />
                <SequencePoint vc="0" uspid="112" ordinal="0" offset="72" sl="58" sc="0" el="58" ec="0" bec="0" bev="0" fileid="4" />
              </SequencePoints>
              <BranchPoints />
            </Method>
            <Method visited="false" cyclomaticComplexity="0" nPathComplexity="0" sequenceCoverage="0.0" branchCoverage="0" crapScore="0" isConstructor="true" isStatic="false" isGetter="false" isSetter="false">
              <Summary numSequencePoints="5" visitedSequencePoints="0" numBranchPoints="0" visitedBranchPoints="0" sequenceCoverage="0.0" branchCoverage="0" maxCyclomaticComplexity="0" minCyclomaticComplexity="0" maxCrapScore="0" minCrapScore="0" visitedClasses="0" numClasses="0" visitedMethods="0" numMethods="1" />
              <MetadataToken>100663326</MetadataToken>
              <Name>Chroma.Core.Infrastructure.StateMachines.State::State(System.String)</Name>
              <FileRef uid="4" />
              <SequencePoints>
                <SequencePoint vc="0" uspid="113" ordinal="0" offset="0" sl="9" sc="0" el="9" ec="0" bec="0" bev="0" fileid="4" />
                <SequencePoint vc="0" uspid="114" ordinal="0" offset="11" sl="11" sc="0" el="11" ec="0" bec="0" bev="0" fileid="4" />
                <SequencePoint vc="0" uspid="115" ordinal="0" offset="18" sl="12" sc="0" el="12" ec="0" bec="0" bev="0" fileid="4" />
                <SequencePoint vc="0" uspid="116" ordinal="0" offset="19" sl="13" sc="0" el="13" ec="0" bec="0" bev="0" fileid="4" />
                <SequencePoint vc="0" uspid="117" ordinal="0" offset="26" sl="14" sc="0" el="14" ec="0" bec="0" bev="0" fileid="4" />
              </SequencePoints>
              <BranchPoints />
            </Method>
          </Methods>
        </Class>
        <Class>
          <Summary numSequencePoints="73" visitedSequencePoints="0" numBranchPoints="0" visitedBranchPoints="0" sequenceCoverage="0.0" branchCoverage="0.0" maxCyclomaticComplexity="0" minCyclomaticComplexity="0" maxCrapScore="0" minCrapScore="0" visitedClasses="0" numClasses="1" visitedMethods="0" numMethods="16" />
          <FullName>Chroma.Core.Infrastructure.StateMachines.StateMachine</FullName>
          <Methods>
            <Method visited="false" cyclomaticComplexity="0" nPathComplexity="0" sequenceCoverage="0.0" branchCoverage="0" crapScore="0" isConstructor="false" isStatic="false" isGetter="true" isSetter="false">
              <Summary numSequencePoints="1" visitedSequencePoints="0" numBranchPoints="0" visitedBranchPoints="0" sequenceCoverage="0.0" branchCoverage="0" maxCyclomaticComplexity="0" minCyclomaticComplexity="0" maxCrapScore="0" minCrapScore="0" visitedClasses="0" numClasses="0" visitedMethods="0" numMethods="1" />
              <MetadataToken>100663332</MetadataToken>
              <Name>Chroma.Core.Infrastructure.StateMachines.State Chroma.Core.Infrastructure.StateMachines.StateMachine::get_CurrentState()</Name>
              <FileRef uid="5" />
              <SequencePoints>
                <SequencePoint vc="0" uspid="118" ordinal="0" offset="0" sl="11" sc="0" el="11" ec="0" bec="0" bev="0" fileid="5" />
              </SequencePoints>
              <BranchPoints />
            </Method>
            <Method visited="false" cyclomaticComplexity="0" nPathComplexity="0" sequenceCoverage="0.0" branchCoverage="0" crapScore="0" isConstructor="false" isStatic="false" isGetter="false" isSetter="true">
              <Summary numSequencePoints="1" visitedSequencePoints="0" numBranchPoints="0" visitedBranchPoints="0" sequenceCoverage="0.0" branchCoverage="0" maxCyclomaticComplexity="0" minCyclomaticComplexity="0" maxCrapScore="0" minCrapScore="0" visitedClasses="0" numClasses="0" visitedMethods="0" numMethods="1" />
              <MetadataToken>100663333</MetadataToken>
              <Name>System.Void Chroma.Core.Infrastructure.StateMachines.StateMachine::set_CurrentState(Chroma.Core.Infrastructure.StateMachines.State)</Name>
              <FileRef uid="5" />
              <SequencePoints>
                <SequencePoint vc="0" uspid="119" ordinal="0" offset="0" sl="11" sc="0" el="11" ec="0" bec="0" bev="0" fileid="5" />
              </SequencePoints>
              <BranchPoints />
            </Method>
            <Method visited="false" cyclomaticComplexity="0" nPathComplexity="0" sequenceCoverage="0.0" branchCoverage="0" crapScore="0" isConstructor="false" isStatic="false" isGetter="false" isSetter="false">
              <Summary numSequencePoints="5" visitedSequencePoints="0" numBranchPoints="0" visitedBranchPoints="0" sequenceCoverage="0.0" branchCoverage="0" maxCyclomaticComplexity="0" minCyclomaticComplexity="0" maxCrapScore="0" minCrapScore="0" visitedClasses="0" numClasses="0" visitedMethods="0" numMethods="1" />
              <MetadataToken>100663335</MetadataToken>
              <Name>System.Void Chroma.Core.Infrastructure.StateMachines.StateMachine::Start()</Name>
              <FileRef uid="5" />
              <SequencePoints>
                <SequencePoint vc="0" uspid="120" ordinal="0" offset="0" sl="19" sc="0" el="19" ec="0" bec="0" bev="0" fileid="5" />
                <SequencePoint vc="0" uspid="121" ordinal="0" offset="1" sl="20" sc="0" el="20" ec="0" bec="0" bev="0" fileid="5" />
                <SequencePoint vc="0" uspid="122" ordinal="0" offset="14" sl="21" sc="0" el="21" ec="0" bec="0" bev="0" fileid="5" />
                <SequencePoint vc="0" uspid="123" ordinal="0" offset="26" sl="24" sc="0" el="24" ec="0" bec="0" bev="0" fileid="5" />
                <SequencePoint vc="0" uspid="124" ordinal="0" offset="33" sl="25" sc="0" el="25" ec="0" bec="0" bev="0" fileid="5" />
              </SequencePoints>
              <BranchPoints />
            </Method>
            <Method visited="false" cyclomaticComplexity="0" nPathComplexity="0" sequenceCoverage="0.0" branchCoverage="0" crapScore="0" isConstructor="false" isStatic="false" isGetter="false" isSetter="false">
              <Summary numSequencePoints="9" visitedSequencePoints="0" numBranchPoints="0" visitedBranchPoints="0" sequenceCoverage="0.0" branchCoverage="0" maxCyclomaticComplexity="0" minCyclomaticComplexity="0" maxCrapScore="0" minCrapScore="0" visitedClasses="0" numClasses="0" visitedMethods="0" numMethods="1" />
              <MetadataToken>100663336</MetadataToken>
              <Name>System.Void Chroma.Core.Infrastructure.StateMachines.StateMachine::Tick(System.Single)</Name>
              <FileRef uid="5" />
              <SequencePoints>
                <SequencePoint vc="0" uspid="125" ordinal="0" offset="0" sl="28" sc="0" el="28" ec="0" bec="0" bev="0" fileid="5" />
                <SequencePoint vc="0" uspid="126" ordinal="0" offset="1" sl="29" sc="0" el="29" ec="0" bec="0" bev="0" fileid="5" />
                <SequencePoint vc="0" uspid="127" ordinal="0" offset="14" sl="30" sc="0" el="30" ec="0" bec="0" bev="0" fileid="5" />
                <SequencePoint vc="0" uspid="128" ordinal="0" offset="24" sl="31" sc="0" el="31" ec="0" bec="0" bev="0" fileid="5" />
                <SequencePoint vc="0" uspid="129" ordinal="0" offset="25" sl="32" sc="0" el="32" ec="0" bec="0" bev="0" fileid="5" />
                <SequencePoint vc="0" uspid="130" ordinal="0" offset="32" sl="33" sc="0" el="33" ec="0" bec="0" bev="0" fileid="5" />
                <SequencePoint vc="0" uspid="131" ordinal="0" offset="39" sl="34" sc="0" el="34" ec="0" bec="0" bev="0" fileid="5" />
                <SequencePoint vc="0" uspid="132" ordinal="0" offset="40" sl="35" sc="0" el="35" ec="0" bec="0" bev="0" fileid="5" />
                <SequencePoint vc="0" uspid="133" ordinal="0" offset="52" sl="36" sc="0" el="36" ec="0" bec="0" bev="0" fileid="5" />
              </SequencePoints>
              <BranchPoints />
            </Method>
            <Method visited="false" cyclomaticComplexity="0" nPathComplexity="0" sequenceCoverage="0.0" branchCoverage="0" crapScore="0" isConstructor="false" isStatic="false" isGetter="false" isSetter="false">
              <Summary numSequencePoints="3" visitedSequencePoints="0" numBranchPoints="0" visitedBranchPoints="0" sequenceCoverage="0.0" branchCoverage="0" maxCyclomaticComplexity="0" minCyclomaticComplexity="0" maxCrapScore="0" minCrapScore="0" visitedClasses="0" numClasses="0" visitedMethods="0" numMethods="1" />
              <MetadataToken>100663337</MetadataToken>
              <Name>System.Void Chroma.Core.Infrastructure.StateMachines.StateMachine::RegisterBool(System.String, System.Boolean)</Name>
              <FileRef uid="5" />
              <SequencePoints>
                <SequencePoint vc="0" uspid="134" ordinal="0" offset="0" sl="39" sc="0" el="39" ec="0" bec="0" bev="0" fileid="5" />
                <SequencePoint vc="0" uspid="135" ordinal="0" offset="1" sl="40" sc="0" el="40" ec="0" bec="0" bev="0" fileid="5" />
                <SequencePoint vc="0" uspid="136" ordinal="0" offset="15" sl="41" sc="0" el="41" ec="0" bec="0" bev="0" fileid="5" />
              </SequencePoints>
              <BranchPoints />
            </Method>
            <Method visited="false" cyclomaticComplexity="0" nPathComplexity="0" sequenceCoverage="0.0" branchCoverage="0" crapScore="0" isConstructor="false" isStatic="false" isGetter="false" isSetter="false">
              <Summary numSequencePoints="3" visitedSequencePoints="0" numBranchPoints="0" visitedBranchPoints="0" sequenceCoverage="0.0" branchCoverage="0" maxCyclomaticComplexity="0" minCyclomaticComplexity="0" maxCrapScore="0" minCrapScore="0" visitedClasses="0" numClasses="0" visitedMethods="0" numMethods="1" />
              <MetadataToken>100663338</MetadataToken>
              <Name>System.Void Chroma.Core.Infrastructure.StateMachines.StateMachine::RegisterFloat(System.String, System.Single)</Name>
              <FileRef uid="5" />
              <SequencePoints>
                <SequencePoint vc="0" uspid="137" ordinal="0" offset="0" sl="44" sc="0" el="44" ec="0" bec="0" bev="0" fileid="5" />
                <SequencePoint vc="0" uspid="138" ordinal="0" offset="1" sl="45" sc="0" el="45" ec="0" bec="0" bev="0" fileid="5" />
                <SequencePoint vc="0" uspid="139" ordinal="0" offset="15" sl="46" sc="0" el="46" ec="0" bec="0" bev="0" fileid="5" />
              </SequencePoints>
              <BranchPoints />
            </Method>
            <Method visited="false" cyclomaticComplexity="0" nPathComplexity="0" sequenceCoverage="0.0" branchCoverage="0" crapScore="0" isConstructor="false" isStatic="false" isGetter="false" isSetter="false">
              <Summary numSequencePoints="3" visitedSequencePoints="0" numBranchPoints="0" visitedBranchPoints="0" sequenceCoverage="0.0" branchCoverage="0" maxCyclomaticComplexity="0" minCyclomaticComplexity="0" maxCrapScore="0" minCrapScore="0" visitedClasses="0" numClasses="0" visitedMethods="0" numMethods="1" />
              <MetadataToken>100663339</MetadataToken>
              <Name>System.Void Chroma.Core.Infrastructure.StateMachines.StateMachine::RegisterInt(System.String, System.Int32)</Name>
              <FileRef uid="5" />
              <SequencePoints>
                <SequencePoint vc="0" uspid="140" ordinal="0" offset="0" sl="49" sc="0" el="49" ec="0" bec="0" bev="0" fileid="5" />
                <SequencePoint vc="0" uspid="141" ordinal="0" offset="1" sl="50" sc="0" el="50" ec="0" bec="0" bev="0" fileid="5" />
                <SequencePoint vc="0" uspid="142" ordinal="0" offset="15" sl="51" sc="0" el="51" ec="0" bec="0" bev="0" fileid="5" />
              </SequencePoints>
              <BranchPoints />
            </Method>
            <Method visited="false" cyclomaticComplexity="0" nPathComplexity="0" sequenceCoverage="0.0" branchCoverage="0" crapScore="0" isConstructor="false" isStatic="false" isGetter="false" isSetter="false">
              <Summary numSequencePoints="3" visitedSequencePoints="0" numBranchPoints="0" visitedBranchPoints="0" sequenceCoverage="0.0" branchCoverage="0" maxCyclomaticComplexity="0" minCyclomaticComplexity="0" maxCrapScore="0" minCrapScore="0" visitedClasses="0" numClasses="0" visitedMethods="0" numMethods="1" />
              <MetadataToken>100663340</MetadataToken>
              <Name>System.Void Chroma.Core.Infrastructure.StateMachines.StateMachine::RegisterTrigger(System.String)</Name>
              <FileRef uid="5" />
              <SequencePoints>
                <SequencePoint vc="0" uspid="143" ordinal="0" offset="0" sl="54" sc="0" el="54" ec="0" bec="0" bev="0" fileid="5" />
                <SequencePoint vc="0" uspid="144" ordinal="0" offset="1" sl="55" sc="0" el="55" ec="0" bec="0" bev="0" fileid="5" />
                <SequencePoint vc="0" uspid="145" ordinal="0" offset="14" sl="56" sc="0" el="56" ec="0" bec="0" bev="0" fileid="5" />
              </SequencePoints>
              <BranchPoints />
            </Method>
            <Method visited="false" cyclomaticComplexity="0" nPathComplexity="0" sequenceCoverage="0.0" branchCoverage="0" crapScore="0" isConstructor="false" isStatic="false" isGetter="false" isSetter="false">
              <Summary numSequencePoints="4" visitedSequencePoints="0" numBranchPoints="0" visitedBranchPoints="0" sequenceCoverage="0.0" branchCoverage="0" maxCyclomaticComplexity="0" minCyclomaticComplexity="0" maxCrapScore="0" minCrapScore="0" visitedClasses="0" numClasses="0" visitedMethods="0" numMethods="1" />
              <MetadataToken>100663341</MetadataToken>
              <Name>System.Void Chroma.Core.Infrastructure.StateMachines.StateMachine::UpdateBool(System.String, System.Boolean)</Name>
              <FileRef uid="5" />
              <SequencePoints>
                <SequencePoint vc="0" uspid="146" ordinal="0" offset="0" sl="59" sc="0" el="59" ec="0" bec="0" bev="0" fileid="5" />
                <SequencePoint vc="0" uspid="147" ordinal="0" offset="1" sl="60" sc="0" el="60" ec="0" bec="0" bev="0" fileid="5" />
                <SequencePoint vc="0" uspid="148" ordinal="0" offset="8" sl="61" sc="0" el="61" ec="0" bec="0" bev="0" fileid="5" />
                <SequencePoint vc="0" uspid="149" ordinal="0" offset="22" sl="62" sc="0" el="62" ec="0" bec="0" bev="0" fileid="5" />
              </SequencePoints>
              <BranchPoints />
            </Method>
            <Method visited="false" cyclomaticComplexity="0" nPathComplexity="0" sequenceCoverage="0.0" branchCoverage="0" crapScore="0" isConstructor="false" isStatic="false" isGetter="false" isSetter="false">
              <Summary numSequencePoints="4" visitedSequencePoints="0" numBranchPoints="0" visitedBranchPoints="0" sequenceCoverage="0.0" branchCoverage="0" maxCyclomaticComplexity="0" minCyclomaticComplexity="0" maxCrapScore="0" minCrapScore="0" visitedClasses="0" numClasses="0" visitedMethods="0" numMethods="1" />
              <MetadataToken>100663342</MetadataToken>
              <Name>System.Void Chroma.Core.Infrastructure.StateMachines.StateMachine::UpdateFloat(System.String, System.Single)</Name>
              <FileRef uid="5" />
              <SequencePoints>
                <SequencePoint vc="0" uspid="150" ordinal="0" offset="0" sl="65" sc="0" el="65" ec="0" bec="0" bev="0" fileid="5" />
                <SequencePoint vc="0" uspid="151" ordinal="0" offset="1" sl="66" sc="0" el="66" ec="0" bec="0" bev="0" fileid="5" />
                <SequencePoint vc="0" uspid="152" ordinal="0" offset="8" sl="67" sc="0" el="67" ec="0" bec="0" bev="0" fileid="5" />
                <SequencePoint vc="0" uspid="153" ordinal="0" offset="22" sl="68" sc="0" el="68" ec="0" bec="0" bev="0" fileid="5" />
              </SequencePoints>
              <BranchPoints />
            </Method>
            <Method visited="false" cyclomaticComplexity="0" nPathComplexity="0" sequenceCoverage="0.0" branchCoverage="0" crapScore="0" isConstructor="false" isStatic="false" isGetter="false" isSetter="false">
              <Summary numSequencePoints="4" visitedSequencePoints="0" numBranchPoints="0" visitedBranchPoints="0" sequenceCoverage="0.0" branchCoverage="0" maxCyclomaticComplexity="0" minCyclomaticComplexity="0" maxCrapScore="0" minCrapScore="0" visitedClasses="0" numClasses="0" visitedMethods="0" numMethods="1" />
              <MetadataToken>100663343</MetadataToken>
              <Name>System.Void Chroma.Core.Infrastructure.StateMachines.StateMachine::UpdateInt(System.String, System.Int32)</Name>
              <FileRef uid="5" />
              <SequencePoints>
                <SequencePoint vc="0" uspid="154" ordinal="0" offset="0" sl="71" sc="0" el="71" ec="0" bec="0" bev="0" fileid="5" />
                <SequencePoint vc="0" uspid="155" ordinal="0" offset="1" sl="72" sc="0" el="72" ec="0" bec="0" bev="0" fileid="5" />
                <SequencePoint vc="0" uspid="156" ordinal="0" offset="8" sl="73" sc="0" el="73" ec="0" bec="0" bev="0" fileid="5" />
                <SequencePoint vc="0" uspid="157" ordinal="0" offset="22" sl="74" sc="0" el="74" ec="0" bec="0" bev="0" fileid="5" />
              </SequencePoints>
              <BranchPoints />
            </Method>
            <Method visited="false" cyclomaticComplexity="0" nPathComplexity="0" sequenceCoverage="0.0" branchCoverage="0" crapScore="0" isConstructor="false" isStatic="false" isGetter="false" isSetter="false">
              <Summary numSequencePoints="4" visitedSequencePoints="0" numBranchPoints="0" visitedBranchPoints="0" sequenceCoverage="0.0" branchCoverage="0" maxCyclomaticComplexity="0" minCyclomaticComplexity="0" maxCrapScore="0" minCrapScore="0" visitedClasses="0" numClasses="0" visitedMethods="0" numMethods="1" />
              <MetadataToken>100663344</MetadataToken>
              <Name>System.Void Chroma.Core.Infrastructure.StateMachines.StateMachine::ActivateTrigger(System.String)</Name>
              <FileRef uid="5" />
              <SequencePoints>
                <SequencePoint vc="0" uspid="158" ordinal="0" offset="0" sl="77" sc="0" el="77" ec="0" bec="0" bev="0" fileid="5" />
                <SequencePoint vc="0" uspid="159" ordinal="0" offset="1" sl="78" sc="0" el="78" ec="0" bec="0" bev="0" fileid="5" />
                <SequencePoint vc="0" uspid="160" ordinal="0" offset="8" sl="79" sc="0" el="79" ec="0" bec="0" bev="0" fileid="5" />
                <SequencePoint vc="0" uspid="161" ordinal="0" offset="21" sl="80" sc="0" el="80" ec="0" bec="0" bev="0" fileid="5" />
              </SequencePoints>
              <BranchPoints />
            </Method>
            <Method visited="false" cyclomaticComplexity="0" nPathComplexity="0" sequenceCoverage="0.0" branchCoverage="0" crapScore="0" isConstructor="false" isStatic="false" isGetter="false" isSetter="false">
              <Summary numSequencePoints="6" visitedSequencePoints="0" numBranchPoints="0" visitedBranchPoints="0" sequenceCoverage="0.0" branchCoverage="0" maxCyclomaticComplexity="0" minCyclomaticComplexity="0" maxCrapScore="0" minCrapScore="0" visitedClasses="0" numClasses="0" visitedMethods="0" numMethods="1" />
              <MetadataToken>100663345</MetadataToken>
              <Name>System.Void Chroma.Core.Infrastructure.StateMachines.StateMachine::ChangeState(Chroma.Core.Infrastructure.StateMachines.State)</Name>
              <FileRef uid="5" />
              <SequencePoints>
                <SequencePoint vc="0" uspid="162" ordinal="0" offset="0" sl="83" sc="0" el="83" ec="0" bec="0" bev="0" fileid="5" />
                <SequencePoint vc="0" uspid="163" ordinal="0" offset="1" sl="84" sc="0" el="84" ec="0" bec="0" bev="0" fileid="5" />
                <SequencePoint vc="0" uspid="164" ordinal="0" offset="13" sl="85" sc="0" el="85" ec="0" bec="0" bev="0" fileid="5" />
                <SequencePoint vc="0" uspid="165" ordinal="0" offset="20" sl="89" sc="0" el="89" ec="0" bec="0" bev="0" fileid="5" />
                <SequencePoint vc="0" uspid="166" ordinal="0" offset="32" sl="90" sc="0" el="90" ec="0" bec="0" bev="0" fileid="5" />
                <SequencePoint vc="0" uspid="167" ordinal="0" offset="40" sl="91" sc="0" el="91" ec="0" bec="0" bev="0" fileid="5" />
              </SequencePoints>
              <BranchPoints />
            </Method>
            <Method visited="false" cyclomaticComplexity="0" nPathComplexity="0" sequenceCoverage="0.0" branchCoverage="0" crapScore="0" isConstructor="false" isStatic="false" isGetter="false" isSetter="false">
              <Summary numSequencePoints="4" visitedSequencePoints="0" numBranchPoints="0" visitedBranchPoints="0" sequenceCoverage="0.0" branchCoverage="0" maxCyclomaticComplexity="0" minCyclomaticComplexity="0" maxCrapScore="0" minCrapScore="0" visitedClasses="0" numClasses="0" visitedMethods="0" numMethods="1" />
              <MetadataToken>100663346</MetadataToken>
              <Name>System.Void Chroma.Core.Infrastructure.StateMachines.StateMachine::EvaluateTransitions()</Name>
              <FileRef uid="5" />
              <SequencePoints>
                <SequencePoint vc="0" uspid="168" ordinal="0" offset="0" sl="94" sc="0" el="94" ec="0" bec="0" bev="0" fileid="5" />
                <SequencePoint vc="0" uspid="169" ordinal="0" offset="1" sl="95" sc="0" el="95" ec="0" bec="0" bev="0" fileid="5" />
                <SequencePoint vc="0" uspid="170" ordinal="0" offset="7" sl="96" sc="0" el="96" ec="0" bec="0" bev="0" fileid="5" />
                <SequencePoint vc="0" uspid="171" ordinal="0" offset="15" sl="97" sc="0" el="97" ec="0" bec="0" bev="0" fileid="5" />
              </SequencePoints>
              <BranchPoints />
            </Method>
            <Method visited="false" cyclomaticComplexity="0" nPathComplexity="0" sequenceCoverage="0.0" branchCoverage="0" crapScore="0" isConstructor="false" isStatic="false" isGetter="false" isSetter="false">
              <Summary numSequencePoints="13" visitedSequencePoints="0" numBranchPoints="0" visitedBranchPoints="0" sequenceCoverage="0.0" branchCoverage="0" maxCyclomaticComplexity="0" minCyclomaticComplexity="0" maxCrapScore="0" minCrapScore="0" visitedClasses="0" numClasses="0" visitedMethods="0" numMethods="1" />
              <MetadataToken>100663347</MetadataToken>
              <Name>System.Void Chroma.Core.Infrastructure.StateMachines.StateMachine::EvaluateTransitions(System.Collections.Generic.HashSet[Int32])</Name>
              <FileRef uid="5" />
              <SequencePoints>
                <SequencePoint vc="0" uspid="172" ordinal="0" offset="0" sl="100" sc="0" el="100" ec="0" bec="0" bev="0" fileid="5" />
                <SequencePoint vc="0" uspid="173" ordinal="0" offset="1" sl="101" sc="0" el="101" ec="0" bec="0" bev="0" fileid="5" />
                <SequencePoint vc="0" uspid="174" ordinal="0" offset="19" sl="102" sc="0" el="102" ec="0" bec="0" bev="0" fileid="5" />
                <SequencePoint vc="0" uspid="175" ordinal="0" offset="27" sl="103" sc="0" el="103" ec="0" bec="0" bev="0" fileid="5" />
                <SequencePoint vc="0" uspid="176" ordinal="0" offset="28" sl="104" sc="0" el="104" ec="0" bec="0" bev="0" fileid="5" />
                <SequencePoint vc="0" uspid="177" ordinal="0" offset="40" sl="105" sc="0" el="105" ec="0" bec="0" bev="0" fileid="5" />
                <SequencePoint vc="0" uspid="178" ordinal="0" offset="51" sl="106" sc="0" el="106" ec="0" bec="0" bev="0" fileid="5" />
                <SequencePoint vc="0" uspid="179" ordinal="0" offset="52" sl="107" sc="0" el="107" ec="0" bec="0" bev="0" fileid="5" />
                <SequencePoint vc="0" uspid="180" ordinal="0" offset="84" sl="111" sc="0" el="111" ec="0" bec="0" bev="0" fileid="5" />
                <SequencePoint vc="0" uspid="181" ordinal="0" offset="97" sl="112" sc="0" el="112" ec="0" bec="0" bev="0" fileid="5" />
                <SequencePoint vc="0" uspid="182" ordinal="0" offset="105" sl="114" sc="0" el="114" ec="0" bec="0" bev="0" fileid="5" />
                <SequencePoint vc="0" uspid="183" ordinal="0" offset="113" sl="115" sc="0" el="115" ec="0" bec="0" bev="0" fileid="5" />
                <SequencePoint vc="0" uspid="184" ordinal="0" offset="114" sl="116" sc="0" el="116" ec="0" bec="0" bev="0" fileid="5" />
              </SequencePoints>
              <BranchPoints />
            </Method>
            <Method visited="false" cyclomaticComplexity="0" nPathComplexity="0" sequenceCoverage="0.0" branchCoverage="0" crapScore="0" isConstructor="true" isStatic="false" isGetter="false" isSetter="false">
              <Summary numSequencePoints="6" visitedSequencePoints="0" numBranchPoints="0" visitedBranchPoints="0" sequenceCoverage="0.0" branchCoverage="0" maxCyclomaticComplexity="0" minCyclomaticComplexity="0" maxCrapScore="0" minCrapScore="0" visitedClasses="0" numClasses="0" visitedMethods="0" numMethods="1" />
              <MetadataToken>100663334</MetadataToken>
              <Name>Chroma.Core.Infrastructure.StateMachines.StateMachine::StateMachine(Chroma.Core.Infrastructure.StateMachines.State)</Name>
              <FileRef uid="5" />
              <SequencePoints>
                <SequencePoint vc="0" uspid="185" ordinal="0" offset="0" sl="8" sc="0" el="8" ec="0" bec="0" bev="0" fileid="5" />
                <SequencePoint vc="0" uspid="186" ordinal="0" offset="11" sl="9" sc="0" el="9" ec="0" bec="0" bev="0" fileid="5" />
                <SequencePoint vc="0" uspid="187" ordinal="0" offset="18" sl="13" sc="0" el="13" ec="0" bec="0" bev="0" fileid="5" />
                <SequencePoint vc="0" uspid="188" ordinal="0" offset="25" sl="14" sc="0" el="14" ec="0" bec="0" bev="0" fileid="5" />
                <SequencePoint vc="0" uspid="189" ordinal="0" offset="26" sl="15" sc="0" el="15" ec="0" bec="0" bev="0" fileid="5" />
                <SequencePoint vc="0" uspid="190" ordinal="0" offset="33" sl="16" sc="0" el="16" ec="0" bec="0" bev="0" fileid="5" />
              </SequencePoints>
              <BranchPoints />
            </Method>
          </Methods>
        </Class>
        <Class>
          <Summary numSequencePoints="35" visitedSequencePoints="0" numBranchPoints="0" visitedBranchPoints="0" sequenceCoverage="0.0" branchCoverage="0.0" maxCyclomaticComplexity="0" minCyclomaticComplexity="0" maxCrapScore="0" minCrapScore="0" visitedClasses="0" numClasses="1" visitedMethods="0" numMethods="4" />
          <FullName>Chroma.Core.Infrastructure.StateMachines.StateTransition</FullName>
          <Methods>
            <Method visited="false" cyclomaticComplexity="0" nPathComplexity="0" sequenceCoverage="0.0" branchCoverage="0" crapScore="0" isConstructor="false" isStatic="false" isGetter="true" isSetter="false">
              <Summary numSequencePoints="1" visitedSequencePoints="0" numBranchPoints="0" visitedBranchPoints="0" sequenceCoverage="0.0" branchCoverage="0" maxCyclomaticComplexity="0" minCyclomaticComplexity="0" maxCrapScore="0" minCrapScore="0" visitedClasses="0" numClasses="0" visitedMethods="0" numMethods="1" />
              <MetadataToken>100663348</MetadataToken>
              <Name>Chroma.Core.Infrastructure.StateMachines.State Chroma.Core.Infrastructure.StateMachines.StateTransition::get_To()</Name>
              <FileRef uid="6" />
              <SequencePoints>
                <SequencePoint vc="0" uspid="191" ordinal="0" offset="0" sl="8" sc="0" el="8" ec="0" bec="0" bev="0" fileid="6" />
              </SequencePoints>
              <BranchPoints />
            </Method>
            <Method visited="false" cyclomaticComplexity="0" nPathComplexity="0" sequenceCoverage="0.0" branchCoverage="0" crapScore="0" isConstructor="false" isStatic="false" isGetter="false" isSetter="false">
              <Summary numSequencePoints="12" visitedSequencePoints="0" numBranchPoints="0" visitedBranchPoints="0" sequenceCoverage="0.0" branchCoverage="0" maxCyclomaticComplexity="0" minCyclomaticComplexity="0" maxCrapScore="0" minCrapScore="0" visitedClasses="0" numClasses="0" visitedMethods="0" numMethods="1" />
              <MetadataToken>100663350</MetadataToken>
              <Name>System.Boolean Chroma.Core.Infrastructure.StateMachines.StateTransition::AreTransitionConditionsMet(Chroma.Core.Infrastructure.StateMachines.Blackboard)</Name>
              <FileRef uid="6" />
              <SequencePoints>
                <SequencePoint vc="0" uspid="192" ordinal="0" offset="0" sl="17" sc="0" el="17" ec="0" bec="0" bev="0" fileid="6" />
                <SequencePoint vc="0" uspid="193" ordinal="0" offset="1" sl="18" sc="0" el="18" ec="0" bec="0" bev="0" fileid="6" />
                <SequencePoint vc="0" uspid="194" ordinal="0" offset="2" sl="18" sc="0" el="18" ec="0" bec="0" bev="0" fileid="6" />
                <SequencePoint vc="0" uspid="195" ordinal="0" offset="16" sl="18" sc="0" el="18" ec="0" bec="0" bev="0" fileid="6" />
                <SequencePoint vc="0" uspid="196" ordinal="0" offset="24" sl="19" sc="0" el="19" ec="0" bec="0" bev="0" fileid="6" />
                <SequencePoint vc="0" uspid="197" ordinal="0" offset="25" sl="20" sc="0" el="20" ec="0" bec="0" bev="0" fileid="6" />
                <SequencePoint vc="0" uspid="198" ordinal="0" offset="40" sl="21" sc="0" el="21" ec="0" bec="0" bev="0" fileid="6" />
                <SequencePoint vc="0" uspid="199" ordinal="0" offset="41" sl="22" sc="0" el="22" ec="0" bec="0" bev="0" fileid="6" />
                <SequencePoint vc="0" uspid="200" ordinal="0" offset="45" sl="24" sc="0" el="24" ec="0" bec="0" bev="0" fileid="6" />
                <SequencePoint vc="0" uspid="201" ordinal="0" offset="46" sl="18" sc="0" el="18" ec="0" bec="0" bev="0" fileid="6" />
                <SequencePoint vc="0" uspid="202" ordinal="0" offset="72" sl="26" sc="0" el="26" ec="0" bec="0" bev="0" fileid="6" />
                <SequencePoint vc="0" uspid="203" ordinal="0" offset="76" sl="27" sc="0" el="27" ec="0" bec="0" bev="0" fileid="6" />
              </SequencePoints>
              <BranchPoints />
            </Method>
            <Method visited="false" cyclomaticComplexity="0" nPathComplexity="0" sequenceCoverage="0.0" branchCoverage="0" crapScore="0" isConstructor="false" isStatic="false" isGetter="false" isSetter="false">
              <Summary numSequencePoints="17" visitedSequencePoints="0" numBranchPoints="0" visitedBranchPoints="0" sequenceCoverage="0.0" branchCoverage="0" maxCyclomaticComplexity="0" minCyclomaticComplexity="0" maxCrapScore="0" minCrapScore="0" visitedClasses="0" numClasses="0" visitedMethods="0" numMethods="1" />
              <MetadataToken>100663351</MetadataToken>
              <Name>System.Boolean Chroma.Core.Infrastructure.StateMachines.StateTransition::IsConditionMet(Chroma.Core.Infrastructure.StateMachines.Blackboard, Chroma.Core.Infrastructure.StateMachines.TransitionCondition)</Name>
              <FileRef uid="6" />
              <SequencePoints>
                <SequencePoint vc="0" uspid="204" ordinal="0" offset="0" sl="30" sc="0" el="30" ec="0" bec="0" bev="0" fileid="6" />
                <SequencePoint vc="0" uspid="205" ordinal="0" offset="1" sl="31" sc="0" el="31" ec="0" bec="0" bev="0" fileid="6" />
                <SequencePoint vc="0" uspid="206" ordinal="0" offset="15" sl="34" sc="0" el="34" ec="0" bec="0" bev="0" fileid="6" />
                <SequencePoint vc="0" uspid="207" ordinal="0" offset="53" sl="37" sc="0" el="37" ec="0" bec="0" bev="0" fileid="6" />
                <SequencePoint vc="0" uspid="208" ordinal="0" offset="69" sl="38" sc="0" el="38" ec="0" bec="0" bev="0" fileid="6" />
                <SequencePoint vc="0" uspid="209" ordinal="0" offset="71" sl="40" sc="0" el="40" ec="0" bec="0" bev="0" fileid="6" />
                <SequencePoint vc="0" uspid="210" ordinal="0" offset="90" sl="41" sc="0" el="41" ec="0" bec="0" bev="0" fileid="6" />
                <SequencePoint vc="0" uspid="211" ordinal="0" offset="92" sl="43" sc="0" el="43" ec="0" bec="0" bev="0" fileid="6" />
                <SequencePoint vc="0" uspid="212" ordinal="0" offset="108" sl="44" sc="0" el="44" ec="0" bec="0" bev="0" fileid="6" />
                <SequencePoint vc="0" uspid="213" ordinal="0" offset="110" sl="46" sc="0" el="46" ec="0" bec="0" bev="0" fileid="6" />
                <SequencePoint vc="0" uspid="214" ordinal="0" offset="129" sl="47" sc="0" el="47" ec="0" bec="0" bev="0" fileid="6" />
                <SequencePoint vc="0" uspid="215" ordinal="0" offset="131" sl="49" sc="0" el="49" ec="0" bec="0" bev="0" fileid="6" />
                <SequencePoint vc="0" uspid="216" ordinal="0" offset="147" sl="50" sc="0" el="50" ec="0" bec="0" bev="0" fileid="6" />
                <SequencePoint vc="0" uspid="217" ordinal="0" offset="149" sl="52" sc="0" el="52" ec="0" bec="0" bev="0" fileid="6" />
                <SequencePoint vc="0" uspid="218" ordinal="0" offset="168" sl="53" sc="0" el="53" ec="0" bec="0" bev="0" fileid="6" />
                <SequencePoint vc="0" uspid="219" ordinal="0" offset="170" sl="56" sc="0" el="56" ec="0" bec="0" bev="0" fileid="6" />
                <SequencePoint vc="0" uspid="220" ordinal="0" offset="175" sl="57" sc="0" el="57" ec="0" bec="0" bev="0" fileid="6" />
              </SequencePoints>
              <BranchPoints />
            </Method>
            <Method visited="false" cyclomaticComplexity="0" nPathComplexity="0" sequenceCoverage="0.0" branchCoverage="0" crapScore="0" isConstructor="true" isStatic="false" isGetter="false" isSetter="false">
              <Summary numSequencePoints="5" visitedSequencePoints="0" numBranchPoints="0" visitedBranchPoints="0" sequenceCoverage="0.0" branchCoverage="0" maxCyclomaticComplexity="0" minCyclomaticComplexity="0" maxCrapScore="0" minCrapScore="0" visitedClasses="0" numClasses="0" visitedMethods="0" numMethods="1" />
              <MetadataToken>100663349</MetadataToken>
              <Name>Chroma.Core.Infrastructure.StateMachines.StateTransition::StateTransition(Chroma.Core.Infrastructure.StateMachines.State, System.Collections.Generic.List[TransitionCondition])</Name>
              <FileRef uid="6" />
              <SequencePoints>
                <SequencePoint vc="0" uspid="221" ordinal="0" offset="0" sl="10" sc="0" el="10" ec="0" bec="0" bev="0" fileid="6" />
                <SequencePoint vc="0" uspid="222" ordinal="0" offset="7" sl="11" sc="0" el="11" ec="0" bec="0" bev="0" fileid="6" />
                <SequencePoint vc="0" uspid="223" ordinal="0" offset="8" sl="12" sc="0" el="12" ec="0" bec="0" bev="0" fileid="6" />
                <SequencePoint vc="0" uspid="224" ordinal="0" offset="15" sl="13" sc="0" el="13" ec="0" bec="0" bev="0" fileid="6" />
                <SequencePoint vc="0" uspid="225" ordinal="0" offset="22" sl="14" sc="0" el="14" ec="0" bec="0" bev="0" fileid="6" />
              </SequencePoints>
              <BranchPoints />
            </Method>
          </Methods>
        </Class>
        <Class>
          <Summary numSequencePoints="24" visitedSequencePoints="0" numBranchPoints="0" visitedBranchPoints="0" sequenceCoverage="0.0" branchCoverage="0.0" maxCyclomaticComplexity="0" minCyclomaticComplexity="0" maxCrapScore="0" minCrapScore="0" visitedClasses="0" numClasses="1" visitedMethods="0" numMethods="8" />
          <FullName>Chroma.Core.Infrastructure.StateMachines.TransitionCondition</FullName>
          <Methods>
            <Method visited="false" cyclomaticComplexity="0" nPathComplexity="0" sequenceCoverage="0.0" branchCoverage="0" crapScore="0" isConstructor="false" isStatic="false" isGetter="true" isSetter="false">
              <Summary numSequencePoints="1" visitedSequencePoints="0" numBranchPoints="0" visitedBranchPoints="0" sequenceCoverage="0.0" branchCoverage="0" maxCyclomaticComplexity="0" minCyclomaticComplexity="0" maxCrapScore="0" minCrapScore="0" visitedClasses="0" numClasses="0" visitedMethods="0" numMethods="1" />
              <MetadataToken>100663352</MetadataToken>
              <Name>System.String Chroma.Core.Infrastructure.StateMachines.TransitionCondition::get_LeftOperandVarName()</Name>
              <FileRef uid="7" />
              <SequencePoints>
                <SequencePoint vc="0" uspid="226" ordinal="0" offset="0" sl="7" sc="0" el="7" ec="0" bec="0" bev="0" fileid="7" />
              </SequencePoints>
              <BranchPoints />
            </Method>
            <Method visited="false" cyclomaticComplexity="0" nPathComplexity="0" sequenceCoverage="0.0" branchCoverage="0" crapScore="0" isConstructor="false" isStatic="false" isGetter="true" isSetter="false">
              <Summary numSequencePoints="1" visitedSequencePoints="0" numBranchPoints="0" visitedBranchPoints="0" sequenceCoverage="0.0" branchCoverage="0" maxCyclomaticComplexity="0" minCyclomaticComplexity="0" maxCrapScore="0" minCrapScore="0" visitedClasses="0" numClasses="0" visitedMethods="0" numMethods="1" />
              <MetadataToken>100663353</MetadataToken>
              <Name>Chroma.Core.Infrastructure.StateMachines.ConditionOperator Chroma.Core.Infrastructure.StateMachines.TransitionCondition::get_ConditionOperator()</Name>
              <FileRef uid="7" />
              <SequencePoints>
                <SequencePoint vc="0" uspid="227" ordinal="0" offset="0" sl="8" sc="0" el="8" ec="0" bec="0" bev="0" fileid="7" />
[...]
          <FullName>Chroma.Tests.Unit.Core.Infrastructure.StateMachines.BlackboardTests/&lt;&gt;c__DisplayClass15_0</FullName>
          <Methods>
            <Method visited="false" cyclomaticComplexity="0" nPathComplexity="0" sequenceCoverage="0.0" branchCoverage="0" crapScore="0" isConstructor="false" isStatic="false" isGetter="false" isSetter="false">
              <Summary numSequencePoints="1" visitedSequencePoints="0" numBranchPoints="0" visitedBranchPoints="0" sequenceCoverage="0.0" branchCoverage="0" maxCyclomaticComplexity="0" minCyclomaticComplexity="0" maxCrapScore="0" minCrapScore="0" visitedClasses="0" numClasses="0" visitedMethods="0" numMethods="1" />
              <MetadataToken>100663369</MetadataToken>
              <Name>System.Void Chroma.Tests.Unit.Core.Infrastructure.StateMachines.BlackboardTests/&lt;&gt;c__DisplayClass15_0::&lt;UpdateBool_ThrowsIfVariableTypeIsIncorrect&gt;b__0()</Name>
              <FileRef uid="8" />
              <SequencePoints>
                <SequencePoint vc="0" uspid="755" ordinal="0" offset="0" sl="232" sc="0" el="232" ec="0" bec="0" bev="0" fileid="8" />
              </SequencePoints>
              <BranchPoints />
            </Method>
          </Methods>
        </Class>
        <Class>
          <Summary numSequencePoints="1" visitedSequencePoints="0" numBranchPoints="0" visitedBranchPoints="0" sequenceCoverage="0.0" branchCoverage="0.0" maxCyclomaticComplexity="0" minCyclomaticComplexity="0" maxCrapScore="0" minCrapScore="0" visitedClasses="0" numClasses="1" visitedMethods="0" numMethods="1" />
          <FullName>Chroma.Tests.Unit.Core.Infrastructure.StateMachines.BlackboardTests/&lt;&gt;c__DisplayClass17_0</FullName>
          <Methods>
            <Method visited="false" cyclomaticComplexity="0" nPathComplexity="0" sequenceCoverage="0.0" branchCoverage="0" crapScore="0" isConstructor="false" isStatic="false" isGetter="false" isSetter="false">
              <Summary numSequencePoints="1" visitedSequencePoints="0" numBranchPoints="0" visitedBranchPoints="0" sequenceCoverage="0.0" branchCoverage="0" maxCyclomaticComplexity="0" minCyclomaticComplexity="0" maxCrapScore="0" minCrapScore="0" visitedClasses="0" numClasses="0" visitedMethods="0" numMethods="1" />
              <MetadataToken>100663371</MetadataToken>
              <Name>System.Void Chroma.Tests.Unit.Core.Infrastructure.StateMachines.BlackboardTests/&lt;&gt;c__DisplayClass17_0::&lt;UpdateFloat_ThrowsIfTheVariableDoesNotExist&gt;b__0()</Name>
              <FileRef uid="8" />
              <SequencePoints>
                <SequencePoint vc="0" uspid="756" ordinal="0" offset="0" sl="260" sc="0" el="260" ec="0" bec="0" bev="0" fileid="8" />
              </SequencePoints>
              <BranchPoints />
            </Method>
          </Methods>
        </Class>
        <Class>
          <Summary numSequencePoints="1" visitedSequencePoints="0" numBranchPoints="0" visitedBranchPoints="0" sequenceCoverage="0.0" branchCoverage="0.0" maxCyclomaticComplexity="0" minCyclomaticComplexity="0" maxCrapScore="0" minCrapScore="0" visitedClasses="0" numClasses="1" visitedMethods="0" numMethods="1" />
          <FullName>Chroma.Tests.Unit.Core.Infrastructure.StateMachines.BlackboardTests/&lt;&gt;c__DisplayClass18_0</FullName>
          <Methods>
            <Method visited="false" cyclomaticComplexity="0" nPathComplexity="0" sequenceCoverage="0.0" branchCoverage="0" crapScore="0" isConstructor="false" isStatic="false" isGetter="false" isSetter="false">
              <Summary numSequencePoints="1" visitedSequencePoints="0" numBranchPoints="0" visitedBranchPoints="0" sequenceCoverage="0.0" branchCoverage="0" maxCyclomaticComplexity="0" minCyclomaticComplexity="0" maxCrapScore="0" minCrapScore="0" visitedClasses="0" numClasses="0" visitedMethods="0" numMethods="1" />
              <MetadataToken>100663373</MetadataToken>
              <Name>System.Void Chroma.Tests.Unit.Core.Infrastructure.StateMachines.BlackboardTests/&lt;&gt;c__DisplayClass18_0::&lt;UpdateFloat_ThrowsIfVariableTypeIsIncorrect&gt;b__0()</Name>
              <FileRef uid="8" />
              <SequencePoints>
                <SequencePoint vc="0" uspid="757" ordinal="0" offset="0" sl="273" sc="0" el="273" ec="0" bec="0" bev="0" fileid="8" />
              </SequencePoints>
              <BranchPoints />
            </Method>
          </Methods>
        </Class>
        <Class>
          <Summary numSequencePoints="1" visitedSequencePoints="0" numBranchPoints="0" visitedBranchPoints="0" sequenceCoverage="0.0" branchCoverage="0.0" maxCyclomaticComplexity="0" minCyclomaticComplexity="0" maxCrapScore="0" minCrapScore="0" visitedClasses="0" numClasses="1" visitedMethods="0" numMethods="1" />
          <FullName>Chroma.Tests.Unit.Core.Infrastructure.StateMachines.BlackboardTests/&lt;&gt;c__DisplayClass1_0</FullName>
          <Methods>
            <Method visited="false" cyclomaticComplexity="0" nPathComplexity="0" sequenceCoverage="0.0" branchCoverage="0" crapScore="0" isConstructor="false" isStatic="false" isGetter="false" isSetter="false">
              <Summary numSequencePoints="1" visitedSequencePoints="0" numBranchPoints="0" visitedBranchPoints="0" sequenceCoverage="0.0" branchCoverage="0" maxCyclomaticComplexity="0" minCyclomaticComplexity="0" maxCrapScore="0" minCrapScore="0" visitedClasses="0" numClasses="0" visitedMethods="0" numMethods="1" />
              <MetadataToken>100663375</MetadataToken>
              <Name>System.Void Chroma.Tests.Unit.Core.Infrastructure.StateMachines.BlackboardTests/&lt;&gt;c__DisplayClass1_0::&lt;GetVariable_ThrowsIfVariableDoesNotExist&gt;b__0()</Name>
              <FileRef uid="8" />
              <SequencePoints>
                <SequencePoint vc="0" uspid="758" ordinal="0" offset="0" sl="31" sc="0" el="31" ec="0" bec="0" bev="0" fileid="8" />
              </SequencePoints>
              <BranchPoints />
            </Method>
          </Methods>
        </Class>
        <Class>
          <Summary numSequencePoints="1" visitedSequencePoints="0" numBranchPoints="0" visitedBranchPoints="0" sequenceCoverage="0.0" branchCoverage="0.0" maxCyclomaticComplexity="0" minCyclomaticComplexity="0" maxCrapScore="0" minCrapScore="0" visitedClasses="0" numClasses="1" visitedMethods="0" numMethods="1" />
          <FullName>Chroma.Tests.Unit.Core.Infrastructure.StateMachines.BlackboardTests/&lt;&gt;c__DisplayClass20_0</FullName>
          <Methods>
            <Method visited="false" cyclomaticComplexity="0" nPathComplexity="0" sequenceCoverage="0.0" branchCoverage="0" crapScore="0" isConstructor="false" isStatic="false" isGetter="false" isSetter="false">
              <Summary numSequencePoints="1" visitedSequencePoints="0" numBranchPoints="0" visitedBranchPoints="0" sequenceCoverage="0.0" branchCoverage="0" maxCyclomaticComplexity="0" minCyclomaticComplexity="0" maxCrapScore="0" minCrapScore="0" visitedClasses="0" numClasses="0" visitedMethods="0" numMethods="1" />
              <MetadataToken>100663377</MetadataToken>
              <Name>System.Void Chroma.Tests.Unit.Core.Infrastructure.StateMachines.BlackboardTests/&lt;&gt;c__DisplayClass20_0::&lt;UpdateInt_ThrowsIfTheVariableDoesNotExist&gt;b__0()</Name>
              <FileRef uid="8" />
              <SequencePoints>
                <SequencePoint vc="0" uspid="759" ordinal="0" offset="0" sl="301" sc="0" el="301" ec="0" bec="0" bev="0" fileid="8" />
              </SequencePoints>
              <BranchPoints />
            </Method>
          </Methods>
        </Class>
        <Class>
          <Summary numSequencePoints="1" visitedSequencePoints="0" numBranchPoints="0" visitedBranchPoints="0" sequenceCoverage="0.0" branchCoverage="0.0" maxCyclomaticComplexity="0" minCyclomaticComplexity="0" maxCrapScore="0" minCrapScore="0" visitedClasses="0" numClasses="1" visitedMethods="0" numMethods="1" />
          <FullName>Chroma.Tests.Unit.Core.Infrastructure.StateMachines.BlackboardTests/&lt;&gt;c__DisplayClass21_0</FullName>
          <Methods>
            <Method visited="false" cyclomaticComplexity="0" nPathComplexity="0" sequenceCoverage="0.0" branchCoverage="0" crapScore="0" isConstructor="false" isStatic="false" isGetter="false" isSetter="false">
              <Summary numSequencePoints="1" visitedSequencePoints="0" numBranchPoints="0" visitedBranchPoints="0" sequenceCoverage="0.0" branchCoverage="0" maxCyclomaticComplexity="0" minCyclomaticComplexity="0" maxCrapScore="0" minCrapScore="0" visitedClasses="0" numClasses="0" visitedMethods="0" numMethods="1" />
              <MetadataToken>100663379</MetadataToken>
              <Name>System.Void Chroma.Tests.Unit.Core.Infrastructure.StateMachines.BlackboardTests/&lt;&gt;c__DisplayClass21_0::&lt;UpdateInt_ThrowsIfVariableTypeIsIncorrect&gt;b__0()</Name>
              <FileRef uid="8" />
              <SequencePoints>
                <SequencePoint vc="0" uspid="760" ordinal="0" offset="0" sl="314" sc="0" el="314" ec="0" bec="0" bev="0" fileid="8" />
              </SequencePoints>
              <BranchPoints />
            </Method>
          </Methods>
        </Class>
        <Class>
          <Summary numSequencePoints="1" visitedSequencePoints="0" numBranchPoints="0" visitedBranchPoints="0" sequenceCoverage="0.0" branchCoverage="0.0" maxCyclomaticComplexity="0" minCyclomaticComplexity="0" maxCrapScore="0" minCrapScore="0" visitedClasses="0" numClasses="1" visitedMethods="0" numMethods="1" />
          <FullName>Chroma.Tests.Unit.Core.Infrastructure.StateMachines.BlackboardTests/&lt;&gt;c__DisplayClass23_0</FullName>
          <Methods>
            <Method visited="false" cyclomaticComplexity="0" nPathComplexity="0" sequenceCoverage="0.0" branchCoverage="0" crapScore="0" isConstructor="false" isStatic="false" isGetter="false" isSetter="false">
              <Summary numSequencePoints="1" visitedSequencePoints="0" numBranchPoints="0" visitedBranchPoints="0" sequenceCoverage="0.0" branchCoverage="0" maxCyclomaticComplexity="0" minCyclomaticComplexity="0" maxCrapScore="0" minCrapScore="0" visitedClasses="0" numClasses="0" visitedMethods="0" numMethods="1" />
              <MetadataToken>100663381</MetadataToken>
              <Name>System.Void Chroma.Tests.Unit.Core.Infrastructure.StateMachines.BlackboardTests/&lt;&gt;c__DisplayClass23_0::&lt;ActivateTrigger_ThrowsIfTheVariableDoesNotExist&gt;b__0()</Name>
              <FileRef uid="8" />
              <SequencePoints>
                <SequencePoint vc="0" uspid="761" ordinal="0" offset="0" sl="341" sc="0" el="341" ec="0" bec="0" bev="0" fileid="8" />
              </SequencePoints>
              <BranchPoints />
            </Method>
          </Methods>
        </Class>
        <Class>
          <Summary numSequencePoints="1" visitedSequencePoints="0" numBranchPoints="0" visitedBranchPoints="0" sequenceCoverage="0.0" branchCoverage="0.0" maxCyclomaticComplexity="0" minCyclomaticComplexity="0" maxCrapScore="0" minCrapScore="0" visitedClasses="0" numClasses="1" visitedMethods="0" numMethods="1" />
          <FullName>Chroma.Tests.Unit.Core.Infrastructure.StateMachines.BlackboardTests/&lt;&gt;c__DisplayClass24_0</FullName>
          <Methods>
            <Method visited="false" cyclomaticComplexity="0" nPathComplexity="0" sequenceCoverage="0.0" branchCoverage="0" crapScore="0" isConstructor="false" isStatic="false" isGetter="false" isSetter="false">
              <Summary numSequencePoints="1" visitedSequencePoints="0" numBranchPoints="0" visitedBranchPoints="0" sequenceCoverage="0.0" branchCoverage="0" maxCyclomaticComplexity="0" minCyclomaticComplexity="0" maxCrapScore="0" minCrapScore="0" visitedClasses="0" numClasses="0" visitedMethods="0" numMethods="1" />
              <MetadataToken>100663383</MetadataToken>
              <Name>System.Void Chroma.Tests.Unit.Core.Infrastructure.StateMachines.BlackboardTests/&lt;&gt;c__DisplayClass24_0::&lt;ActivateTrigger_ThrowsIfVariableTypeIsIncorrect&gt;b__0()</Name>
              <FileRef uid="8" />
              <SequencePoints>
                <SequencePoint vc="0" uspid="762" ordinal="0" offset="0" sl="354" sc="0" el="354" ec="0" bec="0" bev="0" fileid="8" />
              </SequencePoints>
              <BranchPoints />
            </Method>
          </Methods>
        </Class>
        <Class>
          <Summary numSequencePoints="1" visitedSequencePoints="0" numBranchPoints="0" visitedBranchPoints="0" sequenceCoverage="0.0" branchCoverage="0.0" maxCyclomaticComplexity="0" minCyclomaticComplexity="0" maxCrapScore="0" minCrapScore="0" visitedClasses="0" numClasses="1" visitedMethods="0" numMethods="1" />
          <FullName>Chroma.Tests.Unit.Core.Infrastructure.StateMachines.BlackboardTests/&lt;&gt;c__DisplayClass4_0</FullName>
          <Methods>
            <Method visited="false" cyclomaticComplexity="0" nPathComplexity="0" sequenceCoverage="0.0" branchCoverage="0" crapScore="0" isConstructor="false" isStatic="false" isGetter="false" isSetter="false">
              <Summary numSequencePoints="1" visitedSequencePoints="0" numBranchPoints="0" visitedBranchPoints="0" sequenceCoverage="0.0" branchCoverage="0" maxCyclomaticComplexity="0" minCyclomaticComplexity="0" maxCrapScore="0" minCrapScore="0" visitedClasses="0" numClasses="0" visitedMethods="0" numMethods="1" />
              <MetadataToken>100663385</MetadataToken>
              <Name>System.Void Chroma.Tests.Unit.Core.Infrastructure.StateMachines.BlackboardTests/&lt;&gt;c__DisplayClass4_0::&lt;RegisterBool_ThrowsIfTheVariableAlreadyExists&gt;b__0()</Name>
              <FileRef uid="8" />
              <SequencePoints>
                <SequencePoint vc="0" uspid="763" ordinal="0" offset="0" sl="75" sc="0" el="75" ec="0" bec="0" bev="0" fileid="8" />
              </SequencePoints>
              <BranchPoints />
            </Method>
          </Methods>
        </Class>
        <Class>
          <Summary numSequencePoints="1" visitedSequencePoints="0" numBranchPoints="0" visitedBranchPoints="0" sequenceCoverage="0.0" branchCoverage="0.0" maxCyclomaticComplexity="0" minCyclomaticComplexity="0" maxCrapScore="0" minCrapScore="0" visitedClasses="0" numClasses="1" visitedMethods="0" numMethods="1" />
          <FullName>Chroma.Tests.Unit.Core.Infrastructure.StateMachines.BlackboardTests/&lt;&gt;c__DisplayClass7_0</FullName>
          <Methods>
            <Method visited="false" cyclomaticComplexity="0" nPathComplexity="0" sequenceCoverage="0.0" branchCoverage="0" crapScore="0" isConstructor="false" isStatic="false" isGetter="false" isSetter="false">
              <Summary numSequencePoints="1" visitedSequencePoints="0" numBranchPoints="0" visitedBranchPoints="0" sequenceCoverage="0.0" branchCoverage="0" maxCyclomaticComplexity="0" minCyclomaticComplexity="0" maxCrapScore="0" minCrapScore="0" visitedClasses="0" numClasses="0" visitedMethods="0" numMethods="1" />
              <MetadataToken>100663387</MetadataToken>
              <Name>System.Void Chroma.Tests.Unit.Core.Infrastructure.StateMachines.BlackboardTests/&lt;&gt;c__DisplayClass7_0::&lt;RegisterFloat_ThrowsIfTheVariableAlreadyExists&gt;b__0()</Name>
              <FileRef uid="8" />
              <SequencePoints>
                <SequencePoint vc="0" uspid="764" ordinal="0" offset="0" sl="119" sc="0" el="119" ec="0" bec="0" bev="0" fileid="8" />
              </SequencePoints>
              <BranchPoints />
            </Method>
          </Methods>
        </Class>
        <Class>
          <Summary numSequencePoints="1" visitedSequencePoints="0" numBranchPoints="0" visitedBranchPoints="0" sequenceCoverage="0.0" branchCoverage="0.0" maxCyclomaticComplexity="0" minCyclomaticComplexity="0" maxCrapScore="0" minCrapScore="0" visitedClasses="0" numClasses="1" visitedMethods="0" numMethods="1" />
          <FullName>Chroma.Tests.Unit.Core.Infrastructure.StateMachines.StateTests/&lt;&gt;c__DisplayClass3_0</FullName>
          <Methods>
            <Method visited="false" cyclomaticComplexity="0" nPathComplexity="0" sequenceCoverage="0.0" branchCoverage="0" crapScore="0" isConstructor="false" isStatic="false" isGetter="false" isSetter="false">
              <Summary numSequencePoints="1" visitedSequencePoints="0" numBranchPoints="0" visitedBranchPoints="0" sequenceCoverage="0.0" branchCoverage="0" maxCyclomaticComplexity="0" minCyclomaticComplexity="0" maxCrapScore="0" minCrapScore="0" visitedClasses="0" numClasses="0" visitedMethods="0" numMethods="1" />
              <MetadataToken>100663389</MetadataToken>
              <Name>System.Void Chroma.Tests.Unit.Core.Infrastructure.StateMachines.StateTests/&lt;&gt;c__DisplayClass3_0::&lt;AddTransition_ThrowsIfTheTransitionPointsToItself&gt;b__0()</Name>
              <FileRef uid="10" />
              <SequencePoints>
                <SequencePoint vc="0" uspid="765" ordinal="0" offset="0" sl="50" sc="0" el="50" ec="0" bec="0" bev="0" fileid="10" />
              </SequencePoints>
              <BranchPoints />
            </Method>
          </Methods>
        </Class>
        <Class>
          <Summary numSequencePoints="2" visitedSequencePoints="0" numBranchPoints="0" visitedBranchPoints="0" sequenceCoverage="0.0" branchCoverage="0.0" maxCyclomaticComplexity="0" minCyclomaticComplexity="0" maxCrapScore="0" minCrapScore="0" visitedClasses="0" numClasses="1" visitedMethods="0" numMethods="2" />
          <FullName>Chroma.Tests.Unit.Core.Infrastructure.StateMachines.TransitionConditionTests/&lt;&gt;c</FullName>
          <Methods>
            <Method visited="false" cyclomaticComplexity="0" nPathComplexity="0" sequenceCoverage="0.0" branchCoverage="0" crapScore="0" isConstructor="false" isStatic="false" isGetter="false" isSetter="false">
              <Summary numSequencePoints="1" visitedSequencePoints="0" numBranchPoints="0" visitedBranchPoints="0" sequenceCoverage="0.0" branchCoverage="0" maxCyclomaticComplexity="0" minCyclomaticComplexity="0" maxCrapScore="0" minCrapScore="0" visitedClasses="0" numClasses="0" visitedMethods="0" numMethods="1" />
              <MetadataToken>100663392</MetadataToken>
              <Name>System.Void Chroma.Tests.Unit.Core.Infrastructure.StateMachines.TransitionConditionTests/&lt;&gt;c::&lt;CreateBoolCondition_ThrowsIfOperatorIsNotValid&gt;b__2_0()</Name>
              <FileRef uid="12" />
              <SequencePoints>
                <SequencePoint vc="0" uspid="766" ordinal="0" offset="0" sl="43" sc="0" el="43" ec="0" bec="0" bev="0" fileid="12" />
              </SequencePoints>
              <BranchPoints />
            </Method>
            <Method visited="false" cyclomaticComplexity="0" nPathComplexity="0" sequenceCoverage="0.0" branchCoverage="0" crapScore="0" isConstructor="false" isStatic="false" isGetter="false" isSetter="false">
              <Summary numSequencePoints="1" visitedSequencePoints="0" numBranchPoints="0" visitedBranchPoints="0" sequenceCoverage="0.0" branchCoverage="0" maxCyclomaticComplexity="0" minCyclomaticComplexity="0" maxCrapScore="0" minCrapScore="0" visitedClasses="0" numClasses="0" visitedMethods="0" numMethods="1" />
              <MetadataToken>100663393</MetadataToken>
              <Name>System.Void Chroma.Tests.Unit.Core.Infrastructure.StateMachines.TransitionConditionTests/&lt;&gt;c::&lt;CreateBoolCondition_ThrowsIfOperatorIsNotValid&gt;b__2_1()</Name>
              <FileRef uid="12" />
              <SequencePoints>
                <SequencePoint vc="0" uspid="767" ordinal="0" offset="0" sl="44" sc="0" el="44" ec="0" bec="0" bev="0" fileid="12" />
              </SequencePoints>
              <BranchPoints />
            </Method>
          </Methods>
        </Class>
      </Classes>
    </Module>
  </Modules>
</CoverageSession>