<?xml version="1.0" encoding="utf-8"?>
<CoverageSession xmlns:xsd="http://www.w3.org/2001/XMLSchema" xmlns:xsi="http://www.w3.org/2001/XMLSchema-instance" Version="0.0.0.0">
  <Summary numSequencePoints="767" visitedSequencePoints="767" numBranchPoints="0" visitedBranchPoints="0" sequenceCoverage="100.0" branchCoverage="0.0" maxCyclomaticComplexity="0" minCyclomaticComplexity="0" maxCrapScore="0" minCrapScore="0" visitedClasses="27" numClasses="27" visitedMethods="131" numMethods="131" />
  <Modules>
    <Module>
      <Summary numSequencePoints="249" visitedSequencePoints="249" numBranchPoints="0" visitedBranchPoints="0" sequenceCoverage="100.0" branchCoverage="0.0" maxCyclomaticComplexity="0" minCyclomaticComplexity="0" maxCrapScore="0" minCrapScore="0" visitedClasses="7" numClasses="7" visitedMethods="57" numMethods="57" />
      <ModuleTime>0001-01-01T00:00:00</ModuleTime>
      <ModuleName>Chroma</ModuleName>
      <Files>
        <File uid="1" fullPath="/Users/josencv/projects/games/chroma-unity/Assets/Chroma/Code/Core/Infrastructure/StateMachine/Blackboard.cs" />
        <File uid="2" fullPath="/Users/josencv/projects/games/chroma-unity/Assets/Chroma/Code/Core/Infrastructure/StateMachine/BlackboardVariable.cs" />
        <File uid="3" fullPath="/Users/josencv/projects/games/chroma-unity/Assets/Chroma/Code/Core/Infrastructure/StateMachine/EmptyState.cs" />
        <File uid="4" fullPath="/Users/josencv/projects/games/chroma-unity/Assets/Chroma/Code/Core/Infrastructure/StateMachine/State.cs" />
        <File uid="5" fullPath="/Users/josencv/projects/games/chroma-unity/Assets/Chroma/Code/Core/Infrastructure/StateMachine/StateMachine.cs" />
        <File uid="6" fullPath="/Users/josencv/projects/games/chroma-unity/Assets/Chroma/Code/Core/Infrastructure/StateMachine/StateTransition.cs" />
        <File uid="7" fullPath="/Users/josencv/projects/games/chroma-unity/Assets/Chroma/Code/Core/Infrastructure/StateMachine/TransitionCondition.cs" />
      </Files>
      <Classes>
        <Class>
          <Summary numSequencePoints="74" visitedSequencePoints="74" numBranchPoints="0" visitedBranchPoints="0" sequenceCoverage="100.0" branchCoverage="0.0" maxCyclomaticComplexity="0" minCyclomaticComplexity="0" maxCrapScore="0" minCrapScore="0" visitedClasses="1" numClasses="1" visitedMethods="15" numMethods="15" />
          <FullName>Chroma.Core.Infrastructure.StateMachines.Blackboard</FullName>
          <Methods>
            <Method visited="true" cyclomaticComplexity="0" nPathComplexity="0" sequenceCoverage="100.0" branchCoverage="0" crapScore="0" isConstructor="false" isStatic="false" isGetter="true" isSetter="false">
              <Summary numSequencePoints="1" visitedSequencePoints="1" numBranchPoints="0" visitedBranchPoints="0" sequenceCoverage="100.0" branchCoverage="0" maxCyclomaticComplexity="0" minCyclomaticComplexity="0" maxCrapScore="0" minCrapScore="0" visitedClasses="0" numClasses="0" visitedMethods="1" numMethods="1" />
              <MetadataToken>100663300</MetadataToken>
              <Name>System.Collections.Generic.Dictionary[String,BlackboardVariable] Chroma.Core.Infrastructure.StateMachines.Blackboard::get_Variables()</Name>
              <FileRef uid="1" />
              <SequencePoints>
                <SequencePoint vc="405" uspid="768" ordinal="0" offset="0" sl="8" sc="67" el="8" ec="67" bec="0" bev="0" fileid="1" />
              </SequencePoints>
              <BranchPoints />
            </Method>
            <Method visited="true" cyclomaticComplexity="0" nPathComplexity="0" sequenceCoverage="100.0" branchCoverage="0" crapScore="0" isConstructor="false" isStatic="false" isGetter="false" isSetter="false">
              <Summary numSequencePoints="10" visitedSequencePoints="10" numBranchPoints="0" visitedBranchPoints="0" sequenceCoverage="100.0" branchCoverage="0" maxCyclomaticComplexity="0" minCyclomaticComplexity="0" maxCrapScore="0" minCrapScore="0" visitedClasses="0" numClasses="0" visitedMethods="1" numMethods="1" />
              <MetadataToken>100663301</MetadataToken>
              <Name>System.Void Chroma.Core.Infrastructure.StateMachines.Blackboard::CleanTriggers()</Name>
              <FileRef uid="1" />
              <SequencePoints>
                <SequencePoint vc="29" uspid="769" ordinal="0" offset="0" sl="15" sc="9" el="15" ec="9" bec="0" bev="0" fileid="1" />
                <SequencePoint vc="29" uspid="770" ordinal="0" offset="1" sl="16" sc="13" el="16" ec="13" bec="0" bev="0" fileid="1" />
                <SequencePoint vc="29" uspid="771" ordinal="0" offset="2" sl="16" sc="43" el="16" ec="43" bec="0" bev="0" fileid="1" />
                <SequencePoint vc="2" uspid="772" ordinal="0" offset="16" sl="16" sc="21" el="16" ec="21" bec="0" bev="0" fileid="1" />
                <SequencePoint vc="2" uspid="773" ordinal="0" offset="24" sl="17" sc="13" el="17" ec="13" bec="0" bev="0" fileid="1" />
                <SequencePoint vc="2" uspid="774" ordinal="0" offset="25" sl="18" sc="17" el="18" ec="17" bec="0" bev="0" fileid="1" />
                <SequencePoint vc="2" uspid="775" ordinal="0" offset="48" sl="19" sc="13" el="19" ec="13" bec="0" bev="0" fileid="1" />
                <SequencePoint vc="31" uspid="776" ordinal="0" offset="49" sl="16" sc="40" el="16" ec="40" bec="0" bev="0" fileid="1" />
                <SequencePoint vc="29" uspid="777" ordinal="0" offset="75" sl="21" sc="13" el="21" ec="13" bec="0" bev="0" fileid="1" />
                <SequencePoint vc="29" uspid="778" ordinal="0" offset="87" sl="22" sc="9" el="22" ec="9" bec="0" bev="0" fileid="1" />
              </SequencePoints>
              <BranchPoints />
            </Method>
            <Method visited="true" cyclomaticComplexity="0" nPathComplexity="0" sequenceCoverage="100.0" branchCoverage="0" crapScore="0" isConstructor="false" isStatic="false" isGetter="false" isSetter="false">
              <Summary numSequencePoints="5" visitedSequencePoints="5" numBranchPoints="0" visitedBranchPoints="0" sequenceCoverage="100.0" branchCoverage="0" maxCyclomaticComplexity="0" minCyclomaticComplexity="0" maxCrapScore="0" minCrapScore="0" visitedClasses="0" numClasses="0" visitedMethods="1" numMethods="1" />
              <MetadataToken>100663302</MetadataToken>
              <Name>System.Void Chroma.Core.Infrastructure.StateMachines.Blackboard::RegisterBool(System.String, System.Boolean)</Name>
              <FileRef uid="1" />
              <SequencePoints>
                <SequencePoint vc="20" uspid="779" ordinal="0" offset="0" sl="25" sc="9" el="25" ec="9" bec="0" bev="0" fileid="1" />
                <SequencePoint vc="20" uspid="780" ordinal="0" offset="1" sl="26" sc="13" el="26" ec="13" bec="0" bev="0" fileid="1" />
                <SequencePoint vc="19" uspid="781" ordinal="0" offset="9" sl="27" sc="13" el="27" ec="13" bec="0" bev="0" fileid="1" />
                <SequencePoint vc="19" uspid="782" ordinal="0" offset="25" sl="28" sc="13" el="28" ec="13" bec="0" bev="0" fileid="1" />
                <SequencePoint vc="19" uspid="783" ordinal="0" offset="45" sl="29" sc="9" el="29" ec="9" bec="0" bev="0" fileid="1" />
              </SequencePoints>
              <BranchPoints />
            </Method>
            <Method visited="true" cyclomaticComplexity="0" nPathComplexity="0" sequenceCoverage="100.0" branchCoverage="0" crapScore="0" isConstructor="false" isStatic="false" isGetter="false" isSetter="false">
              <Summary numSequencePoints="4" visitedSequencePoints="4" numBranchPoints="0" visitedBranchPoints="0" sequenceCoverage="100.0" branchCoverage="0" maxCyclomaticComplexity="0" minCyclomaticComplexity="0" maxCrapScore="0" minCrapScore="0" visitedClasses="0" numClasses="0" visitedMethods="1" numMethods="1" />
              <MetadataToken>100663303</MetadataToken>
              <Name>System.Void Chroma.Core.Infrastructure.StateMachines.Blackboard::RegisterFloat(System.String, System.Single)</Name>
              <FileRef uid="1" />
              <SequencePoints>
                <SequencePoint vc="23" uspid="784" ordinal="0" offset="0" sl="32" sc="9" el="32" ec="9" bec="0" bev="0" fileid="1" />
                <SequencePoint vc="23" uspid="785" ordinal="0" offset="1" sl="33" sc="13" el="33" ec="13" bec="0" bev="0" fileid="1" />
                <SequencePoint vc="22" uspid="786" ordinal="0" offset="9" sl="34" sc="13" el="34" ec="13" bec="0" bev="0" fileid="1" />
                <SequencePoint vc="22" uspid="787" ordinal="0" offset="29" sl="35" sc="9" el="35" ec="9" bec="0" bev="0" fileid="1" />
              </SequencePoints>
              <BranchPoints />
            </Method>
            <Method visited="true" cyclomaticComplexity="0" nPathComplexity="0" sequenceCoverage="100.0" branchCoverage="0" crapScore="0" isConstructor="false" isStatic="false" isGetter="false" isSetter="false">
              <Summary numSequencePoints="4" visitedSequencePoints="4" numBranchPoints="0" visitedBranchPoints="0" sequenceCoverage="100.0" branchCoverage="0" maxCyclomaticComplexity="0" minCyclomaticComplexity="0" maxCrapScore="0" minCrapScore="0" visitedClasses="0" numClasses="0" visitedMethods="1" numMethods="1" />
              <MetadataToken>100663304</MetadataToken>
              <Name>System.Void Chroma.Core.Infrastructure.StateMachines.Blackboard::RegisterInt(System.String, System.Int32)</Name>
              <FileRef uid="1" />
              <SequencePoints>
                <SequencePoint vc="15" uspid="788" ordinal="0" offset="0" sl="38" sc="9" el="38" ec="9" bec="0" bev="0" fileid="1" />
                <SequencePoint vc="15" uspid="789" ordinal="0" offset="1" sl="39" sc="13" el="39" ec="13" bec="0" bev="0" fileid="1" />
                <SequencePoint vc="14" uspid="790" ordinal="0" offset="9" sl="40" sc="13" el="40" ec="13" bec="0" bev="0" fileid="1" />
                <SequencePoint vc="14" uspid="791" ordinal="0" offset="30" sl="41" sc="9" el="41" ec="9" bec="0" bev="0" fileid="1" />
              </SequencePoints>
              <BranchPoints />
            </Method>
            <Method visited="true" cyclomaticComplexity="0" nPathComplexity="0" sequenceCoverage="100.0" branchCoverage="0" crapScore="0" isConstructor="false" isStatic="false" isGetter="false" isSetter="false">
              <Summary numSequencePoints="4" visitedSequencePoints="4" numBranchPoints="0" visitedBranchPoints="0" sequenceCoverage="100.0" branchCoverage="0" maxCyclomaticComplexity="0" minCyclomaticComplexity="0" maxCrapScore="0" minCrapScore="0" visitedClasses="0" numClasses="0" visitedMethods="1" numMethods="1" />
              <MetadataToken>100663305</MetadataToken>
              <Name>System.Void Chroma.Core.Infrastructure.StateMachines.Blackboard::RegisterTrigger(System.String)</Name>
              <FileRef uid="1" />
              <SequencePoints>
                <SequencePoint vc="6" uspid="792" ordinal="0" offset="0" sl="44" sc="9" el="44" ec="9" bec="0" bev="0" fileid="1" />
                <SequencePoint vc="6" uspid="793" ordinal="0" offset="1" sl="45" sc="13" el="45" ec="13" bec="0" bev="0" fileid="1" />
                <SequencePoint vc="5" uspid="794" ordinal="0" offset="9" sl="46" sc="13" el="46" ec="13" bec="0" bev="0" fileid="1" />
                <SequencePoint vc="5" uspid="795" ordinal="0" offset="33" sl="47" sc="9" el="47" ec="9" bec="0" bev="0" fileid="1" />
              </SequencePoints>
              <BranchPoints />
            </Method>
            <Method visited="true" cyclomaticComplexity="0" nPathComplexity="0" sequenceCoverage="100.0" branchCoverage="0" crapScore="0" isConstructor="false" isStatic="false" isGetter="false" isSetter="false">
              <Summary numSequencePoints="6" visitedSequencePoints="6" numBranchPoints="0" visitedBranchPoints="0" sequenceCoverage="100.0" branchCoverage="0" maxCyclomaticComplexity="0" minCyclomaticComplexity="0" maxCrapScore="0" minCrapScore="0" visitedClasses="0" numClasses="0" visitedMethods="1" numMethods="1" />
              <MetadataToken>100663306</MetadataToken>
              <Name>System.Void Chroma.Core.Infrastructure.StateMachines.Blackboard::UpdateBool(System.String, System.Boolean)</Name>
              <FileRef uid="1" />
              <SequencePoints>
                <SequencePoint vc="8" uspid="796" ordinal="0" offset="0" sl="50" sc="9" el="50" ec="9" bec="0" bev="0" fileid="1" />
                <SequencePoint vc="8" uspid="797" ordinal="0" offset="1" sl="51" sc="13" el="51" ec="13" bec="0" bev="0" fileid="1" />
                <SequencePoint vc="7" uspid="798" ordinal="0" offset="9" sl="52" sc="13" el="52" ec="13" bec="0" bev="0" fileid="1" />
                <SequencePoint vc="6" uspid="799" ordinal="0" offset="18" sl="53" sc="13" el="53" ec="13" bec="0" bev="0" fileid="1" />
                <SequencePoint vc="6" uspid="800" ordinal="0" offset="34" sl="54" sc="13" el="54" ec="13" bec="0" bev="0" fileid="1" />
                <SequencePoint vc="6" uspid="801" ordinal="0" offset="53" sl="55" sc="9" el="55" ec="9" bec="0" bev="0" fileid="1" />
              </SequencePoints>
              <BranchPoints />
            </Method>
            <Method visited="true" cyclomaticComplexity="0" nPathComplexity="0" sequenceCoverage="100.0" branchCoverage="0" crapScore="0" isConstructor="false" isStatic="false" isGetter="false" isSetter="false">
              <Summary numSequencePoints="5" visitedSequencePoints="5" numBranchPoints="0" visitedBranchPoints="0" sequenceCoverage="100.0" branchCoverage="0" maxCyclomaticComplexity="0" minCyclomaticComplexity="0" maxCrapScore="0" minCrapScore="0" visitedClasses="0" numClasses="0" visitedMethods="1" numMethods="1" />
              <MetadataToken>100663307</MetadataToken>
              <Name>System.Void Chroma.Core.Infrastructure.StateMachines.Blackboard::UpdateFloat(System.String, System.Single)</Name>
              <FileRef uid="1" />
              <SequencePoints>
                <SequencePoint vc="23" uspid="802" ordinal="0" offset="0" sl="58" sc="9" el="58" ec="9" bec="0" bev="0" fileid="1" />
                <SequencePoint vc="23" uspid="803" ordinal="0" offset="1" sl="59" sc="13" el="59" ec="13" bec="0" bev="0" fileid="1" />
                <SequencePoint vc="22" uspid="804" ordinal="0" offset="9" sl="60" sc="13" el="60" ec="13" bec="0" bev="0" fileid="1" />
                <SequencePoint vc="21" uspid="805" ordinal="0" offset="18" sl="61" sc="13" el="61" ec="13" bec="0" bev="0" fileid="1" />
                <SequencePoint vc="21" uspid="806" ordinal="0" offset="37" sl="62" sc="9" el="62" ec="9" bec="0" bev="0" fileid="1" />
              </SequencePoints>
              <BranchPoints />
            </Method>
            <Method visited="true" cyclomaticComplexity="0" nPathComplexity="0" sequenceCoverage="100.0" branchCoverage="0" crapScore="0" isConstructor="false" isStatic="false" isGetter="false" isSetter="false">
              <Summary numSequencePoints="5" visitedSequencePoints="5" numBranchPoints="0" visitedBranchPoints="0" sequenceCoverage="100.0" branchCoverage="0" maxCyclomaticComplexity="0" minCyclomaticComplexity="0" maxCrapScore="0" minCrapScore="0" visitedClasses="0" numClasses="0" visitedMethods="1" numMethods="1" />
              <MetadataToken>100663308</MetadataToken>
              <Name>System.Void Chroma.Core.Infrastructure.StateMachines.Blackboard::UpdateInt(System.String, System.Int32)</Name>
              <FileRef uid="1" />
              <SequencePoints>
                <SequencePoint vc="6" uspid="807" ordinal="0" offset="0" sl="65" sc="9" el="65" ec="9" bec="0" bev="0" fileid="1" />
                <SequencePoint vc="6" uspid="808" ordinal="0" offset="1" sl="66" sc="13" el="66" ec="13" bec="0" bev="0" fileid="1" />
                <SequencePoint vc="5" uspid="809" ordinal="0" offset="9" sl="67" sc="13" el="67" ec="13" bec="0" bev="0" fileid="1" />
                <SequencePoint vc="4" uspid="810" ordinal="0" offset="18" sl="68" sc="13" el="68" ec="13" bec="0" bev="0" fileid="1" />
                <SequencePoint vc="4" uspid="811" ordinal="0" offset="38" sl="69" sc="9" el="69" ec="9" bec="0" bev="0" fileid="1" />
              </SequencePoints>
              <BranchPoints />
            </Method>
            <Method visited="true" cyclomaticComplexity="0" nPathComplexity="0" sequenceCoverage="100.0" branchCoverage="0" crapScore="0" isConstructor="false" isStatic="false" isGetter="false" isSetter="false">
              <Summary numSequencePoints="9" visitedSequencePoints="9" numBranchPoints="0" visitedBranchPoints="0" sequenceCoverage="100.0" branchCoverage="0" maxCyclomaticComplexity="0" minCyclomaticComplexity="0" maxCrapScore="0" minCrapScore="0" visitedClasses="0" numClasses="0" visitedMethods="1" numMethods="1" />
              <MetadataToken>100663309</MetadataToken>
              <Name>System.Void Chroma.Core.Infrastructure.StateMachines.Blackboard::ActivateTrigger(System.String)</Name>
              <FileRef uid="1" />
              <SequencePoints>
                <SequencePoint vc="5" uspid="812" ordinal="0" offset="0" sl="72" sc="9" el="72" ec="9" bec="0" bev="0" fileid="1" />
                <SequencePoint vc="5" uspid="813" ordinal="0" offset="1" sl="73" sc="13" el="73" ec="13" bec="0" bev="0" fileid="1" />
                <SequencePoint vc="4" uspid="814" ordinal="0" offset="9" sl="74" sc="13" el="74" ec="13" bec="0" bev="0" fileid="1" />
                <SequencePoint vc="3" uspid="815" ordinal="0" offset="18" sl="75" sc="13" el="75" ec="13" bec="0" bev="0" fileid="1" />
                <SequencePoint vc="3" uspid="816" ordinal="0" offset="37" sl="76" sc="13" el="76" ec="13" bec="0" bev="0" fileid="1" />
                <SequencePoint vc="3" uspid="817" ordinal="0" offset="38" sl="77" sc="17" el="77" ec="17" bec="0" bev="0" fileid="1" />
                <SequencePoint vc="3" uspid="818" ordinal="0" offset="51" sl="78" sc="13" el="78" ec="13" bec="0" bev="0" fileid="1" />
                <SequencePoint vc="3" uspid="819" ordinal="0" offset="52" sl="79" sc="13" el="79" ec="13" bec="0" bev="0" fileid="1" />
                <SequencePoint vc="3" uspid="820" ordinal="0" offset="75" sl="80" sc="9" el="80" ec="9" bec="0" bev="0" fileid="1" />
              </SequencePoints>
              <BranchPoints />
            </Method>
            <Method visited="true" cyclomaticComplexity="0" nPathComplexity="0" sequenceCoverage="100.0" branchCoverage="0" crapScore="0" isConstructor="false" isStatic="false" isGetter="false" isSetter="false">
              <Summary numSequencePoints="4" visitedSequencePoints="4" numBranchPoints="0" visitedBranchPoints="0" sequenceCoverage="100.0" branchCoverage="0" maxCyclomaticComplexity="0" minCyclomaticComplexity="0" maxCrapScore="0" minCrapScore="0" visitedClasses="0" numClasses="0" visitedMethods="1" numMethods="1" />
              <MetadataToken>100663310</MetadataToken>
              <Name>Chroma.Core.Infrastructure.StateMachines.BlackboardVariable Chroma.Core.Infrastructure.StateMachines.Blackboard::GetVariable(System.String)</Name>
              <FileRef uid="1" />
              <SequencePoints>
                <SequencePoint vc="81" uspid="821" ordinal="0" offset="0" sl="83" sc="9" el="83" ec="9" bec="0" bev="0" fileid="1" />
                <SequencePoint vc="81" uspid="822" ordinal="0" offset="1" sl="84" sc="13" el="84" ec="13" bec="0" bev="0" fileid="1" />
                <SequencePoint vc="80" uspid="823" ordinal="0" offset="9" sl="85" sc="13" el="85" ec="13" bec="0" bev="0" fileid="1" />
                <SequencePoint vc="80" uspid="824" ordinal="0" offset="24" sl="86" sc="9" el="86" ec="9" bec="0" bev="0" fileid="1" />
              </SequencePoints>
              <BranchPoints />
            </Method>
            <Method visited="true" cyclomaticComplexity="0" nPathComplexity="0" sequenceCoverage="100.0" branchCoverage="0" crapScore="0" isConstructor="false" isStatic="false" isGetter="false" isSetter="false">
              <Summary numSequencePoints="5" visitedSequencePoints="5" numBranchPoints="0" visitedBranchPoints="0" sequenceCoverage="100.0" branchCoverage="0" maxCyclomaticComplexity="0" minCyclomaticComplexity="0" maxCrapScore="0" minCrapScore="0" visitedClasses="0" numClasses="0" visitedMethods="1" numMethods="1" />
              <MetadataToken>100663311</MetadataToken>
              <Name>System.Void Chroma.Core.Infrastructure.StateMachines.Blackboard::ThrowIfVariableAlreadyExists(System.String)</Name>
              <FileRef uid="1" />
              <SequencePoints>
                <SequencePoint vc="64" uspid="825" ordinal="0" offset="0" sl="89" sc="9" el="89" ec="9" bec="0" bev="0" fileid="1" />
                <SequencePoint vc="64" uspid="826" ordinal="0" offset="1" sl="90" sc="13" el="90" ec="13" bec="0" bev="0" fileid="1" />
                <SequencePoint vc="4" uspid="827" ordinal="0" offset="17" sl="91" sc="13" el="91" ec="13" bec="0" bev="0" fileid="1" />
                <SequencePoint vc="4" uspid="828" ordinal="0" offset="18" sl="93" sc="17" el="93" ec="17" bec="0" bev="0" fileid="1" />
                <SequencePoint vc="60" uspid="829" ordinal="0" offset="40" sl="95" sc="9" el="95" ec="9" bec="0" bev="0" fileid="1" />
              </SequencePoints>
              <BranchPoints />
            </Method>
            <Method visited="true" cyclomaticComplexity="0" nPathComplexity="0" sequenceCoverage="100.0" branchCoverage="0" crapScore="0" isConstructor="false" isStatic="false" isGetter="false" isSetter="false">
              <Summary numSequencePoints="5" visitedSequencePoints="5" numBranchPoints="0" visitedBranchPoints="0" sequenceCoverage="100.0" branchCoverage="0" maxCyclomaticComplexity="0" minCyclomaticComplexity="0" maxCrapScore="0" minCrapScore="0" visitedClasses="0" numClasses="0" visitedMethods="1" numMethods="1" />
              <MetadataToken>100663312</MetadataToken>
              <Name>System.Void Chroma.Core.Infrastructure.StateMachines.Blackboard::ThrowIfVariableDoesNotExist(System.String)</Name>
              <FileRef uid="1" />
              <SequencePoints>
                <SequencePoint vc="123" uspid="830" ordinal="0" offset="0" sl="98" sc="9" el="98" ec="9" bec="0" bev="0" fileid="1" />
                <SequencePoint vc="123" uspid="831" ordinal="0" offset="1" sl="99" sc="13" el="99" ec="13" bec="0" bev="0" fileid="1" />
                <SequencePoint vc="5" uspid="832" ordinal="0" offset="20" sl="100" sc="13" el="100" ec="13" bec="0" bev="0" fileid="1" />
                <SequencePoint vc="5" uspid="833" ordinal="0" offset="21" sl="102" sc="17" el="102" ec="17" bec="0" bev="0" fileid="1" />
                <SequencePoint vc="118" uspid="834" ordinal="0" offset="43" sl="104" sc="9" el="104" ec="9" bec="0" bev="0" fileid="1" />
              </SequencePoints>
              <BranchPoints />
            </Method>
            <Method visited="true" cyclomaticComplexity="0" nPathComplexity="0" sequenceCoverage="100.0" branchCoverage="0" crapScore="0" isConstructor="false" isStatic="false" isGetter="false" isSetter="false">
              <Summary numSequencePoints="5" visitedSequencePoints="5" numBranchPoints="0" visitedBranchPoints="0" sequenceCoverage="100.0" branchCoverage="0" maxCyclomaticComplexity="0" minCyclomaticComplexity="0" maxCrapScore="0" minCrapScore="0" visitedClasses="0" numClasses="0" visitedMethods="1" numMethods="1" />
              <MetadataToken>100663313</MetadataToken>
              <Name>System.Void Chroma.Core.Infrastructure.StateMachines.Blackboard::ThrowIfVariableHasIncorrectType(System.String, Chroma.Core.Infrastructure.StateMachines.BlackboardVariableType)</Name>
              <FileRef uid="1" />
              <SequencePoints>
                <SequencePoint vc="38" uspid="835" ordinal="0" offset="0" sl="107" sc="9" el="107" ec="9" bec="0" bev="0" fileid="1" />
                <SequencePoint vc="38" uspid="836" ordinal="0" offset="1" sl="108" sc="13" el="108" ec="13" bec="0" bev="0" fileid="1" />
                <SequencePoint vc="4" uspid="837" ordinal="0" offset="28" sl="109" sc="13" el="109" ec="13" bec="0" bev="0" fileid="1" />
                <SequencePoint vc="4" uspid="838" ordinal="0" offset="29" sl="111" sc="17" el="111" ec="17" bec="0" bev="0" fileid="1" />
                <SequencePoint vc="34" uspid="839" ordinal="0" offset="74" sl="113" sc="9" el="113" ec="9" bec="0" bev="0" fileid="1" />
              </SequencePoints>
              <BranchPoints />
            </Method>
            <Method visited="true" cyclomaticComplexity="0" nPathComplexity="0" sequenceCoverage="100.0" branchCoverage="0" crapScore="0" isConstructor="true" isStatic="false" isGetter="false" isSetter="false">
              <Summary numSequencePoints="2" visitedSequencePoints="2" numBranchPoints="0" visitedBranchPoints="0" sequenceCoverage="100.0" branchCoverage="0" maxCyclomaticComplexity="0" minCyclomaticComplexity="0" maxCrapScore="0" minCrapScore="0" visitedClasses="0" numClasses="0" visitedMethods="1" numMethods="1" />
              <MetadataToken>100663314</MetadataToken>
              <Name>Chroma.Core.Infrastructure.StateMachines.Blackboard::Blackboard()</Name>
              <FileRef uid="1" />
              <SequencePoints>
                <SequencePoint vc="45" uspid="840" ordinal="0" offset="0" sl="8" sc="76" el="8" ec="76" bec="0" bev="0" fileid="1" />
                <SequencePoint vc="45" uspid="841" ordinal="0" offset="11" sl="9" sc="9" el="9" ec="9" bec="0" bev="0" fileid="1" />
              </SequencePoints>
              <BranchPoints />
            </Method>
          </Methods>
        </Class>
        <Class>
          <Summary numSequencePoints="9" visitedSequencePoints="9" numBranchPoints="0" visitedBranchPoints="0" sequenceCoverage="100.0" branchCoverage="0.0" maxCyclomaticComplexity="0" minCyclomaticComplexity="0" maxCrapScore="0" minCrapScore="0" visitedClasses="1" numClasses="1" visitedMethods="5" numMethods="5" />
          <FullName>Chroma.Core.Infrastructure.StateMachines.BlackboardVariable</FullName>
          <Methods>
            <Method visited="true" cyclomaticComplexity="0" nPathComplexity="0" sequenceCoverage="100.0" branchCoverage="0" crapScore="0" isConstructor="false" isStatic="false" isGetter="true" isSetter="false">
              <Summary numSequencePoints="1" visitedSequencePoints="1" numBranchPoints="0" visitedBranchPoints="0" sequenceCoverage="100.0" branchCoverage="0" maxCyclomaticComplexity="0" minCyclomaticComplexity="0" maxCrapScore="0" minCrapScore="0" visitedClasses="0" numClasses="0" visitedMethods="1" numMethods="1" />
              <MetadataToken>100663315</MetadataToken>
              <Name>Chroma.Core.Infrastructure.StateMachines.BlackboardVariableType Chroma.Core.Infrastructure.StateMachines.BlackboardVariable::get_Type()</Name>
              <FileRef uid="2" />
              <SequencePoints>
                <SequencePoint vc="54" uspid="842" ordinal="0" offset="0" sl="5" sc="46" el="5" ec="46" bec="0" bev="0" fileid="2" />
              </SequencePoints>
              <BranchPoints />
            </Method>
            <Method visited="true" cyclomaticComplexity="0" nPathComplexity="0" sequenceCoverage="100.0" branchCoverage="0" crapScore="0" isConstructor="false" isStatic="false" isGetter="false" isSetter="true">
              <Summary numSequencePoints="1" visitedSequencePoints="1" numBranchPoints="0" visitedBranchPoints="0" sequenceCoverage="100.0" branchCoverage="0" maxCyclomaticComplexity="0" minCyclomaticComplexity="0" maxCrapScore="0" minCrapScore="0" visitedClasses="0" numClasses="0" visitedMethods="1" numMethods="1" />
              <MetadataToken>100663316</MetadataToken>
              <Name>System.Void Chroma.Core.Infrastructure.StateMachines.BlackboardVariable::set_Type(Chroma.Core.Infrastructure.StateMachines.BlackboardVariableType)</Name>
              <FileRef uid="2" />
              <SequencePoints>
                <SequencePoint vc="60" uspid="843" ordinal="0" offset="0" sl="5" sc="51" el="5" ec="51" bec="0" bev="0" fileid="2" />
              </SequencePoints>
              <BranchPoints />
            </Method>
            <Method visited="true" cyclomaticComplexity="0" nPathComplexity="0" sequenceCoverage="100.0" branchCoverage="0" crapScore="0" isConstructor="false" isStatic="false" isGetter="true" isSetter="false">
              <Summary numSequencePoints="1" visitedSequencePoints="1" numBranchPoints="0" visitedBranchPoints="0" sequenceCoverage="100.0" branchCoverage="0" maxCyclomaticComplexity="0" minCyclomaticComplexity="0" maxCrapScore="0" minCrapScore="0" visitedClasses="0" numClasses="0" visitedMethods="1" numMethods="1" />
              <MetadataToken>100663317</MetadataToken>
              <Name>System.Single Chroma.Core.Infrastructure.StateMachines.BlackboardVariable::get_Value()</Name>
              <FileRef uid="2" />
              <SequencePoints>
                <SequencePoint vc="80" uspid="844" ordinal="0" offset="0" sl="6" sc="30" el="6" ec="30" bec="0" bev="0" fileid="2" />
              </SequencePoints>
              <BranchPoints />
            </Method>
            <Method visited="true" cyclomaticComplexity="0" nPathComplexity="0" sequenceCoverage="100.0" branchCoverage="0" crapScore="0" isConstructor="false" isStatic="false" isGetter="false" isSetter="true">
              <Summary numSequencePoints="1" visitedSequencePoints="1" numBranchPoints="0" visitedBranchPoints="0" sequenceCoverage="100.0" branchCoverage="0" maxCyclomaticComplexity="0" minCyclomaticComplexity="0" maxCrapScore="0" minCrapScore="0" visitedClasses="0" numClasses="0" visitedMethods="1" numMethods="1" />
              <MetadataToken>100663318</MetadataToken>
              <Name>System.Void Chroma.Core.Infrastructure.StateMachines.BlackboardVariable::set_Value(System.Single)</Name>
              <FileRef uid="2" />
              <SequencePoints>
                <SequencePoint vc="96" uspid="845" ordinal="0" offset="0" sl="6" sc="35" el="6" ec="35" bec="0" bev="0" fileid="2" />
              </SequencePoints>
              <BranchPoints />
            </Method>
            <Method visited="true" cyclomaticComplexity="0" nPathComplexity="0" sequenceCoverage="100.0" branchCoverage="0" crapScore="0" isConstructor="true" isStatic="false" isGetter="false" isSetter="false">
              <Summary numSequencePoints="5" visitedSequencePoints="5" numBranchPoints="0" visitedBranchPoints="0" sequenceCoverage="100.0" branchCoverage="0" maxCyclomaticComplexity="0" minCyclomaticComplexity="0" maxCrapScore="0" minCrapScore="0" visitedClasses="0" numClasses="0" visitedMethods="1" numMethods="1" />
              <MetadataToken>100663319</MetadataToken>
              <Name>Chroma.Core.Infrastructure.StateMachines.BlackboardVariable::BlackboardVariable(Chroma.Core.Infrastructure.StateMachines.BlackboardVariableType, System.Single)</Name>
              <FileRef uid="2" />
              <SequencePoints>
                <SequencePoint vc="60" uspid="846" ordinal="0" offset="0" sl="8" sc="9" el="8" ec="9" bec="0" bev="0" fileid="2" />
                <SequencePoint vc="60" uspid="847" ordinal="0" offset="7" sl="9" sc="9" el="9" ec="9" bec="0" bev="0" fileid="2" />
                <SequencePoint vc="60" uspid="848" ordinal="0" offset="8" sl="10" sc="13" el="10" ec="13" bec="0" bev="0" fileid="2" />
                <SequencePoint vc="60" uspid="849" ordinal="0" offset="16" sl="11" sc="13" el="11" ec="13" bec="0" bev="0" fileid="2" />
                <SequencePoint vc="60" uspid="850" ordinal="0" offset="24" sl="12" sc="9" el="12" ec="9" bec="0" bev="0" fileid="2" />
              </SequencePoints>
              <BranchPoints />
            </Method>
          </Methods>
        </Class>
        <Class>
          <Summary numSequencePoints="9" visitedSequencePoints="9" numBranchPoints="0" visitedBranchPoints="0" sequenceCoverage="100.0" branchCoverage="0.0" maxCyclomaticComplexity="0" minCyclomaticComplexity="0" maxCrapScore="0" minCrapScore="0" visitedClasses="1" numClasses="1" visitedMethods="4" numMethods="4" />
          <FullName>Chroma.Core.Infrastructure.StateMachines.EmptyState</FullName>
          <Methods>
            <Method visited="true" cyclomaticComplexity="0" nPathComplexity="0" sequenceCoverage="100.0" branchCoverage="0" crapScore="0" isConstructor="false" isStatic="false" isGetter="false" isSetter="false">
              <Summary numSequencePoints="2" visitedSequencePoints="2" numBranchPoints="0" visitedBranchPoints="0" sequenceCoverage="100.0" branchCoverage="0" maxCyclomaticComplexity="0" minCyclomaticComplexity="0" maxCrapScore="0" minCrapScore="0" visitedClasses="0" numClasses="0" visitedMethods="1" numMethods="1" />
              <MetadataToken>100663321</MetadataToken>
              <Name>System.Void Chroma.Core.Infrastructure.StateMachines.EmptyState::OnEnter()</Name>
              <FileRef uid="3" />
              <SequencePoints>
                <SequencePoint vc="22" uspid="851" ordinal="0" offset="0" sl="11" sc="9" el="11" ec="9" bec="0" bev="0" fileid="3" />
                <SequencePoint vc="22" uspid="852" ordinal="0" offset="1" sl="13" sc="9" el="13" ec="9" bec="0" bev="0" fileid="3" />
              </SequencePoints>
              <BranchPoints />
            </Method>
            <Method visited="true" cyclomaticComplexity="0" nPathComplexity="0" sequenceCoverage="100.0" branchCoverage="0" crapScore="0" isConstructor="false" isStatic="false" isGetter="false" isSetter="false">
              <Summary numSequencePoints="2" visitedSequencePoints="2" numBranchPoints="0" visitedBranchPoints="0" sequenceCoverage="100.0" branchCoverage="0" maxCyclomaticComplexity="0" minCyclomaticComplexity="0" maxCrapScore="0" minCrapScore="0" visitedClasses="0" numClasses="0" visitedMethods="1" numMethods="1" />
              <MetadataToken>100663322</MetadataToken>
              <Name>System.Void Chroma.Core.Infrastructure.StateMachines.EmptyState::OnExit()</Name>
              <FileRef uid="3" />
              <SequencePoints>
                <SequencePoint vc="15" uspid="853" ordinal="0" offset="0" sl="16" sc="9" el="16" ec="9" bec="0" bev="0" fileid="3" />
                <SequencePoint vc="15" uspid="854" ordinal="0" offset="1" sl="18" sc="9" el="18" ec="9" bec="0" bev="0" fileid="3" />
              </SequencePoints>
              <BranchPoints />
            </Method>
            <Method visited="true" cyclomaticComplexity="0" nPathComplexity="0" sequenceCoverage="100.0" branchCoverage="0" crapScore="0" isConstructor="false" isStatic="false" isGetter="false" isSetter="false">
              <Summary numSequencePoints="2" visitedSequencePoints="2" numBranchPoints="0" visitedBranchPoints="0" sequenceCoverage="100.0" branchCoverage="0" maxCyclomaticComplexity="0" minCyclomaticComplexity="0" maxCrapScore="0" minCrapScore="0" visitedClasses="0" numClasses="0" visitedMethods="1" numMethods="1" />
              <MetadataToken>100663323</MetadataToken>
              <Name>System.Void Chroma.Core.Infrastructure.StateMachines.EmptyState::Tick(System.Single)</Name>
              <FileRef uid="3" />
              <SequencePoints>
                <SequencePoint vc="14" uspid="855" ordinal="0" offset="0" sl="21" sc="9" el="21" ec="9" bec="0" bev="0" fileid="3" />
                <SequencePoint vc="14" uspid="856" ordinal="0" offset="1" sl="23" sc="9" el="23" ec="9" bec="0" bev="0" fileid="3" />
              </SequencePoints>
              <BranchPoints />
            </Method>
            <Method visited="true" cyclomaticComplexity="0" nPathComplexity="0" sequenceCoverage="100.0" branchCoverage="0" crapScore="0" isConstructor="true" isStatic="false" isGetter="false" isSetter="false">
              <Summary numSequencePoints="3" visitedSequencePoints="3" numBranchPoints="0" visitedBranchPoints="0" sequenceCoverage="100.0" branchCoverage="0" maxCyclomaticComplexity="0" minCyclomaticComplexity="0" maxCrapScore="0" minCrapScore="0" visitedClasses="0" numClasses="0" visitedMethods="1" numMethods="1" />
              <MetadataToken>100663320</MetadataToken>
              <Name>Chroma.Core.Infrastructure.StateMachines.EmptyState::EmptyState(System.String)</Name>
              <FileRef uid="3" />
              <SequencePoints>
                <SequencePoint vc="44" uspid="857" ordinal="0" offset="0" sl="5" sc="42" el="5" ec="42" bec="0" bev="0" fileid="3" />
                <SequencePoint vc="44" uspid="858" ordinal="0" offset="8" sl="6" sc="9" el="6" ec="9" bec="0" bev="0" fileid="3" />
                <SequencePoint vc="44" uspid="859" ordinal="0" offset="9" sl="8" sc="9" el="8" ec="9" bec="0" bev="0" fileid="3" />
              </SequencePoints>
              <BranchPoints />
            </Method>
          </Methods>
        </Class>
        <Class>
          <Summary numSequencePoints="25" visitedSequencePoints="25" numBranchPoints="0" visitedBranchPoints="0" sequenceCoverage="100.0" branchCoverage="0.0" maxCyclomaticComplexity="0" minCyclomaticComplexity="0" maxCrapScore="0" minCrapScore="0" visitedClasses="1" numClasses="1" visitedMethods="5" numMethods="5" />
          <FullName>Chroma.Core.Infrastructure.StateMachines.State</FullName>
          <Methods>
            <Method visited="true" cyclomaticComplexity="0" nPathComplexity="0" sequenceCoverage="100.0" branchCoverage="0" crapScore="0" isConstructor="false" isStatic="false" isGetter="true" isSetter="false">
              <Summary numSequencePoints="1" visitedSequencePoints="1" numBranchPoints="0" visitedBranchPoints="0" sequenceCoverage="100.0" branchCoverage="0" maxCyclomaticComplexity="0" minCyclomaticComplexity="0" maxCrapScore="0" minCrapScore="0" visitedClasses="0" numClasses="0" visitedMethods="1" numMethods="1" />
              <MetadataToken>100663324</MetadataToken>
              <Name>System.String Chroma.Core.Infrastructure.StateMachines.State::get_Name()</Name>
              <FileRef uid="4" />
              <SequencePoints>
                <SequencePoint vc="1" uspid="860" ordinal="0" offset="0" sl="8" sc="30" el="8" ec="30" bec="0" bev="0" fileid="4" />
              </SequencePoints>
              <BranchPoints />
            </Method>
            <Method visited="true" cyclomaticComplexity="0" nPathComplexity="0" sequenceCoverage="100.0" branchCoverage="0" crapScore="0" isConstructor="false" isStatic="false" isGetter="true" isSetter="false">
              <Summary numSequencePoints="1" visitedSequencePoints="1" numBranchPoints="0" visitedBranchPoints="0" sequenceCoverage="100.0" branchCoverage="0" maxCyclomaticComplexity="0" minCyclomaticComplexity="0" maxCrapScore="0" minCrapScore="0" visitedClasses="0" numClasses="0" visitedMethods="1" numMethods="1" />
              <MetadataToken>100663325</MetadataToken>
              <Name>System.Collections.Generic.List[StateTransition] Chroma.Core.Infrastructure.StateMachines.State::get_Transitions()</Name>
              <FileRef uid="4" />
              <SequencePoints>
                <SequencePoint vc="72" uspid="861" ordinal="0" offset="0" sl="9" sc="52" el="9" ec="52" bec="0" bev="0" fileid="4" />
              </SequencePoints>
              <BranchPoints />
            </Method>
            <Method visited="true" cyclomaticComplexity="0" nPathComplexity="0" sequenceCoverage="100.0" branchCoverage="0" crapScore="0" isConstructor="false" isStatic="false" isGetter="false" isSetter="false">
              <Summary numSequencePoints="6" visitedSequencePoints="6" numBranchPoints="0" visitedBranchPoints="0" sequenceCoverage="100.0" branchCoverage="0" maxCyclomaticComplexity="0" minCyclomaticComplexity="0" maxCrapScore="0" minCrapScore="0" visitedClasses="0" numClasses="0" visitedMethods="1" numMethods="1" />
              <MetadataToken>100663327</MetadataToken>
              <Name>System.Void Chroma.Core.Infrastructure.StateMachines.State::AddTransition(Chroma.Core.Infrastructure.StateMachines.StateTransition)</Name>
              <FileRef uid="4" />
              <SequencePoints>
                <SequencePoint vc="39" uspid="862" ordinal="0" offset="0" sl="17" sc="9" el="17" ec="9" bec="0" bev="0" fileid="4" />
                <SequencePoint vc="39" uspid="863" ordinal="0" offset="1" sl="18" sc="13" el="18" ec="13" bec="0" bev="0" fileid="4" />
                <SequencePoint vc="1" uspid="864" ordinal="0" offset="14" sl="19" sc="13" el="19" ec="13" bec="0" bev="0" fileid="4" />
                <SequencePoint vc="1" uspid="865" ordinal="0" offset="15" sl="20" sc="17" el="20" ec="17" bec="0" bev="0" fileid="4" />
                <SequencePoint vc="38" uspid="866" ordinal="0" offset="26" sl="23" sc="13" el="23" ec="13" bec="0" bev="0" fileid="4" />
                <SequencePoint vc="38" uspid="867" ordinal="0" offset="39" sl="24" sc="9" el="24" ec="9" bec="0" bev="0" fileid="4" />
              </SequencePoints>
              <BranchPoints />
            </Method>
            <Method visited="true" cyclomaticComplexity="0" nPathComplexity="0" sequenceCoverage="100.0" branchCoverage="0" crapScore="0" isConstructor="false" isStatic="false" isGetter="false" isSetter="false">
              <Summary numSequencePoints="12" visitedSequencePoints="12" numBranchPoints="0" visitedBranchPoints="0" sequenceCoverage="100.0" branchCoverage="0" maxCyclomaticComplexity="0" minCyclomaticComplexity="0" maxCrapScore="0" minCrapScore="0" visitedClasses="0" numClasses="0" visitedMethods="1" numMethods="1" />
              <MetadataToken>100663331</MetadataToken>
              <Name>Chroma.Core.Infrastructure.StateMachines.StateTransition Chroma.Core.Infrastructure.StateMachines.State::EvaluateTransitions(Chroma.Core.Infrastructure.StateMachines.Blackboard)</Name>
              <FileRef uid="4" />
              <SequencePoints>
                <SequencePoint vc="32" uspid="868" ordinal="0" offset="0" sl="48" sc="9" el="48" ec="9" bec="0" bev="0" fileid="4" />
                <SequencePoint vc="32" uspid="869" ordinal="0" offset="1" sl="49" sc="13" el="49" ec="13" bec="0" bev="0" fileid="4" />
                <SequencePoint vc="32" uspid="870" ordinal="0" offset="2" sl="49" sc="51" el="49" ec="51" bec="0" bev="0" fileid="4" />
                <SequencePoint vc="42" uspid="871" ordinal="0" offset="16" sl="49" sc="21" el="49" ec="21" bec="0" bev="0" fileid="4" />
                <SequencePoint vc="42" uspid="872" ordinal="0" offset="24" sl="50" sc="13" el="50" ec="13" bec="0" bev="0" fileid="4" />
                <SequencePoint vc="42" uspid="873" ordinal="0" offset="25" sl="51" sc="17" el="51" ec="17" bec="0" bev="0" fileid="4" />
                <SequencePoint vc="17" uspid="874" ordinal="0" offset="36" sl="52" sc="17" el="52" ec="17" bec="0" bev="0" fileid="4" />
                <SequencePoint vc="17" uspid="875" ordinal="0" offset="37" sl="53" sc="21" el="53" ec="21" bec="0" bev="0" fileid="4" />
                <SequencePoint vc="25" uspid="876" ordinal="0" offset="41" sl="55" sc="13" el="55" ec="13" bec="0" bev="0" fileid="4" />
                <SequencePoint vc="57" uspid="877" ordinal="0" offset="42" sl="49" sc="48" el="49" ec="48" bec="0" bev="0" fileid="4" />
                <SequencePoint vc="15" uspid="878" ordinal="0" offset="68" sl="57" sc="13" el="57" ec="13" bec="0" bev="0" fileid="4" />
                <SequencePoint vc="32" uspid="879" ordinal="0" offset="72" sl="58" sc="9" el="58" ec="9" bec="0" bev="0" fileid="4" />
              </SequencePoints>
              <BranchPoints />
            </Method>
            <Method visited="true" cyclomaticComplexity="0" nPathComplexity="0" sequenceCoverage="100.0" branchCoverage="0" crapScore="0" isConstructor="true" isStatic="false" isGetter="false" isSetter="false">
              <Summary numSequencePoints="5" visitedSequencePoints="5" numBranchPoints="0" visitedBranchPoints="0" sequenceCoverage="100.0" branchCoverage="0" maxCyclomaticComplexity="0" minCyclomaticComplexity="0" maxCrapScore="0" minCrapScore="0" visitedClasses="0" numClasses="0" visitedMethods="1" numMethods="1" />
              <MetadataToken>100663326</MetadataToken>
              <Name>Chroma.Core.Infrastructure.StateMachines.State::State(System.String)</Name>
              <FileRef uid="4" />
              <SequencePoints>
                <SequencePoint vc="44" uspid="880" ordinal="0" offset="0" sl="9" sc="61" el="9" ec="61" bec="0" bev="0" fileid="4" />
                <SequencePoint vc="44" uspid="881" ordinal="0" offset="11" sl="11" sc="9" el="11" ec="9" bec="0" bev="0" fileid="4" />
                <SequencePoint vc="44" uspid="882" ordinal="0" offset="18" sl="12" sc="9" el="12" ec="9" bec="0" bev="0" fileid="4" />
                <SequencePoint vc="44" uspid="883" ordinal="0" offset="19" sl="13" sc="13" el="13" ec="13" bec="0" bev="0" fileid="4" />
                <SequencePoint vc="44" uspid="884" ordinal="0" offset="26" sl="14" sc="9" el="14" ec="9" bec="0" bev="0" fileid="4" />
              </SequencePoints>
              <BranchPoints />
            </Method>
          </Methods>
        </Class>
        <Class>
          <Summary numSequencePoints="73" visitedSequencePoints="73" numBranchPoints="0" visitedBranchPoints="0" sequenceCoverage="100.0" branchCoverage="0.0" maxCyclomaticComplexity="0" minCyclomaticComplexity="0" maxCrapScore="0" minCrapScore="0" visitedClasses="1" numClasses="1" visitedMethods="16" numMethods="16" />
          <FullName>Chroma.Core.Infrastructure.StateMachines.StateMachine</FullName>
          <Methods>
            <Method visited="true" cyclomaticComplexity="0" nPathComplexity="0" sequenceCoverage="100.0" branchCoverage="0" crapScore="0" isConstructor="false" isStatic="false" isGetter="true" isSetter="false">
              <Summary numSequencePoints="1" visitedSequencePoints="1" numBranchPoints="0" visitedBranchPoints="0" sequenceCoverage="100.0" branchCoverage="0" maxCyclomaticComplexity="0" minCyclomaticComplexity="0" maxCrapScore="0" minCrapScore="0" visitedClasses="0" numClasses="0" visitedMethods="1" numMethods="1" />
              <MetadataToken>100663332</MetadataToken>
              <Name>Chroma.Core.Infrastructure.StateMachines.State Chroma.Core.Infrastructure.StateMachines.StateMachine::get_CurrentState()</Name>
              <FileRef uid="5" />
              <SequencePoints>
                <SequencePoint vc="79" uspid="885" ordinal="0" offset="0" sl="11" sc="37" el="11" ec="37" bec="0" bev="0" fileid="5" />
              </SequencePoints>
              <BranchPoints />
            </Method>
            <Method visited="true" cyclomaticComplexity="0" nPathComplexity="0" sequenceCoverage="100.0" branchCoverage="0" crapScore="0" isConstructor="false" isStatic="false" isGetter="false" isSetter="true">
              <Summary numSequencePoints="1" visitedSequencePoints="1" numBranchPoints="0" visitedBranchPoints="0" sequenceCoverage="100.0" branchCoverage="0" maxCyclomaticComplexity="0" minCyclomaticComplexity="0" maxCrapScore="0" minCrapScore="0" visitedClasses="0" numClasses="0" visitedMethods="1" numMethods="1" />
              <MetadataToken>100663333</MetadataToken>
              <Name>System.Void Chroma.Core.Infrastructure.StateMachines.StateMachine::set_CurrentState(Chroma.Core.Infrastructure.StateMachines.State)</Name>
              <FileRef uid="5" />
              <SequencePoints>
                <SequencePoint vc="22" uspid="886" ordinal="0" offset="0" sl="11" sc="42" el="11" ec="42" bec="0" bev="0" fileid="5" />
              </SequencePoints>
              <BranchPoints />
            </Method>
            <Method visited="true" cyclomaticComplexity="0" nPathComplexity="0" sequenceCoverage="100.0" branchCoverage="0" crapScore="0" isConstructor="false" isStatic="false" isGetter="false" isSetter="false">
              <Summary numSequencePoints="5" visitedSequencePoints="5" numBranchPoints="0" visitedBranchPoints="0" sequenceCoverage="100.0" branchCoverage="0" maxCyclomaticComplexity="0" minCyclomaticComplexity="0" maxCrapScore="0" minCrapScore="0" visitedClasses="0" numClasses="0" visitedMethods="1" numMethods="1" />
              <MetadataToken>100663335</MetadataToken>
              <Name>System.Void Chroma.Core.Infrastructure.StateMachines.StateMachine::Start()</Name>
              <FileRef uid="5" />
              <SequencePoints>
                <SequencePoint vc="7" uspid="887" ordinal="0" offset="0" sl="19" sc="9" el="19" ec="9" bec="0" bev="0" fileid="5" />
                <SequencePoint vc="7" uspid="888" ordinal="0" offset="1" sl="20" sc="13" el="20" ec="13" bec="0" bev="0" fileid="5" />
                <SequencePoint vc="7" uspid="889" ordinal="0" offset="14" sl="21" sc="13" el="21" ec="13" bec="0" bev="0" fileid="5" />
                <SequencePoint vc="7" uspid="890" ordinal="0" offset="26" sl="24" sc="13" el="24" ec="13" bec="0" bev="0" fileid="5" />
                <SequencePoint vc="7" uspid="891" ordinal="0" offset="33" sl="25" sc="9" el="25" ec="9" bec="0" bev="0" fileid="5" />
              </SequencePoints>
              <BranchPoints />
            </Method>
            <Method visited="true" cyclomaticComplexity="0" nPathComplexity="0" sequenceCoverage="100.0" branchCoverage="0" crapScore="0" isConstructor="false" isStatic="false" isGetter="false" isSetter="false">
              <Summary numSequencePoints="9" visitedSequencePoints="9" numBranchPoints="0" visitedBranchPoints="0" sequenceCoverage="100.0" branchCoverage="0" maxCyclomaticComplexity="0" minCyclomaticComplexity="0" maxCrapScore="0" minCrapScore="0" visitedClasses="0" numClasses="0" visitedMethods="1" numMethods="1" />
              <MetadataToken>100663336</MetadataToken>
              <Name>System.Void Chroma.Core.Infrastructure.StateMachines.StateMachine::Tick(System.Single)</Name>
              <FileRef uid="5" />
              <SequencePoints>
                <SequencePoint vc="14" uspid="892" ordinal="0" offset="0" sl="28" sc="9" el="28" ec="9" bec="0" bev="0" fileid="5" />
                <SequencePoint vc="14" uspid="893" ordinal="0" offset="1" sl="29" sc="13" el="29" ec="13" bec="0" bev="0" fileid="5" />
                <SequencePoint vc="14" uspid="894" ordinal="0" offset="14" sl="30" sc="13" el="30" ec="13" bec="0" bev="0" fileid="5" />
                <SequencePoint vc="14" uspid="895" ordinal="0" offset="24" sl="31" sc="13" el="31" ec="13" bec="0" bev="0" fileid="5" />
                <SequencePoint vc="14" uspid="896" ordinal="0" offset="25" sl="32" sc="17" el="32" ec="17" bec="0" bev="0" fileid="5" />
                <SequencePoint vc="13" uspid="897" ordinal="0" offset="32" sl="33" sc="17" el="33" ec="17" bec="0" bev="0" fileid="5" />
                <SequencePoint vc="13" uspid="898" ordinal="0" offset="39" sl="34" sc="13" el="34" ec="13" bec="0" bev="0" fileid="5" />
                <SequencePoint vc="13" uspid="899" ordinal="0" offset="40" sl="35" sc="13" el="35" ec="13" bec="0" bev="0" fileid="5" />
                <SequencePoint vc="13" uspid="900" ordinal="0" offset="52" sl="36" sc="9" el="36" ec="9" bec="0" bev="0" fileid="5" />
              </SequencePoints>
              <BranchPoints />
            </Method>
            <Method visited="true" cyclomaticComplexity="0" nPathComplexity="0" sequenceCoverage="100.0" branchCoverage="0" crapScore="0" isConstructor="false" isStatic="false" isGetter="false" isSetter="false">
              <Summary numSequencePoints="3" visitedSequencePoints="3" numBranchPoints="0" visitedBranchPoints="0" sequenceCoverage="100.0" branchCoverage="0" maxCyclomaticComplexity="0" minCyclomaticComplexity="0" maxCrapScore="0" minCrapScore="0" visitedClasses="0" numClasses="0" visitedMethods="1" numMethods="1" />
              <MetadataToken>100663337</MetadataToken>
              <Name>System.Void Chroma.Core.Infrastructure.StateMachines.StateMachine::RegisterBool(System.String, System.Boolean)</Name>
              <FileRef uid="5" />
              <SequencePoints>
                <SequencePoint vc="1" uspid="901" ordinal="0" offset="0" sl="39" sc="9" el="39" ec="9" bec="0" bev="0" fileid="5" />
                <SequencePoint vc="1" uspid="902" ordinal="0" offset="1" sl="40" sc="13" el="40" ec="13" bec="0" bev="0" fileid="5" />
                <SequencePoint vc="1" uspid="903" ordinal="0" offset="15" sl="41" sc="9" el="41" ec="9" bec="0" bev="0" fileid="5" />
              </SequencePoints>
              <BranchPoints />
            </Method>
            <Method visited="true" cyclomaticComplexity="0" nPathComplexity="0" sequenceCoverage="100.0" branchCoverage="0" crapScore="0" isConstructor="false" isStatic="false" isGetter="false" isSetter="false">
              <Summary numSequencePoints="3" visitedSequencePoints="3" numBranchPoints="0" visitedBranchPoints="0" sequenceCoverage="100.0" branchCoverage="0" maxCyclomaticComplexity="0" minCyclomaticComplexity="0" maxCrapScore="0" minCrapScore="0" visitedClasses="0" numClasses="0" visitedMethods="1" numMethods="1" />
              <MetadataToken>100663338</MetadataToken>
              <Name>System.Void Chroma.Core.Infrastructure.StateMachines.StateMachine::RegisterFloat(System.String, System.Single)</Name>
              <FileRef uid="5" />
              <SequencePoints>
                <SequencePoint vc="7" uspid="904" ordinal="0" offset="0" sl="44" sc="9" el="44" ec="9" bec="0" bev="0" fileid="5" />
                <SequencePoint vc="7" uspid="905" ordinal="0" offset="1" sl="45" sc="13" el="45" ec="13" bec="0" bev="0" fileid="5" />
                <SequencePoint vc="7" uspid="906" ordinal="0" offset="15" sl="46" sc="9" el="46" ec="9" bec="0" bev="0" fileid="5" />
              </SequencePoints>
              <BranchPoints />
            </Method>
            <Method visited="true" cyclomaticComplexity="0" nPathComplexity="0" sequenceCoverage="100.0" branchCoverage="0" crapScore="0" isConstructor="false" isStatic="false" isGetter="false" isSetter="false">
              <Summary numSequencePoints="3" visitedSequencePoints="3" numBranchPoints="0" visitedBranchPoints="0" sequenceCoverage="100.0" branchCoverage="0" maxCyclomaticComplexity="0" minCyclomaticComplexity="0" maxCrapScore="0" minCrapScore="0" visitedClasses="0" numClasses="0" visitedMethods="1" numMethods="1" />
              <MetadataToken>100663339</MetadataToken>
              <Name>System.Void Chroma.Core.Infrastructure.StateMachines.StateMachine::RegisterInt(System.String, System.Int32)</Name>
              <FileRef uid="5" />
              <SequencePoints>
                <SequencePoint vc="1" uspid="907" ordinal="0" offset="0" sl="49" sc="9" el="49" ec="9" bec="0" bev="0" fileid="5" />
                <SequencePoint vc="1" uspid="908" ordinal="0" offset="1" sl="50" sc="13" el="50" ec="13" bec="0" bev="0" fileid="5" />
                <SequencePoint vc="1" uspid="909" ordinal="0" offset="15" sl="51" sc="9" el="51" ec="9" bec="0" bev="0" fileid="5" />
              </SequencePoints>
              <BranchPoints />
            </Method>
            <Method visited="true" cyclomaticComplexity="0" nPathComplexity="0" sequenceCoverage="100.0" branchCoverage="0" crapScore="0" isConstructor="false" isStatic="false" isGetter="false" isSetter="false">
              <Summary numSequencePoints="3" visitedSequencePoints="3" numBranchPoints="0" visitedBranchPoints="0" sequenceCoverage="100.0" branchCoverage="0" maxCyclomaticComplexity="0" minCyclomaticComplexity="0" maxCrapScore="0" minCrapScore="0" visitedClasses="0" numClasses="0" visitedMethods="1" numMethods="1" />
              <MetadataToken>100663340</MetadataToken>
              <Name>System.Void Chroma.Core.Infrastructure.StateMachines.StateMachine::RegisterTrigger(System.String)</Name>
              <FileRef uid="5" />
              <SequencePoints>
                <SequencePoint vc="1" uspid="910" ordinal="0" offset="0" sl="54" sc="9" el="54" ec="9" bec="0" bev="0" fileid="5" />
                <SequencePoint vc="1" uspid="911" ordinal="0" offset="1" sl="55" sc="13" el="55" ec="13" bec="0" bev="0" fileid="5" />
                <SequencePoint vc="1" uspid="912" ordinal="0" offset="14" sl="56" sc="9" el="56" ec="9" bec="0" bev="0" fileid="5" />
              </SequencePoints>
              <BranchPoints />
            </Method>
            <Method visited="true" cyclomaticComplexity="0" nPathComplexity="0" sequenceCoverage="100.0" branchCoverage="0" crapScore="0" isConstructor="false" isStatic="false" isGetter="false" isSetter="false">
              <Summary numSequencePoints="4" visitedSequencePoints="4" numBranchPoints="0" visitedBranchPoints="0" sequenceCoverage="100.0" branchCoverage="0" maxCyclomaticComplexity="0" minCyclomaticComplexity="0" maxCrapScore="0" minCrapScore="0" visitedClasses="0" numClasses="0" visitedMethods="1" numMethods="1" />
              <MetadataToken>100663341</MetadataToken>
              <Name>System.Void Chroma.Core.Infrastructure.StateMachines.StateMachine::UpdateBool(System.String, System.Boolean)</Name>
              <FileRef uid="5" />
              <SequencePoints>
                <SequencePoint vc="2" uspid="913" ordinal="0" offset="0" sl="59" sc="9" el="59" ec="9" bec="0" bev="0" fileid="5" />
                <SequencePoint vc="2" uspid="914" ordinal="0" offset="1" sl="60" sc="13" el="60" ec="13" bec="0" bev="0" fileid="5" />
                <SequencePoint vc="2" uspid="915" ordinal="0" offset="8" sl="61" sc="13" el="61" ec="13" bec="0" bev="0" fileid="5" />
                <SequencePoint vc="2" uspid="916" ordinal="0" offset="22" sl="62" sc="9" el="62" ec="9" bec="0" bev="0" fileid="5" />
              </SequencePoints>
              <BranchPoints />
            </Method>
            <Method visited="true" cyclomaticComplexity="0" nPathComplexity="0" sequenceCoverage="100.0" branchCoverage="0" crapScore="0" isConstructor="false" isStatic="false" isGetter="false" isSetter="false">
              <Summary numSequencePoints="4" visitedSequencePoints="4" numBranchPoints="0" visitedBranchPoints="0" sequenceCoverage="100.0" branchCoverage="0" maxCyclomaticComplexity="0" minCyclomaticComplexity="0" maxCrapScore="0" minCrapScore="0" visitedClasses="0" numClasses="0" visitedMethods="1" numMethods="1" />
              <MetadataToken>100663342</MetadataToken>
              <Name>System.Void Chroma.Core.Infrastructure.StateMachines.StateMachine::UpdateFloat(System.String, System.Single)</Name>
              <FileRef uid="5" />
              <SequencePoints>
                <SequencePoint vc="7" uspid="917" ordinal="0" offset="0" sl="65" sc="9" el="65" ec="9" bec="0" bev="0" fileid="5" />
                <SequencePoint vc="7" uspid="918" ordinal="0" offset="1" sl="66" sc="13" el="66" ec="13" bec="0" bev="0" fileid="5" />
                <SequencePoint vc="7" uspid="919" ordinal="0" offset="8" sl="67" sc="13" el="67" ec="13" bec="0" bev="0" fileid="5" />
                <SequencePoint vc="7" uspid="920" ordinal="0" offset="22" sl="68" sc="9" el="68" ec="9" bec="0" bev="0" fileid="5" />
              </SequencePoints>
              <BranchPoints />
            </Method>
            <Method visited="true" cyclomaticComplexity="0" nPathComplexity="0" sequenceCoverage="100.0" branchCoverage="0" crapScore="0" isConstructor="false" isStatic="false" isGetter="false" isSetter="false">
              <Summary numSequencePoints="4" visitedSequencePoints="4" numBranchPoints="0" visitedBranchPoints="0" sequenceCoverage="100.0" branchCoverage="0" maxCyclomaticComplexity="0" minCyclomaticComplexity="0" maxCrapScore="0" minCrapScore="0" visitedClasses="0" numClasses="0" visitedMethods="1" numMethods="1" />
              <MetadataToken>100663343</MetadataToken>
              <Name>System.Void Chroma.Core.Infrastructure.StateMachines.StateMachine::UpdateInt(System.String, System.Int32)</Name>
              <FileRef uid="5" />
              <SequencePoints>
                <SequencePoint vc="2" uspid="921" ordinal="0" offset="0" sl="71" sc="9" el="71" ec="9" bec="0" bev="0" fileid="5" />
                <SequencePoint vc="2" uspid="922" ordinal="0" offset="1" sl="72" sc="13" el="72" ec="13" bec="0" bev="0" fileid="5" />
                <SequencePoint vc="2" uspid="923" ordinal="0" offset="8" sl="73" sc="13" el="73" ec="13" bec="0" bev="0" fileid="5" />
                <SequencePoint vc="2" uspid="924" ordinal="0" offset="22" sl="74" sc="9" el="74" ec="9" bec="0" bev="0" fileid="5" />
              </SequencePoints>
              <BranchPoints />
            </Method>
            <Method visited="true" cyclomaticComplexity="0" nPathComplexity="0" sequenceCoverage="100.0" branchCoverage="0" crapScore="0" isConstructor="false" isStatic="false" isGetter="false" isSetter="false">
              <Summary numSequencePoints="4" visitedSequencePoints="4" numBranchPoints="0" visitedBranchPoints="0" sequenceCoverage="100.0" branchCoverage="0" maxCyclomaticComplexity="0" minCyclomaticComplexity="0" maxCrapScore="0" minCrapScore="0" visitedClasses="0" numClasses="0" visitedMethods="1" numMethods="1" />
              <MetadataToken>100663344</MetadataToken>
              <Name>System.Void Chroma.Core.Infrastructure.StateMachines.StateMachine::ActivateTrigger(System.String)</Name>
              <FileRef uid="5" />
              <SequencePoints>
                <SequencePoint vc="1" uspid="925" ordinal="0" offset="0" sl="77" sc="9" el="77" ec="9" bec="0" bev="0" fileid="5" />
                <SequencePoint vc="1" uspid="926" ordinal="0" offset="1" sl="78" sc="13" el="78" ec="13" bec="0" bev="0" fileid="5" />
                <SequencePoint vc="1" uspid="927" ordinal="0" offset="8" sl="79" sc="13" el="79" ec="13" bec="0" bev="0" fileid="5" />
                <SequencePoint vc="1" uspid="928" ordinal="0" offset="21" sl="80" sc="9" el="80" ec="9" bec="0" bev="0" fileid="5" />
              </SequencePoints>
              <BranchPoints />
            </Method>
            <Method visited="true" cyclomaticComplexity="0" nPathComplexity="0" sequenceCoverage="100.0" branchCoverage="0" crapScore="0" isConstructor="false" isStatic="false" isGetter="false" isSetter="false">
              <Summary numSequencePoints="6" visitedSequencePoints="6" numBranchPoints="0" visitedBranchPoints="0" sequenceCoverage="100.0" branchCoverage="0" maxCyclomaticComplexity="0" minCyclomaticComplexity="0" maxCrapScore="0" minCrapScore="0" visitedClasses="0" numClasses="0" visitedMethods="1" numMethods="1" />
              <MetadataToken>100663345</MetadataToken>
              <Name>System.Void Chroma.Core.Infrastructure.StateMachines.StateMachine::ChangeState(Chroma.Core.Infrastructure.StateMachines.State)</Name>
              <FileRef uid="5" />
              <SequencePoints>
                <SequencePoint vc="15" uspid="929" ordinal="0" offset="0" sl="83" sc="9" el="83" ec="9" bec="0" bev="0" fileid="5" />
                <SequencePoint vc="15" uspid="930" ordinal="0" offset="1" sl="84" sc="13" el="84" ec="13" bec="0" bev="0" fileid="5" />
                <SequencePoint vc="15" uspid="931" ordinal="0" offset="13" sl="85" sc="13" el="85" ec="13" bec="0" bev="0" fileid="5" />
                <SequencePoint vc="15" uspid="932" ordinal="0" offset="20" sl="89" sc="13" el="89" ec="13" bec="0" bev="0" fileid="5" />
                <SequencePoint vc="15" uspid="933" ordinal="0" offset="32" sl="90" sc="13" el="90" ec="13" bec="0" bev="0" fileid="5" />
                <SequencePoint vc="15" uspid="934" ordinal="0" offset="40" sl="91" sc="9" el="91" ec="9" bec="0" bev="0" fileid="5" />
              </SequencePoints>
              <BranchPoints />
            </Method>
            <Method visited="true" cyclomaticComplexity="0" nPathComplexity="0" sequenceCoverage="100.0" branchCoverage="0" crapScore="0" isConstructor="false" isStatic="false" isGetter="false" isSetter="false">
              <Summary numSequencePoints="4" visitedSequencePoints="4" numBranchPoints="0" visitedBranchPoints="0" sequenceCoverage="100.0" branchCoverage="0" maxCyclomaticComplexity="0" minCyclomaticComplexity="0" maxCrapScore="0" minCrapScore="0" visitedClasses="0" numClasses="0" visitedMethods="1" numMethods="1" />
              <MetadataToken>100663346</MetadataToken>
              <Name>System.Void Chroma.Core.Infrastructure.StateMachines.StateMachine::EvaluateTransitions()</Name>
              <FileRef uid="5" />
              <SequencePoints>
                <SequencePoint vc="14" uspid="935" ordinal="0" offset="0" sl="94" sc="9" el="94" ec="9" bec="0" bev="0" fileid="5" />
                <SequencePoint vc="14" uspid="936" ordinal="0" offset="1" sl="95" sc="13" el="95" ec="13" bec="0" bev="0" fileid="5" />
                <SequencePoint vc="14" uspid="937" ordinal="0" offset="7" sl="96" sc="13" el="96" ec="13" bec="0" bev="0" fileid="5" />
                <SequencePoint vc="13" uspid="938" ordinal="0" offset="15" sl="97" sc="9" el="97" ec="9" bec="0" bev="0" fileid="5" />
              </SequencePoints>
              <BranchPoints />
            </Method>
            <Method visited="true" cyclomaticComplexity="0" nPathComplexity="0" sequenceCoverage="100.0" branchCoverage="0" crapScore="0" isConstructor="false" isStatic="false" isGetter="false" isSetter="false">
              <Summary numSequencePoints="13" visitedSequencePoints="13" numBranchPoints="0" visitedBranchPoints="0" sequenceCoverage="100.0" branchCoverage="0" maxCyclomaticComplexity="0" minCyclomaticComplexity="0" maxCrapScore="0" minCrapScore="0" visitedClasses="0" numClasses="0" visitedMethods="1" numMethods="1" />
              <MetadataToken>100663347</MetadataToken>
              <Name>System.Void Chroma.Core.Infrastructure.StateMachines.StateMachine::EvaluateTransitions(System.Collections.Generic.HashSet[Int32])</Name>
              <FileRef uid="5" />
              <SequencePoints>
                <SequencePoint vc="29" uspid="939" ordinal="0" offset="0" sl="100" sc="9" el="100" ec="9" bec="0" bev="0" fileid="5" />
                <SequencePoint vc="29" uspid="940" ordinal="0" offset="1" sl="101" sc="13" el="101" ec="13" bec="0" bev="0" fileid="5" />
                <SequencePoint vc="29" uspid="941" ordinal="0" offset="19" sl="102" sc="13" el="102" ec="13" bec="0" bev="0" fileid="5" />
                <SequencePoint vc="16" uspid="942" ordinal="0" offset="27" sl="103" sc="13" el="103" ec="13" bec="0" bev="0" fileid="5" />
                <SequencePoint vc="16" uspid="943" ordinal="0" offset="28" sl="104" sc="17" el="104" ec="17" bec="0" bev="0" fileid="5" />
                <SequencePoint vc="16" uspid="944" ordinal="0" offset="40" sl="105" sc="17" el="105" ec="17" bec="0" bev="0" fileid="5" />
                <SequencePoint vc="1" uspid="945" ordinal="0" offset="51" sl="106" sc="17" el="106" ec="17" bec="0" bev="0" fileid="5" />
                <SequencePoint vc="1" uspid="946" ordinal="0" offset="52" sl="107" sc="21" el="107" ec="21" bec="0" bev="0" fileid="5" />
                <SequencePoint vc="15" uspid="947" ordinal="0" offset="84" sl="111" sc="17" el="111" ec="17" bec="0" bev="0" fileid="5" />
                <SequencePoint vc="15" uspid="948" ordinal="0" offset="97" sl="112" sc="17" el="112" ec="17" bec="0" bev="0" fileid="5" />
                <SequencePoint vc="15" uspid="949" ordinal="0" offset="105" sl="114" sc="17" el="114" ec="17" bec="0" bev="0" fileid="5" />
                <SequencePoint vc="13" uspid="950" ordinal="0" offset="113" sl="115" sc="13" el="115" ec="13" bec="0" bev="0" fileid="5" />
                <SequencePoint vc="26" uspid="951" ordinal="0" offset="114" sl="116" sc="9" el="116" ec="9" bec="0" bev="0" fileid="5" />
              </SequencePoints>
              <BranchPoints />
            </Method>
            <Method visited="true" cyclomaticComplexity="0" nPathComplexity="0" sequenceCoverage="100.0" branchCoverage="0" crapScore="0" isConstructor="true" isStatic="false" isGetter="false" isSetter="false">
              <Summary numSequencePoints="6" visitedSequencePoints="6" numBranchPoints="0" visitedBranchPoints="0" sequenceCoverage="100.0" branchCoverage="0" maxCyclomaticComplexity="0" minCyclomaticComplexity="0" maxCrapScore="0" minCrapScore="0" visitedClasses="0" numClasses="0" visitedMethods="1" numMethods="1" />
              <MetadataToken>100663334</MetadataToken>
              <Name>Chroma.Core.Infrastructure.StateMachines.StateMachine::StateMachine(Chroma.Core.Infrastructure.StateMachines.State)</Name>
              <FileRef uid="5" />
              <SequencePoints>
                <SequencePoint vc="7" uspid="952" ordinal="0" offset="0" sl="8" sc="9" el="8" ec="9" bec="0" bev="0" fileid="5" />
                <SequencePoint vc="7" uspid="953" ordinal="0" offset="11" sl="9" sc="9" el="9" ec="9" bec="0" bev="0" fileid="5" />
                <SequencePoint vc="7" uspid="954" ordinal="0" offset="18" sl="13" sc="9" el="13" ec="9" bec="0" bev="0" fileid="5" />
                <SequencePoint vc="7" uspid="955" ordinal="0" offset="25" sl="14" sc="9" el="14" ec="9" bec="0" bev="0" fileid="5" />
                <SequencePoint vc="7" uspid="956" ordinal="0" offset="26" sl="15" sc="13" el="15" ec="13" bec="0" bev="0" fileid="5" />
                <SequencePoint vc="7" uspid="957" ordinal="0" offset="33" sl="16" sc="9" el="16" ec="9" bec="0" bev="0" fileid="5" />
              </SequencePoints>
              <BranchPoints />
            </Method>
          </Methods>
        </Class>
        <Class>
          <Summary numSequencePoints="35" visitedSequencePoints="35" numBranchPoints="0" visitedBranchPoints="0" sequenceCoverage="100.0" branchCoverage="0.0" maxCyclomaticComplexity="0" minCyclomaticComplexity="0" maxCrapScore="0" minCrapScore="0" visitedClasses="1" numClasses="1" visitedMethods="4" numMethods="4" />
          <FullName>Chroma.Core.Infrastructure.StateMachines.StateTransition</FullName>
          <Methods>
            <Method visited="true" cyclomaticComplexity="0" nPathComplexity="0" sequenceCoverage="100.0" branchCoverage="0" crapScore="0" isConstructor="false" isStatic="false" isGetter="true" isSetter="false">
              <Summary numSequencePoints="1" visitedSequencePoints="1" numBranchPoints="0" visitedBranchPoints="0" sequenceCoverage="100.0" branchCoverage="0" maxCyclomaticComplexity="0" minCyclomaticComplexity="0" maxCrapScore="0" minCrapScore="0" visitedClasses="0" numClasses="0" visitedMethods="1" numMethods="1" />
              <MetadataToken>100663348</MetadataToken>
              <Name>Chroma.Core.Infrastructure.StateMachines.State Chroma.Core.Infrastructure.StateMachines.StateTransition::get_To()</Name>
              <FileRef uid="6" />
              <SequencePoints>
                <SequencePoint vc="70" uspid="958" ordinal="0" offset="0" sl="8" sc="27" el="8" ec="27" bec="0" bev="0" fileid="6" />
              </SequencePoints>
              <BranchPoints />
            </Method>
            <Method visited="true" cyclomaticComplexity="0" nPathComplexity="0" sequenceCoverage="100.0" branchCoverage="0" crapScore="0" isConstructor="false" isStatic="false" isGetter="false" isSetter="false">
              <Summary numSequencePoints="12" visitedSequencePoints="12" numBranchPoints="0" visitedBranchPoints="0" sequenceCoverage="100.0" branchCoverage="0" maxCyclomaticComplexity="0" minCyclomaticComplexity="0" maxCrapScore="0" minCrapScore="0" visitedClasses="0" numClasses="0" visitedMethods="1" numMethods="1" />
              <MetadataToken>100663350</MetadataToken>
              <Name>System.Boolean Chroma.Core.Infrastructure.StateMachines.StateTransition::AreTransitionConditionsMet(Chroma.Core.Infrastructure.StateMachines.Blackboard)</Name>
              <FileRef uid="6" />
              <SequencePoints>
                <SequencePoint vc="63" uspid="959" ordinal="0" offset="0" sl="17" sc="9" el="17" ec="9" bec="0" bev="0" fileid="6" />
                <SequencePoint vc="63" uspid="960" ordinal="0" offset="1" sl="18" sc="13" el="18" ec="13" bec="0" bev="0" fileid="6" />
                <SequencePoint vc="63" uspid="961" ordinal="0" offset="2" sl="18" sc="54" el="18" ec="54" bec="0" bev="0" fileid="6" />
                <SequencePoint vc="67" uspid="962" ordinal="0" offset="16" sl="18" sc="21" el="18" ec="21" bec="0" bev="0" fileid="6" />
                <SequencePoint vc="67" uspid="963" ordinal="0" offset="24" sl="19" sc="13" el="19" ec="13" bec="0" bev="0" fileid="6" />
                <SequencePoint vc="67" uspid="964" ordinal="0" offset="25" sl="20" sc="17" el="20" ec="17" bec="0" bev="0" fileid="6" />
                <SequencePoint vc="36" uspid="965" ordinal="0" offset="40" sl="21" sc="17" el="21" ec="17" bec="0" bev="0" fileid="6" />
                <SequencePoint vc="36" uspid="966" ordinal="0" offset="41" sl="22" sc="21" el="22" ec="21" bec="0" bev="0" fileid="6" />
                <SequencePoint vc="31" uspid="967" ordinal="0" offset="45" sl="24" sc="13" el="24" ec="13" bec="0" bev="0" fileid="6" />
                <SequencePoint vc="94" uspid="968" ordinal="0" offset="46" sl="18" sc="51" el="18" ec="51" bec="0" bev="0" fileid="6" />
                <SequencePoint vc="27" uspid="969" ordinal="0" offset="72" sl="26" sc="13" el="26" ec="13" bec="0" bev="0" fileid="6" />
                <SequencePoint vc="63" uspid="970" ordinal="0" offset="76" sl="27" sc="9" el="27" ec="9" bec="0" bev="0" fileid="6" />
              </SequencePoints>
              <BranchPoints />
            </Method>
            <Method visited="true" cyclomaticComplexity="0" nPathComplexity="0" sequenceCoverage="100.0" branchCoverage="0" crapScore="0" isConstructor="false" isStatic="false" isGetter="false" isSetter="false">
              <Summary numSequencePoints="17" visitedSequencePoints="17" numBranchPoints="0" visitedBranchPoints="0" sequenceCoverage="100.0" branchCoverage="0" maxCyclomaticComplexity="0" minCyclomaticComplexity="0" maxCrapScore="0" minCrapScore="0" visitedClasses="0" numClasses="0" visitedMethods="1" numMethods="1" />
              <MetadataToken>100663351</MetadataToken>
              <Name>System.Boolean Chroma.Core.Infrastructure.StateMachines.StateTransition::IsConditionMet(Chroma.Core.Infrastructure.StateMachines.Blackboard, Chroma.Core.Infrastructure.StateMachines.TransitionCondition)</Name>
              <FileRef uid="6" />
              <SequencePoints>
                <SequencePoint vc="67" uspid="971" ordinal="0" offset="0" sl="30" sc="9" el="30" ec="9" bec="0" bev="0" fileid="6" />
                <SequencePoint vc="67" uspid="972" ordinal="0" offset="1" sl="31" sc="13" el="31" ec="13" bec="0" bev="0" fileid="6" />
                <SequencePoint vc="67" uspid="973" ordinal="0" offset="15" sl="34" sc="13" el="34" ec="13" bec="0" bev="0" fileid="6" />
                <SequencePoint vc="29" uspid="974" ordinal="0" offset="53" sl="37" sc="21" el="37" ec="21" bec="0" bev="0" fileid="6" />
                <SequencePoint vc="29" uspid="975" ordinal="0" offset="69" sl="38" sc="21" el="38" ec="21" bec="0" bev="0" fileid="6" />
                <SequencePoint vc="3" uspid="976" ordinal="0" offset="71" sl="40" sc="21" el="40" ec="21" bec="0" bev="0" fileid="6" />
                <SequencePoint vc="3" uspid="977" ordinal="0" offset="90" sl="41" sc="21" el="41" ec="21" bec="0" bev="0" fileid="6" />
                <SequencePoint vc="4" uspid="978" ordinal="0" offset="92" sl="43" sc="21" el="43" ec="21" bec="0" bev="0" fileid="6" />
                <SequencePoint vc="4" uspid="979" ordinal="0" offset="108" sl="44" sc="21" el="44" ec="21" bec="0" bev="0" fileid="6" />
                <SequencePoint vc="7" uspid="980" ordinal="0" offset="110" sl="46" sc="21" el="46" ec="21" bec="0" bev="0" fileid="6" />
                <SequencePoint vc="7" uspid="981" ordinal="0" offset="129" sl="47" sc="21" el="47" ec="21" bec="0" bev="0" fileid="6" />
                <SequencePoint vc="14" uspid="982" ordinal="0" offset="131" sl="49" sc="21" el="49" ec="21" bec="0" bev="0" fileid="6" />
                <SequencePoint vc="14" uspid="983" ordinal="0" offset="147" sl="50" sc="21" el="50" ec="21" bec="0" bev="0" fileid="6" />
                <SequencePoint vc="10" uspid="984" ordinal="0" offset="149" sl="52" sc="21" el="52" ec="21" bec="0" bev="0" fileid="6" />
                <SequencePoint vc="10" uspid="985" ordinal="0" offset="168" sl="53" sc="21" el="53" ec="21" bec="0" bev="0" fileid="6" />
                <SequencePoint vc="67" uspid="986" ordinal="0" offset="170" sl="56" sc="13" el="56" ec="13" bec="0" bev="0" fileid="6" />
                <SequencePoint vc="67" uspid="987" ordinal="0" offset="175" sl="57" sc="9" el="57" ec="9" bec="0" bev="0" fileid="6" />
              </SequencePoints>
              <BranchPoints />
            </Method>
            <Method visited="true" cyclomaticComplexity="0" nPathComplexity="0" sequenceCoverage="100.0" branchCoverage="0" crapScore="0" isConstructor="true" isStatic="false" isGetter="false" isSetter="false">
              <Summary numSequencePoints="5" visitedSequencePoints="5" numBranchPoints="0" visitedBranchPoints="0" sequenceCoverage="100.0" branchCoverage="0" maxCyclomaticComplexity="0" minCyclomaticComplexity="0" maxCrapScore="0" minCrapScore="0" visitedClasses="0" numClasses="0" visitedMethods="1" numMethods="1" />
              <MetadataToken>100663349</MetadataToken>
              <Name>Chroma.Core.Infrastructure.StateMachines.StateTransition::StateTransition(Chroma.Core.Infrastructure.StateMachines.State, System.Collections.Generic.List[TransitionCondition])</Name>
              <FileRef uid="6" />
              <SequencePoints>
                <SequencePoint vc="48" uspid="988" ordinal="0" offset="0" sl="10" sc="9" el="10" ec="9" bec="0" bev="0" fileid="6" />
                <SequencePoint vc="48" uspid="989" ordinal="0" offset="7" sl="11" sc="9" el="11" ec="9" bec="0" bev="0" fileid="6" />
                <SequencePoint vc="48" uspid="990" ordinal="0" offset="8" sl="12" sc="13" el="12" ec="13" bec="0" bev="0" fileid="6" />
                <SequencePoint vc="48" uspid="991" ordinal="0" offset="15" sl="13" sc="13" el="13" ec="13" bec="0" bev="0" fileid="6" />
                <SequencePoint vc="48" uspid="992" ordinal="0" offset="22" sl="14" sc="9" el="14" ec="9" bec="0" bev="0" fileid="6" />
              </SequencePoints>
              <BranchPoints />
            </Method>
          </Methods>
        </Class>
        <Class>
          <Summary numSequencePoints="24" visitedSequencePoints="24" numBranchPoints="0" visitedBranchPoints="0" sequenceCoverage="100.0" branchCoverage="0.0" maxCyclomaticComplexity="0" minCyclomaticComplexity="0" maxCrapScore="0" minCrapScore="0" visitedClasses="1" numClasses="1" visitedMethods="8" numMethods="8" />
          <FullName>Chroma.Core.Infrastructure.StateMachines.TransitionCondition</FullName>
          <Methods>
            <Method visited="true" cyclomaticComplexity="0" nPathComplexity="0" sequenceCoverage="100.0" branchCoverage="0" crapScore="0" isConstructor="false" isStatic="false" isGetter="true" isSetter="false">
              <Summary numSequencePoints="1" visitedSequencePoints="1" numBranchPoints="0" visitedBranchPoints="0" sequenceCoverage="100.0" branchCoverage="0" maxCyclomaticComplexity="0" minCyclomaticComplexity="0" maxCrapScore="0" minCrapScore="0" visitedClasses="0" numClasses="0" visitedMethods="1" numMethods="1" />
              <MetadataToken>100663352</MetadataToken>
              <Name>System.String Chroma.Core.Infrastructure.StateMachines.TransitionCondition::get_LeftOperandVarName()</Name>
              <FileRef uid="7" />
              <SequencePoints>
                <SequencePoint vc="72" uspid="993" ordinal="0" offset="0" sl="7" sc="44" el="7" ec="44" bec="0" bev="0" fileid="7" />
              </SequencePoints>
              <BranchPoints />
            </Method>
            <Method visited="true" cyclomaticComplexity="0" nPathComplexity="0" sequenceCoverage="100.0" branchCoverage="0" crapScore="0" isConstructor="false" isStatic="false" isGetter="true" isSetter="false">
[...]
          <FullName>Chroma.Tests.Unit.Core.Infrastructure.StateMachines.BlackboardTests/&lt;&gt;c__DisplayClass15_0</FullName>
          <Methods>
            <Method visited="true" cyclomaticComplexity="0" nPathComplexity="0" sequenceCoverage="100.0" branchCoverage="0" crapScore="0" isConstructor="false" isStatic="false" isGetter="false" isSetter="false">
              <Summary numSequencePoints="1" visitedSequencePoints="1" numBranchPoints="0" visitedBranchPoints="0" sequenceCoverage="100.0" branchCoverage="0" maxCyclomaticComplexity="0" minCyclomaticComplexity="0" maxCrapScore="0" minCrapScore="0" visitedClasses="0" numClasses="0" visitedMethods="1" numMethods="1" />
              <MetadataToken>100663369</MetadataToken>
              <Name>System.Void Chroma.Tests.Unit.Core.Infrastructure.StateMachines.BlackboardTests/&lt;&gt;c__DisplayClass15_0::&lt;UpdateBool_ThrowsIfVariableTypeIsIncorrect&gt;b__0()</Name>
              <FileRef uid="8" />
              <SequencePoints>
                <SequencePoint vc="1" uspid="1522" ordinal="0" offset="0" sl="232" sc="88" el="232" ec="88" bec="0" bev="0" fileid="8" />
              </SequencePoints>
              <BranchPoints />
            </Method>
          </Methods>
        </Class>
        <Class>
          <Summary numSequencePoints="1" visitedSequencePoints="1" numBranchPoints="0" visitedBranchPoints="0" sequenceCoverage="100.0" branchCoverage="0.0" maxCyclomaticComplexity="0" minCyclomaticComplexity="0" maxCrapScore="0" minCrapScore="0" visitedClasses="1" numClasses="1" visitedMethods="1" numMethods="1" />
          <FullName>Chroma.Tests.Unit.Core.Infrastructure.StateMachines.BlackboardTests/&lt;&gt;c__DisplayClass17_0</FullName>
          <Methods>
            <Method visited="true" cyclomaticComplexity="0" nPathComplexity="0" sequenceCoverage="100.0" branchCoverage="0" crapScore="0" isConstructor="false" isStatic="false" isGetter="false" isSetter="false">
              <Summary numSequencePoints="1" visitedSequencePoints="1" numBranchPoints="0" visitedBranchPoints="0" sequenceCoverage="100.0" branchCoverage="0" maxCyclomaticComplexity="0" minCyclomaticComplexity="0" maxCrapScore="0" minCrapScore="0" visitedClasses="0" numClasses="0" visitedMethods="1" numMethods="1" />
              <MetadataToken>100663371</MetadataToken>
              <Name>System.Void Chroma.Tests.Unit.Core.Infrastructure.StateMachines.BlackboardTests/&lt;&gt;c__DisplayClass17_0::&lt;UpdateFloat_ThrowsIfTheVariableDoesNotExist&gt;b__0()</Name>
              <FileRef uid="8" />
              <SequencePoints>
                <SequencePoint vc="1" uspid="1523" ordinal="0" offset="0" sl="260" sc="88" el="260" ec="88" bec="0" bev="0" fileid="8" />
              </SequencePoints>
              <BranchPoints />
            </Method>
          </Methods>
        </Class>
        <Class>
          <Summary numSequencePoints="1" visitedSequencePoints="1" numBranchPoints="0" visitedBranchPoints="0" sequenceCoverage="100.0" branchCoverage="0.0" maxCyclomaticComplexity="0" minCyclomaticComplexity="0" maxCrapScore="0" minCrapScore="0" visitedClasses="1" numClasses="1" visitedMethods="1" numMethods="1" />
          <FullName>Chroma.Tests.Unit.Core.Infrastructure.StateMachines.BlackboardTests/&lt;&gt;c__DisplayClass18_0</FullName>
          <Methods>
            <Method visited="true" cyclomaticComplexity="0" nPathComplexity="0" sequenceCoverage="100.0" branchCoverage="0" crapScore="0" isConstructor="false" isStatic="false" isGetter="false" isSetter="false">
              <Summary numSequencePoints="1" visitedSequencePoints="1" numBranchPoints="0" visitedBranchPoints="0" sequenceCoverage="100.0" branchCoverage="0" maxCyclomaticComplexity="0" minCyclomaticComplexity="0" maxCrapScore="0" minCrapScore="0" visitedClasses="0" numClasses="0" visitedMethods="1" numMethods="1" />
              <MetadataToken>100663373</MetadataToken>
              <Name>System.Void Chroma.Tests.Unit.Core.Infrastructure.StateMachines.BlackboardTests/&lt;&gt;c__DisplayClass18_0::&lt;UpdateFloat_ThrowsIfVariableTypeIsIncorrect&gt;b__0()</Name>
              <FileRef uid="8" />
              <SequencePoints>
                <SequencePoint vc="1" uspid="1524" ordinal="0" offset="0" sl="273" sc="88" el="273" ec="88" bec="0" bev="0" fileid="8" />
              </SequencePoints>
              <BranchPoints />
            </Method>
          </Methods>
        </Class>
        <Class>
          <Summary numSequencePoints="1" visitedSequencePoints="1" numBranchPoints="0" visitedBranchPoints="0" sequenceCoverage="100.0" branchCoverage="0.0" maxCyclomaticComplexity="0" minCyclomaticComplexity="0" maxCrapScore="0" minCrapScore="0" visitedClasses="1" numClasses="1" visitedMethods="1" numMethods="1" />
          <FullName>Chroma.Tests.Unit.Core.Infrastructure.StateMachines.BlackboardTests/&lt;&gt;c__DisplayClass1_0</FullName>
          <Methods>
            <Method visited="true" cyclomaticComplexity="0" nPathComplexity="0" sequenceCoverage="100.0" branchCoverage="0" crapScore="0" isConstructor="false" isStatic="false" isGetter="false" isSetter="false">
              <Summary numSequencePoints="1" visitedSequencePoints="1" numBranchPoints="0" visitedBranchPoints="0" sequenceCoverage="100.0" branchCoverage="0" maxCyclomaticComplexity="0" minCyclomaticComplexity="0" maxCrapScore="0" minCrapScore="0" visitedClasses="0" numClasses="0" visitedMethods="1" numMethods="1" />
              <MetadataToken>100663375</MetadataToken>
              <Name>System.Void Chroma.Tests.Unit.Core.Infrastructure.StateMachines.BlackboardTests/&lt;&gt;c__DisplayClass1_0::&lt;GetVariable_ThrowsIfVariableDoesNotExist&gt;b__0()</Name>
              <FileRef uid="8" />
              <SequencePoints>
                <SequencePoint vc="1" uspid="1525" ordinal="0" offset="0" sl="31" sc="88" el="31" ec="88" bec="0" bev="0" fileid="8" />
              </SequencePoints>
              <BranchPoints />
            </Method>
          </Methods>
        </Class>
        <Class>
          <Summary numSequencePoints="1" visitedSequencePoints="1" numBranchPoints="0" visitedBranchPoints="0" sequenceCoverage="100.0" branchCoverage="0.0" maxCyclomaticComplexity="0" minCyclomaticComplexity="0" maxCrapScore="0" minCrapScore="0" visitedClasses="1" numClasses="1" visitedMethods="1" numMethods="1" />
          <FullName>Chroma.Tests.Unit.Core.Infrastructure.StateMachines.BlackboardTests/&lt;&gt;c__DisplayClass20_0</FullName>
          <Methods>
            <Method visited="true" cyclomaticComplexity="0" nPathComplexity="0" sequenceCoverage="100.0" branchCoverage="0" crapScore="0" isConstructor="false" isStatic="false" isGetter="false" isSetter="false">
              <Summary numSequencePoints="1" visitedSequencePoints="1" numBranchPoints="0" visitedBranchPoints="0" sequenceCoverage="100.0" branchCoverage="0" maxCyclomaticComplexity="0" minCyclomaticComplexity="0" maxCrapScore="0" minCrapScore="0" visitedClasses="0" numClasses="0" visitedMethods="1" numMethods="1" />
              <MetadataToken>100663377</MetadataToken>
              <Name>System.Void Chroma.Tests.Unit.Core.Infrastructure.StateMachines.BlackboardTests/&lt;&gt;c__DisplayClass20_0::&lt;UpdateInt_ThrowsIfTheVariableDoesNotExist&gt;b__0()</Name>
              <FileRef uid="8" />
              <SequencePoints>
                <SequencePoint vc="1" uspid="1526" ordinal="0" offset="0" sl="301" sc="88" el="301" ec="88" bec="0" bev="0" fileid="8" />
              </SequencePoints>
              <BranchPoints />
            </Method>
          </Methods>
        </Class>
        <Class>
          <Summary numSequencePoints="1" visitedSequencePoints="1" numBranchPoints="0" visitedBranchPoints="0" sequenceCoverage="100.0" branchCoverage="0.0" maxCyclomaticComplexity="0" minCyclomaticComplexity="0" maxCrapScore="0" minCrapScore="0" visitedClasses="1" numClasses="1" visitedMethods="1" numMethods="1" />
          <FullName>Chroma.Tests.Unit.Core.Infrastructure.StateMachines.BlackboardTests/&lt;&gt;c__DisplayClass21_0</FullName>
          <Methods>
            <Method visited="true" cyclomaticComplexity="0" nPathComplexity="0" sequenceCoverage="100.0" branchCoverage="0" crapScore="0" isConstructor="false" isStatic="false" isGetter="false" isSetter="false">
              <Summary numSequencePoints="1" visitedSequencePoints="1" numBranchPoints="0" visitedBranchPoints="0" sequenceCoverage="100.0" branchCoverage="0" maxCyclomaticComplexity="0" minCyclomaticComplexity="0" maxCrapScore="0" minCrapScore="0" visitedClasses="0" numClasses="0" visitedMethods="1" numMethods="1" />
              <MetadataToken>100663379</MetadataToken>
              <Name>System.Void Chroma.Tests.Unit.Core.Infrastructure.StateMachines.BlackboardTests/&lt;&gt;c__DisplayClass21_0::&lt;UpdateInt_ThrowsIfVariableTypeIsIncorrect&gt;b__0()</Name>
              <FileRef uid="8" />
              <SequencePoints>
                <SequencePoint vc="1" uspid="1527" ordinal="0" offset="0" sl="314" sc="88" el="314" ec="88" bec="0" bev="0" fileid="8" />
              </SequencePoints>
              <BranchPoints />
            </Method>
          </Methods>
        </Class>
        <Class>
          <Summary numSequencePoints="1" visitedSequencePoints="1" numBranchPoints="0" visitedBranchPoints="0" sequenceCoverage="100.0" branchCoverage="0.0" maxCyclomaticComplexity="0" minCyclomaticComplexity="0" maxCrapScore="0" minCrapScore="0" visitedClasses="1" numClasses="1" visitedMethods="1" numMethods="1" />
          <FullName>Chroma.Tests.Unit.Core.Infrastructure.StateMachines.BlackboardTests/&lt;&gt;c__DisplayClass23_0</FullName>
          <Methods>
            <Method visited="true" cyclomaticComplexity="0" nPathComplexity="0" sequenceCoverage="100.0" branchCoverage="0" crapScore="0" isConstructor="false" isStatic="false" isGetter="false" isSetter="false">
              <Summary numSequencePoints="1" visitedSequencePoints="1" numBranchPoints="0" visitedBranchPoints="0" sequenceCoverage="100.0" branchCoverage="0" maxCyclomaticComplexity="0" minCyclomaticComplexity="0" maxCrapScore="0" minCrapScore="0" visitedClasses="0" numClasses="0" visitedMethods="1" numMethods="1" />
              <MetadataToken>100663381</MetadataToken>
              <Name>System.Void Chroma.Tests.Unit.Core.Infrastructure.StateMachines.BlackboardTests/&lt;&gt;c__DisplayClass23_0::&lt;ActivateTrigger_ThrowsIfTheVariableDoesNotExist&gt;b__0()</Name>
              <FileRef uid="8" />
              <SequencePoints>
                <SequencePoint vc="1" uspid="1528" ordinal="0" offset="0" sl="341" sc="88" el="341" ec="88" bec="0" bev="0" fileid="8" />
              </SequencePoints>
              <BranchPoints />
            </Method>
          </Methods>
        </Class>
        <Class>
          <Summary numSequencePoints="1" visitedSequencePoints="1" numBranchPoints="0" visitedBranchPoints="0" sequenceCoverage="100.0" branchCoverage="0.0" maxCyclomaticComplexity="0" minCyclomaticComplexity="0" maxCrapScore="0" minCrapScore="0" visitedClasses="1" numClasses="1" visitedMethods="1" numMethods="1" />
          <FullName>Chroma.Tests.Unit.Core.Infrastructure.StateMachines.BlackboardTests/&lt;&gt;c__DisplayClass24_0</FullName>
          <Methods>
            <Method visited="true" cyclomaticComplexity="0" nPathComplexity="0" sequenceCoverage="100.0" branchCoverage="0" crapScore="0" isConstructor="false" isStatic="false" isGetter="false" isSetter="false">
              <Summary numSequencePoints="1" visitedSequencePoints="1" numBranchPoints="0" visitedBranchPoints="0" sequenceCoverage="100.0" branchCoverage="0" maxCyclomaticComplexity="0" minCyclomaticComplexity="0" maxCrapScore="0" minCrapScore="0" visitedClasses="0" numClasses="0" visitedMethods="1" numMethods="1" />
              <MetadataToken>100663383</MetadataToken>
              <Name>System.Void Chroma.Tests.Unit.Core.Infrastructure.StateMachines.BlackboardTests/&lt;&gt;c__DisplayClass24_0::&lt;ActivateTrigger_ThrowsIfVariableTypeIsIncorrect&gt;b__0()</Name>
              <FileRef uid="8" />
              <SequencePoints>
                <SequencePoint vc="1" uspid="1529" ordinal="0" offset="0" sl="354" sc="88" el="354" ec="88" bec="0" bev="0" fileid="8" />
              </SequencePoints>
              <BranchPoints />
            </Method>
          </Methods>
        </Class>
        <Class>
          <Summary numSequencePoints="1" visitedSequencePoints="1" numBranchPoints="0" visitedBranchPoints="0" sequenceCoverage="100.0" branchCoverage="0.0" maxCyclomaticComplexity="0" minCyclomaticComplexity="0" maxCrapScore="0" minCrapScore="0" visitedClasses="1" numClasses="1" visitedMethods="1" numMethods="1" />
          <FullName>Chroma.Tests.Unit.Core.Infrastructure.StateMachines.BlackboardTests/&lt;&gt;c__DisplayClass4_0</FullName>
          <Methods>
            <Method visited="true" cyclomaticComplexity="0" nPathComplexity="0" sequenceCoverage="100.0" branchCoverage="0" crapScore="0" isConstructor="false" isStatic="false" isGetter="false" isSetter="false">
              <Summary numSequencePoints="1" visitedSequencePoints="1" numBranchPoints="0" visitedBranchPoints="0" sequenceCoverage="100.0" branchCoverage="0" maxCyclomaticComplexity="0" minCyclomaticComplexity="0" maxCrapScore="0" minCrapScore="0" visitedClasses="0" numClasses="0" visitedMethods="1" numMethods="1" />
              <MetadataToken>100663385</MetadataToken>
              <Name>System.Void Chroma.Tests.Unit.Core.Infrastructure.StateMachines.BlackboardTests/&lt;&gt;c__DisplayClass4_0::&lt;RegisterBool_ThrowsIfTheVariableAlreadyExists&gt;b__0()</Name>
              <FileRef uid="8" />
              <SequencePoints>
                <SequencePoint vc="1" uspid="1530" ordinal="0" offset="0" sl="75" sc="88" el="75" ec="88" bec="0" bev="0" fileid="8" />
              </SequencePoints>
              <BranchPoints />
            </Method>
          </Methods>
        </Class>
        <Class>
          <Summary numSequencePoints="1" visitedSequencePoints="1" numBranchPoints="0" visitedBranchPoints="0" sequenceCoverage="100.0" branchCoverage="0.0" maxCyclomaticComplexity="0" minCyclomaticComplexity="0" maxCrapScore="0" minCrapScore="0" visitedClasses="1" numClasses="1" visitedMethods="1" numMethods="1" />
          <FullName>Chroma.Tests.Unit.Core.Infrastructure.StateMachines.BlackboardTests/&lt;&gt;c__DisplayClass7_0</FullName>
          <Methods>
            <Method visited="true" cyclomaticComplexity="0" nPathComplexity="0" sequenceCoverage="100.0" branchCoverage="0" crapScore="0" isConstructor="false" isStatic="false" isGetter="false" isSetter="false">
              <Summary numSequencePoints="1" visitedSequencePoints="1" numBranchPoints="0" visitedBranchPoints="0" sequenceCoverage="100.0" branchCoverage="0" maxCyclomaticComplexity="0" minCyclomaticComplexity="0" maxCrapScore="0" minCrapScore="0" visitedClasses="0" numClasses="0" visitedMethods="1" numMethods="1" />
              <MetadataToken>100663387</MetadataToken>
              <Name>System.Void Chroma.Tests.Unit.Core.Infrastructure.StateMachines.BlackboardTests/&lt;&gt;c__DisplayClass7_0::&lt;RegisterFloat_ThrowsIfTheVariableAlreadyExists&gt;b__0()</Name>
              <FileRef uid="8" />
              <SequencePoints>
                <SequencePoint vc="1" uspid="1531" ordinal="0" offset="0" sl="119" sc="88" el="119" ec="88" bec="0" bev="0" fileid="8" />
              </SequencePoints>
              <BranchPoints />
            </Method>
          </Methods>
        </Class>
        <Class>
          <Summary numSequencePoints="1" visitedSequencePoints="1" numBranchPoints="0" visitedBranchPoints="0" sequenceCoverage="100.0" branchCoverage="0.0" maxCyclomaticComplexity="0" minCyclomaticComplexity="0" maxCrapScore="0" minCrapScore="0" visitedClasses="1" numClasses="1" visitedMethods="1" numMethods="1" />
          <FullName>Chroma.Tests.Unit.Core.Infrastructure.StateMachines.StateTests/&lt;&gt;c__DisplayClass3_0</FullName>
          <Methods>
            <Method visited="true" cyclomaticComplexity="0" nPathComplexity="0" sequenceCoverage="100.0" branchCoverage="0" crapScore="0" isConstructor="false" isStatic="false" isGetter="false" isSetter="false">
              <Summary numSequencePoints="1" visitedSequencePoints="1" numBranchPoints="0" visitedBranchPoints="0" sequenceCoverage="100.0" branchCoverage="0" maxCyclomaticComplexity="0" minCyclomaticComplexity="0" maxCrapScore="0" minCrapScore="0" visitedClasses="0" numClasses="0" visitedMethods="1" numMethods="1" />
              <MetadataToken>100663389</MetadataToken>
              <Name>System.Void Chroma.Tests.Unit.Core.Infrastructure.StateMachines.StateTests/&lt;&gt;c__DisplayClass3_0::&lt;AddTransition_ThrowsIfTheTransitionPointsToItself&gt;b__0()</Name>
              <FileRef uid="10" />
              <SequencePoints>
                <SequencePoint vc="1" uspid="1532" ordinal="0" offset="0" sl="50" sc="82" el="50" ec="82" bec="0" bev="0" fileid="10" />
              </SequencePoints>
              <BranchPoints />
            </Method>
          </Methods>
        </Class>
        <Class>
          <Summary numSequencePoints="2" visitedSequencePoints="2" numBranchPoints="0" visitedBranchPoints="0" sequenceCoverage="100.0" branchCoverage="0.0" maxCyclomaticComplexity="0" minCyclomaticComplexity="0" maxCrapScore="0" minCrapScore="0" visitedClasses="1" numClasses="1" visitedMethods="2" numMethods="2" />
          <FullName>Chroma.Tests.Unit.Core.Infrastructure.StateMachines.TransitionConditionTests/&lt;&gt;c</FullName>
          <Methods>
            <Method visited="true" cyclomaticComplexity="0" nPathComplexity="0" sequenceCoverage="100.0" branchCoverage="0" crapScore="0" isConstructor="false" isStatic="false" isGetter="false" isSetter="false">
              <Summary numSequencePoints="1" visitedSequencePoints="1" numBranchPoints="0" visitedBranchPoints="0" sequenceCoverage="100.0" branchCoverage="0" maxCyclomaticComplexity="0" minCyclomaticComplexity="0" maxCrapScore="0" minCrapScore="0" visitedClasses="0" numClasses="0" visitedMethods="1" numMethods="1" />
              <MetadataToken>100663392</MetadataToken>
              <Name>System.Void Chroma.Tests.Unit.Core.Infrastructure.StateMachines.TransitionConditionTests/&lt;&gt;c::&lt;CreateBoolCondition_ThrowsIfOperatorIsNotValid&gt;b__2_0()</Name>
              <FileRef uid="12" />
              <SequencePoints>
                <SequencePoint vc="1" uspid="1533" ordinal="0" offset="0" sl="43" sc="52" el="43" ec="52" bec="0" bev="0" fileid="12" />
              </SequencePoints>
              <BranchPoints />
            </Method>
            <Method visited="true" cyclomaticComplexity="0" nPathComplexity="0" sequenceCoverage="100.0" branchCoverage="0" crapScore="0" isConstructor="false" isStatic="false" isGetter="false" isSetter="false">
              <Summary numSequencePoints="1" visitedSequencePoints="1" numBranchPoints="0" visitedBranchPoints="0" sequenceCoverage="100.0" branchCoverage="0" maxCyclomaticComplexity="0" minCyclomaticComplexity="0" maxCrapScore="0" minCrapScore="0" visitedClasses="0" numClasses="0" visitedMethods="1" numMethods="1" />
              <MetadataToken>100663393</MetadataToken>
              <Name>System.Void Chroma.Tests.Unit.Core.Infrastructure.StateMachines.TransitionConditionTests/&lt;&gt;c::&lt;CreateBoolCondition_ThrowsIfOperatorIsNotValid&gt;b__2_1()</Name>
              <FileRef uid="12" />
              <SequencePoints>
                <SequencePoint vc="1" uspid="1534" ordinal="0" offset="0" sl="44" sc="52" el="44" ec="52" bec="0" bev="0" fileid="12" />
              </SequencePoints>
              <BranchPoints />
            </Method>
          </Methods>
        </Class>
      </Classes>
    </Module>
  </Modules>
</CoverageSession>